{"timestamp":"2025-08-21 12:06:20","context":"api","level":"debug","message":"Using address type: shipping"}
{"timestamp":"2025-08-21 12:06:20","context":"api","level":"debug","message":"Street: Nikole Francuskog, Number: 54, City ID: 802158"}
{"timestamp":"2025-08-21 12:06:20","context":"api","level":"debug","message":"Payment method: cod, Is COD: Yes"}
{"timestamp":"2025-08-21 12:06:20","context":"api","level":"debug","message":"[BANK DEBUG] Original: 170-0010364556000-77, Digits: 170001036455600077, Length: 18"}
{"timestamp":"2025-08-21 12:06:20","context":"api","level":"debug","message":"[BANK DEBUG] Formatted (16-18): 170-0010364556000-77"}
{"timestamp":"2025-08-21 12:06:20","context":"api","level":"debug","message":"[COD DEBUG] Formatiran račun: 170-0010364556000-77"}
{"timestamp":"2025-08-21 12:06:20","context":"api","level":"debug","message":"[BANK DEBUG] Original: 170-0010364556000-77, Digits: 170001036455600077, Length: 18"}
{"timestamp":"2025-08-21 12:06:20","context":"api","level":"debug","message":"[BANK DEBUG] Formatted (16-18): 170-0010364556000-77"}
{"timestamp":"2025-08-21 12:06:20","context":"api","level":"debug","message":"[WEIGHT DEBUG] Item 654: custom=kg, product=nonekg, quantity=1, total=0.1kg"}
{"timestamp":"2025-08-21 12:06:20","context":"api","level":"debug","message":"[WEIGHT DEBUG] Finalna težina: 0.1kg = 100g"}
{"timestamp":"2025-08-21 12:06:20","context":"api","level":"debug","message":"[WEIGHT DEBUG] Težina iz calculate_order_weight: 100 grama"}
{"timestamp":"2025-08-21 12:06:20","context":"api","level":"debug","message":"[WEIGHT DEBUG] Težina nakon formatiranja za API: 100 grama"}
{"timestamp":"2025-08-21 12:06:20","context":"api","level":"debug","message":"Final BuyOut amount: 51800"}
{"timestamp":"2025-08-21 12:06:20","context":"api","level":"debug","message":"Final BuyOutAccount: 170-0010364556000-77"}
{"timestamp":"2025-08-21 12:06:20","context":"api","level":"debug","message":"Final RAddressNum: 54"}
{"timestamp":"2025-08-21 12:06:20","context":"api","level":"debug","message":"Final RTownID: 802158"}
{"timestamp":"2025-08-21 12:06:20","context":"api","level":"debug","message":"Final RCPhone: 381603995503"}
{"timestamp":"2025-08-21 12:11:01","context":"api","level":"debug","message":"Using address type: shipping"}
{"timestamp":"2025-08-21 12:11:01","context":"api","level":"debug","message":"Street: Nikole Francuskog, Number: 54, City ID: 802158"}
{"timestamp":"2025-08-21 12:11:01","context":"api","level":"debug","message":"Payment method: cod, Is COD: Yes"}
{"timestamp":"2025-08-21 12:11:01","context":"api","level":"debug","message":"[BANK DEBUG] Original: 170-0010364556000-77, Digits: 170001036455600077, Length: 18"}
{"timestamp":"2025-08-21 12:11:01","context":"api","level":"debug","message":"[BANK DEBUG] Formatted (16-18): 170-0010364556000-77"}
{"timestamp":"2025-08-21 12:11:01","context":"api","level":"debug","message":"[COD DEBUG] Formatiran račun: 170-0010364556000-77"}
{"timestamp":"2025-08-21 12:11:01","context":"api","level":"debug","message":"[BANK DEBUG] Original: 170-0010364556000-77, Digits: 170001036455600077, Length: 18"}
{"timestamp":"2025-08-21 12:11:01","context":"api","level":"debug","message":"[BANK DEBUG] Formatted (16-18): 170-0010364556000-77"}
{"timestamp":"2025-08-21 12:11:01","context":"api","level":"debug","message":"[WEIGHT DEBUG] Item 656: custom=kg, product=nonekg, quantity=1, total=0.1kg"}
{"timestamp":"2025-08-21 12:11:01","context":"api","level":"debug","message":"[WEIGHT DEBUG] Finalna težina: 0.1kg = 100g"}
{"timestamp":"2025-08-21 12:11:01","context":"api","level":"debug","message":"[WEIGHT DEBUG] Težina iz calculate_order_weight: 100 grama"}
{"timestamp":"2025-08-21 12:11:01","context":"api","level":"debug","message":"[WEIGHT DEBUG] Težina nakon formatiranja za API: 100 grama"}
{"timestamp":"2025-08-21 12:11:01","context":"api","level":"debug","message":"Final BuyOut amount: 51800"}
{"timestamp":"2025-08-21 12:11:01","context":"api","level":"debug","message":"Final BuyOutAccount: 170-0010364556000-77"}
{"timestamp":"2025-08-21 12:11:01","context":"api","level":"debug","message":"Final RAddressNum: 54"}
{"timestamp":"2025-08-21 12:11:01","context":"api","level":"debug","message":"Final RTownID: 802158"}
{"timestamp":"2025-08-21 12:11:01","context":"api","level":"debug","message":"Final RCPhone: 381603995503"}
{"timestamp":"2025-08-21 12:11:54","context":"api","level":"debug","message":"Using address type: shipping"}
{"timestamp":"2025-08-21 12:11:54","context":"api","level":"debug","message":"Street: Nikole Francuskog, Number: 54, City ID: 802158"}
{"timestamp":"2025-08-21 12:11:54","context":"api","level":"debug","message":"Payment method: cod, Is COD: Yes"}
{"timestamp":"2025-08-21 12:11:54","context":"api","level":"debug","message":"[BANK DEBUG] Original: 170-0010364556000-77, Digits: 170001036455600077, Length: 18"}
{"timestamp":"2025-08-21 12:11:54","context":"api","level":"debug","message":"[BANK DEBUG] Formatted (16-18): 170-0010364556000-77"}
{"timestamp":"2025-08-21 12:11:54","context":"api","level":"debug","message":"[COD DEBUG] Formatiran račun: 170-0010364556000-77"}
{"timestamp":"2025-08-21 12:11:54","context":"api","level":"debug","message":"[BANK DEBUG] Original: 170-0010364556000-77, Digits: 170001036455600077, Length: 18"}
{"timestamp":"2025-08-21 12:11:54","context":"api","level":"debug","message":"[BANK DEBUG] Formatted (16-18): 170-0010364556000-77"}
{"timestamp":"2025-08-21 12:11:54","context":"api","level":"debug","message":"[WEIGHT DEBUG] Item 650: custom=kg, product=5kg, quantity=1, total=5kg"}
{"timestamp":"2025-08-21 12:11:54","context":"api","level":"debug","message":"[WEIGHT DEBUG] Item 651: custom=kg, product=11.5kg, quantity=1, total=11.5kg"}
{"timestamp":"2025-08-21 12:11:54","context":"api","level":"debug","message":"[WEIGHT DEBUG] Item 652: custom=kg, product=nonekg, quantity=3, total=0.3kg"}
{"timestamp":"2025-08-21 12:11:54","context":"api","level":"debug","message":"[WEIGHT DEBUG] Finalna težina: 16.8kg = 16800g"}
{"timestamp":"2025-08-21 12:11:54","context":"api","level":"debug","message":"[WEIGHT DEBUG] Težina iz calculate_order_weight: 16800 grama"}
{"timestamp":"2025-08-21 12:11:54","context":"api","level":"debug","message":"[WEIGHT DEBUG] Težina nakon formatiranja za API: 16800 grama"}
{"timestamp":"2025-08-21 12:11:54","context":"api","level":"debug","message":"Final BuyOut amount: 105300"}
{"timestamp":"2025-08-21 12:11:54","context":"api","level":"debug","message":"Final BuyOutAccount: 170-0010364556000-77"}
{"timestamp":"2025-08-21 12:11:54","context":"api","level":"debug","message":"Final RAddressNum: 54"}
{"timestamp":"2025-08-21 12:11:54","context":"api","level":"debug","message":"Final RTownID: 802158"}
{"timestamp":"2025-08-21 12:11:54","context":"api","level":"debug","message":"Final RCPhone: 381603995503"}
{"timestamp":"2025-08-21 12:11:54","context":"api","level":"debug","message":"Using address type: shipping"}
{"timestamp":"2025-08-21 12:11:54","context":"api","level":"debug","message":"Street: Nikole Francuskog, Number: 54, City ID: 802158"}
{"timestamp":"2025-08-21 12:11:54","context":"api","level":"debug","message":"Payment method: cod, Is COD: Yes"}
{"timestamp":"2025-08-21 12:11:54","context":"api","level":"debug","message":"[BANK DEBUG] Original: 170-0010364556000-77, Digits: 170001036455600077, Length: 18"}
{"timestamp":"2025-08-21 12:11:54","context":"api","level":"debug","message":"[BANK DEBUG] Formatted (16-18): 170-0010364556000-77"}
{"timestamp":"2025-08-21 12:11:54","context":"api","level":"debug","message":"[COD DEBUG] Formatiran račun: 170-0010364556000-77"}
{"timestamp":"2025-08-21 12:11:54","context":"api","level":"debug","message":"[BANK DEBUG] Original: 170-0010364556000-77, Digits: 170001036455600077, Length: 18"}
{"timestamp":"2025-08-21 12:11:54","context":"api","level":"debug","message":"[BANK DEBUG] Formatted (16-18): 170-0010364556000-77"}
{"timestamp":"2025-08-21 12:11:54","context":"api","level":"debug","message":"[WEIGHT DEBUG] Item 650: custom=kg, product=5kg, quantity=1, total=5kg"}
{"timestamp":"2025-08-21 12:11:54","context":"api","level":"debug","message":"[WEIGHT DEBUG] Item 651: custom=kg, product=11.5kg, quantity=1, total=11.5kg"}
{"timestamp":"2025-08-21 12:11:54","context":"api","level":"debug","message":"[WEIGHT DEBUG] Item 652: custom=kg, product=nonekg, quantity=3, total=0.3kg"}
{"timestamp":"2025-08-21 12:11:54","context":"api","level":"debug","message":"[WEIGHT DEBUG] Finalna težina: 16.8kg = 16800g"}
{"timestamp":"2025-08-21 12:11:54","context":"api","level":"debug","message":"[WEIGHT DEBUG] Težina iz calculate_order_weight: 16800 grama"}
{"timestamp":"2025-08-21 12:11:54","context":"api","level":"debug","message":"[WEIGHT DEBUG] Težina nakon formatiranja za API: 16800 grama"}
{"timestamp":"2025-08-21 12:11:54","context":"api","level":"debug","message":"Final BuyOut amount: 105300"}
{"timestamp":"2025-08-21 12:11:54","context":"api","level":"debug","message":"Final BuyOutAccount: 170-0010364556000-77"}
{"timestamp":"2025-08-21 12:11:54","context":"api","level":"debug","message":"Final RAddressNum: 54"}
{"timestamp":"2025-08-21 12:11:54","context":"api","level":"debug","message":"Final RTownID: 802158"}
{"timestamp":"2025-08-21 12:11:54","context":"api","level":"debug","message":"Final RCPhone: 381603995503"}
{"timestamp":"2025-08-21 12:16:18","context":"api","level":"debug","message":"Using address type: shipping"}
{"timestamp":"2025-08-21 12:16:18","context":"api","level":"debug","message":"Street: Nikole Francuskog, Number: 54, City ID: 802158"}
{"timestamp":"2025-08-21 12:16:18","context":"api","level":"debug","message":"Payment method: cod, Is COD: Yes"}
{"timestamp":"2025-08-21 12:16:18","context":"api","level":"debug","message":"[BANK DEBUG] Original: 170-0010364556000-77, Digits: 170001036455600077, Length: 18"}
{"timestamp":"2025-08-21 12:16:18","context":"api","level":"debug","message":"[BANK DEBUG] Formatted (16-18): 170-0010364556000-77"}
{"timestamp":"2025-08-21 12:16:18","context":"api","level":"debug","message":"[COD DEBUG] Formatiran račun: 170-0010364556000-77"}
{"timestamp":"2025-08-21 12:16:18","context":"api","level":"debug","message":"[BANK DEBUG] Original: 170-0010364556000-77, Digits: 170001036455600077, Length: 18"}
{"timestamp":"2025-08-21 12:16:18","context":"api","level":"debug","message":"[BANK DEBUG] Formatted (16-18): 170-0010364556000-77"}
{"timestamp":"2025-08-21 12:16:18","context":"api","level":"debug","message":"[WEIGHT DEBUG] Item 647: custom=kg, product=5kg, quantity=1, total=5kg"}
{"timestamp":"2025-08-21 12:16:18","context":"api","level":"debug","message":"[WEIGHT DEBUG] Item 648: custom=kg, product=nonekg, quantity=1, total=0.1kg"}
{"timestamp":"2025-08-21 12:16:18","context":"api","level":"debug","message":"[WEIGHT DEBUG] Finalna težina: 5.1kg = 5100g"}
{"timestamp":"2025-08-21 12:16:18","context":"api","level":"debug","message":"[WEIGHT DEBUG] Težina iz calculate_order_weight: 5100 grama"}
{"timestamp":"2025-08-21 12:16:18","context":"api","level":"debug","message":"[WEIGHT DEBUG] Težina nakon formatiranja za API: 5100 grama"}
{"timestamp":"2025-08-21 12:16:18","context":"api","level":"debug","message":"Final BuyOut amount: 53300"}
{"timestamp":"2025-08-21 12:16:18","context":"api","level":"debug","message":"Final BuyOutAccount: 170-0010364556000-77"}
{"timestamp":"2025-08-21 12:16:18","context":"api","level":"debug","message":"Final RAddressNum: 54"}
{"timestamp":"2025-08-21 12:16:18","context":"api","level":"debug","message":"Final RTownID: 802158"}
{"timestamp":"2025-08-21 12:16:18","context":"api","level":"debug","message":"Final RCPhone: 381603995503"}
{"timestamp":"2025-08-21 12:16:19","context":"api","level":"debug","message":"Using address type: shipping"}
{"timestamp":"2025-08-21 12:16:19","context":"api","level":"debug","message":"Street: Nikole Francuskog, Number: 54, City ID: 802158"}
{"timestamp":"2025-08-21 12:16:19","context":"api","level":"debug","message":"Payment method: cod, Is COD: Yes"}
{"timestamp":"2025-08-21 12:16:19","context":"api","level":"debug","message":"[BANK DEBUG] Original: 170-0010364556000-77, Digits: 170001036455600077, Length: 18"}
{"timestamp":"2025-08-21 12:16:19","context":"api","level":"debug","message":"[BANK DEBUG] Formatted (16-18): 170-0010364556000-77"}
{"timestamp":"2025-08-21 12:16:19","context":"api","level":"debug","message":"[COD DEBUG] Formatiran račun: 170-0010364556000-77"}
{"timestamp":"2025-08-21 12:16:19","context":"api","level":"debug","message":"[BANK DEBUG] Original: 170-0010364556000-77, Digits: 170001036455600077, Length: 18"}
{"timestamp":"2025-08-21 12:16:19","context":"api","level":"debug","message":"[BANK DEBUG] Formatted (16-18): 170-0010364556000-77"}
{"timestamp":"2025-08-21 12:16:19","context":"api","level":"debug","message":"[WEIGHT DEBUG] Item 647: custom=kg, product=5kg, quantity=1, total=5kg"}
{"timestamp":"2025-08-21 12:16:19","context":"api","level":"debug","message":"[WEIGHT DEBUG] Item 648: custom=kg, product=nonekg, quantity=1, total=0.1kg"}
{"timestamp":"2025-08-21 12:16:19","context":"api","level":"debug","message":"[WEIGHT DEBUG] Finalna težina: 5.1kg = 5100g"}
{"timestamp":"2025-08-21 12:16:19","context":"api","level":"debug","message":"[WEIGHT DEBUG] Težina iz calculate_order_weight: 5100 grama"}
{"timestamp":"2025-08-21 12:16:19","context":"api","level":"debug","message":"[WEIGHT DEBUG] Težina nakon formatiranja za API: 5100 grama"}
{"timestamp":"2025-08-21 12:16:19","context":"api","level":"debug","message":"Final BuyOut amount: 53300"}
{"timestamp":"2025-08-21 12:16:19","context":"api","level":"debug","message":"Final BuyOutAccount: 170-0010364556000-77"}
{"timestamp":"2025-08-21 12:16:19","context":"api","level":"debug","message":"Final RAddressNum: 54"}
{"timestamp":"2025-08-21 12:16:19","context":"api","level":"debug","message":"Final RTownID: 802158"}
{"timestamp":"2025-08-21 12:16:19","context":"api","level":"debug","message":"Final RCPhone: 381603995503"}
{"timestamp":"2025-08-21 12:17:15","context":"api","level":"debug","message":"Using address type: shipping"}
{"timestamp":"2025-08-21 12:17:15","context":"api","level":"debug","message":"Street: Nikole Francuskog, Number: 54, City ID: 802158"}
{"timestamp":"2025-08-21 12:17:15","context":"api","level":"debug","message":"Payment method: cod, Is COD: Yes"}
{"timestamp":"2025-08-21 12:17:15","context":"api","level":"debug","message":"[BANK DEBUG] Original: 170-0010364556000-77, Digits: 170001036455600077, Length: 18"}
{"timestamp":"2025-08-21 12:17:15","context":"api","level":"debug","message":"[BANK DEBUG] Formatted (16-18): 170-0010364556000-77"}
{"timestamp":"2025-08-21 12:17:15","context":"api","level":"debug","message":"[COD DEBUG] Formatiran račun: 170-0010364556000-77"}
{"timestamp":"2025-08-21 12:17:15","context":"api","level":"debug","message":"[BANK DEBUG] Original: 170-0010364556000-77, Digits: 170001036455600077, Length: 18"}
{"timestamp":"2025-08-21 12:17:15","context":"api","level":"debug","message":"[BANK DEBUG] Formatted (16-18): 170-0010364556000-77"}
{"timestamp":"2025-08-21 12:17:15","context":"api","level":"debug","message":"[WEIGHT DEBUG] Item 643: custom=kg, product=2kg, quantity=1, total=2kg"}
{"timestamp":"2025-08-21 12:17:15","context":"api","level":"debug","message":"[WEIGHT DEBUG] Item 644: custom=kg, product=5kg, quantity=1, total=5kg"}
{"timestamp":"2025-08-21 12:17:15","context":"api","level":"debug","message":"[WEIGHT DEBUG] Item 645: custom=kg, product=nonekg, quantity=1, total=0.1kg"}
{"timestamp":"2025-08-21 12:17:15","context":"api","level":"debug","message":"[WEIGHT DEBUG] Finalna težina: 7.1kg = 7100g"}
{"timestamp":"2025-08-21 12:17:15","context":"api","level":"debug","message":"[WEIGHT DEBUG] Težina iz calculate_order_weight: 7100 grama"}
{"timestamp":"2025-08-21 12:17:15","context":"api","level":"debug","message":"[WEIGHT DEBUG] Težina nakon formatiranja za API: 7100 grama"}
{"timestamp":"2025-08-21 12:17:15","context":"api","level":"debug","message":"Final BuyOut amount: 58800"}
{"timestamp":"2025-08-21 12:17:15","context":"api","level":"debug","message":"Final BuyOutAccount: 170-0010364556000-77"}
{"timestamp":"2025-08-21 12:17:15","context":"api","level":"debug","message":"Final RAddressNum: 54"}
{"timestamp":"2025-08-21 12:17:15","context":"api","level":"debug","message":"Final RTownID: 802158"}
{"timestamp":"2025-08-21 12:17:15","context":"api","level":"debug","message":"Final RCPhone: 381603995503"}
{"timestamp":"2025-08-21 12:17:46","context":"api","level":"debug","message":"Using address type: shipping"}
{"timestamp":"2025-08-21 12:17:46","context":"api","level":"debug","message":"Street: Nikole Francuskog, Number: 54, City ID: 802158"}
{"timestamp":"2025-08-21 12:17:46","context":"api","level":"debug","message":"Payment method: cod, Is COD: Yes"}
{"timestamp":"2025-08-21 12:17:46","context":"api","level":"debug","message":"[BANK DEBUG] Original: 170-0010364556000-77, Digits: 170001036455600077, Length: 18"}
{"timestamp":"2025-08-21 12:17:46","context":"api","level":"debug","message":"[BANK DEBUG] Formatted (16-18): 170-0010364556000-77"}
{"timestamp":"2025-08-21 12:17:46","context":"api","level":"debug","message":"[COD DEBUG] Formatiran račun: 170-0010364556000-77"}
{"timestamp":"2025-08-21 12:17:46","context":"api","level":"debug","message":"[BANK DEBUG] Original: 170-0010364556000-77, Digits: 170001036455600077, Length: 18"}
{"timestamp":"2025-08-21 12:17:46","context":"api","level":"debug","message":"[BANK DEBUG] Formatted (16-18): 170-0010364556000-77"}
{"timestamp":"2025-08-21 12:17:46","context":"api","level":"debug","message":"[WEIGHT DEBUG] Item 640: custom=kg, product=5kg, quantity=1, total=5kg"}
{"timestamp":"2025-08-21 12:17:46","context":"api","level":"debug","message":"[WEIGHT DEBUG] Item 641: custom=kg, product=2kg, quantity=1, total=2kg"}
{"timestamp":"2025-08-21 12:17:46","context":"api","level":"debug","message":"[WEIGHT DEBUG] Finalna težina: 7kg = 7000g"}
{"timestamp":"2025-08-21 12:17:46","context":"api","level":"debug","message":"[WEIGHT DEBUG] Težina iz calculate_order_weight: 7000 grama"}
{"timestamp":"2025-08-21 12:17:46","context":"api","level":"debug","message":"[WEIGHT DEBUG] Težina nakon formatiranja za API: 7000 grama"}
{"timestamp":"2025-08-21 12:17:46","context":"api","level":"debug","message":"Final BuyOut amount: 57000"}
{"timestamp":"2025-08-21 12:17:46","context":"api","level":"debug","message":"Final BuyOutAccount: 170-0010364556000-77"}
{"timestamp":"2025-08-21 12:17:46","context":"api","level":"debug","message":"Final RAddressNum: 54"}
{"timestamp":"2025-08-21 12:17:46","context":"api","level":"debug","message":"Final RTownID: 802158"}
{"timestamp":"2025-08-21 12:17:46","context":"api","level":"debug","message":"Final RCPhone: 381603995503"}
{"timestamp":"2025-08-21 12:20:14","context":"api","level":"debug","message":"Using address type: shipping"}
{"timestamp":"2025-08-21 12:20:14","context":"api","level":"debug","message":"Street: Nikole Francuskog, Number: 54, City ID: 802158"}
{"timestamp":"2025-08-21 12:20:14","context":"api","level":"debug","message":"Payment method: cod, Is COD: Yes"}
{"timestamp":"2025-08-21 12:20:14","context":"api","level":"debug","message":"[BANK DEBUG] Original: 170-0010364556000-77, Digits: 170001036455600077, Length: 18"}
{"timestamp":"2025-08-21 12:20:14","context":"api","level":"debug","message":"[BANK DEBUG] Formatted (16-18): 170-0010364556000-77"}
{"timestamp":"2025-08-21 12:20:14","context":"api","level":"debug","message":"[COD DEBUG] Formatiran račun: 170-0010364556000-77"}
{"timestamp":"2025-08-21 12:20:14","context":"api","level":"debug","message":"[BANK DEBUG] Original: 170-0010364556000-77, Digits: 170001036455600077, Length: 18"}
{"timestamp":"2025-08-21 12:20:14","context":"api","level":"debug","message":"[BANK DEBUG] Formatted (16-18): 170-0010364556000-77"}
{"timestamp":"2025-08-21 12:20:15","context":"api","level":"debug","message":"[WEIGHT DEBUG] Item 637: custom=kg, product=2kg, quantity=1, total=2kg"}
{"timestamp":"2025-08-21 12:20:15","context":"api","level":"debug","message":"[WEIGHT DEBUG] Item 638: custom=kg, product=5kg, quantity=1, total=5kg"}
{"timestamp":"2025-08-21 12:20:15","context":"api","level":"debug","message":"[WEIGHT DEBUG] Finalna težina: 7kg = 7000g"}
{"timestamp":"2025-08-21 12:20:15","context":"api","level":"debug","message":"[WEIGHT DEBUG] Težina iz calculate_order_weight: 7000 grama"}
{"timestamp":"2025-08-21 12:20:15","context":"api","level":"debug","message":"[WEIGHT DEBUG] Težina nakon formatiranja za API: 7000 grama"}
{"timestamp":"2025-08-21 12:20:15","context":"api","level":"debug","message":"Final BuyOut amount: 57000"}
{"timestamp":"2025-08-21 12:20:15","context":"api","level":"debug","message":"Final BuyOutAccount: 170-0010364556000-77"}
{"timestamp":"2025-08-21 12:20:15","context":"api","level":"debug","message":"Final RAddressNum: 54"}
{"timestamp":"2025-08-21 12:20:15","context":"api","level":"debug","message":"Final RTownID: 802158"}
{"timestamp":"2025-08-21 12:20:15","context":"api","level":"debug","message":"Final RCPhone: 381603995503"}
{"timestamp":"2025-08-21 12:20:44","context":"api","level":"debug","message":"Using address type: shipping"}
{"timestamp":"2025-08-21 12:20:44","context":"api","level":"debug","message":"Street: Nikole Francuskog, Number: 54, City ID: 802158"}
{"timestamp":"2025-08-21 12:20:44","context":"api","level":"debug","message":"Payment method: cod, Is COD: Yes"}
{"timestamp":"2025-08-21 12:20:44","context":"api","level":"debug","message":"[BANK DEBUG] Original: 170-0010364556000-77, Digits: 170001036455600077, Length: 18"}
{"timestamp":"2025-08-21 12:20:44","context":"api","level":"debug","message":"[BANK DEBUG] Formatted (16-18): 170-0010364556000-77"}
{"timestamp":"2025-08-21 12:20:44","context":"api","level":"debug","message":"[COD DEBUG] Formatiran račun: 170-0010364556000-77"}
{"timestamp":"2025-08-21 12:20:44","context":"api","level":"debug","message":"[BANK DEBUG] Original: 170-0010364556000-77, Digits: 170001036455600077, Length: 18"}
{"timestamp":"2025-08-21 12:20:44","context":"api","level":"debug","message":"[BANK DEBUG] Formatted (16-18): 170-0010364556000-77"}
{"timestamp":"2025-08-21 12:20:44","context":"api","level":"debug","message":"[WEIGHT DEBUG] Item 634: custom=kg, product=5kg, quantity=1, total=5kg"}
{"timestamp":"2025-08-21 12:20:44","context":"api","level":"debug","message":"[WEIGHT DEBUG] Item 635: custom=kg, product=2kg, quantity=1, total=2kg"}
{"timestamp":"2025-08-21 12:20:44","context":"api","level":"debug","message":"[WEIGHT DEBUG] Finalna težina: 7kg = 7000g"}
{"timestamp":"2025-08-21 12:20:44","context":"api","level":"debug","message":"[WEIGHT DEBUG] Težina iz calculate_order_weight: 7000 grama"}
{"timestamp":"2025-08-21 12:20:44","context":"api","level":"debug","message":"[WEIGHT DEBUG] Težina nakon formatiranja za API: 7000 grama"}
{"timestamp":"2025-08-21 12:20:44","context":"api","level":"debug","message":"Final BuyOut amount: 57000"}
{"timestamp":"2025-08-21 12:20:44","context":"api","level":"debug","message":"Final BuyOutAccount: 170-0010364556000-77"}
{"timestamp":"2025-08-21 12:20:44","context":"api","level":"debug","message":"Final RAddressNum: 54"}
{"timestamp":"2025-08-21 12:20:44","context":"api","level":"debug","message":"Final RTownID: 802158"}
{"timestamp":"2025-08-21 12:20:44","context":"api","level":"debug","message":"Final RCPhone: 381603995503"}
{"timestamp":"2025-08-21 12:20:45","context":"api","level":"debug","message":"Using address type: shipping"}
{"timestamp":"2025-08-21 12:20:45","context":"api","level":"debug","message":"Street: Nikole Francuskog, Number: 54, City ID: 802158"}
{"timestamp":"2025-08-21 12:20:45","context":"api","level":"debug","message":"Payment method: cod, Is COD: Yes"}
{"timestamp":"2025-08-21 12:20:45","context":"api","level":"debug","message":"[BANK DEBUG] Original: 170-0010364556000-77, Digits: 170001036455600077, Length: 18"}
{"timestamp":"2025-08-21 12:20:45","context":"api","level":"debug","message":"[BANK DEBUG] Formatted (16-18): 170-0010364556000-77"}
{"timestamp":"2025-08-21 12:20:45","context":"api","level":"debug","message":"[COD DEBUG] Formatiran račun: 170-0010364556000-77"}
{"timestamp":"2025-08-21 12:20:45","context":"api","level":"debug","message":"[BANK DEBUG] Original: 170-0010364556000-77, Digits: 170001036455600077, Length: 18"}
{"timestamp":"2025-08-21 12:20:45","context":"api","level":"debug","message":"[BANK DEBUG] Formatted (16-18): 170-0010364556000-77"}
{"timestamp":"2025-08-21 12:20:45","context":"api","level":"debug","message":"[WEIGHT DEBUG] Item 634: custom=kg, product=5kg, quantity=1, total=5kg"}
{"timestamp":"2025-08-21 12:20:45","context":"api","level":"debug","message":"[WEIGHT DEBUG] Item 635: custom=kg, product=2kg, quantity=1, total=2kg"}
{"timestamp":"2025-08-21 12:20:45","context":"api","level":"debug","message":"[WEIGHT DEBUG] Finalna težina: 7kg = 7000g"}
{"timestamp":"2025-08-21 12:20:45","context":"api","level":"debug","message":"[WEIGHT DEBUG] Težina iz calculate_order_weight: 7000 grama"}
{"timestamp":"2025-08-21 12:20:45","context":"api","level":"debug","message":"[WEIGHT DEBUG] Težina nakon formatiranja za API: 7000 grama"}
{"timestamp":"2025-08-21 12:20:45","context":"api","level":"debug","message":"Final BuyOut amount: 57000"}
{"timestamp":"2025-08-21 12:20:45","context":"api","level":"debug","message":"Final BuyOutAccount: 170-0010364556000-77"}
{"timestamp":"2025-08-21 12:20:45","context":"api","level":"debug","message":"Final RAddressNum: 54"}
{"timestamp":"2025-08-21 12:20:45","context":"api","level":"debug","message":"Final RTownID: 802158"}
{"timestamp":"2025-08-21 12:20:45","context":"api","level":"debug","message":"Final RCPhone: 381603995503"}
