[2025-03-19 15:05:33] API Zahtev: https://usersupport.dexpress.rs/ExternalApi/data/checkaddress
[2025-03-19 15:05:33] Kreiranje pošiljke. Podaci: Array
(
    [CClientID] => UK16967
    [CName] => s7Code DOO
    [CAddress] => Bulevar Cara Lazara
    [CAddressNum] => 106
    [CTownID] => 802158
    [CCName] => Ilija Velemirov
    [CCPhone] => 381603995503
    [PuClientID] => UK16967
    [PuName] => s7Code DOO
    [PuAddress] => Bulevar Cara Lazara
    [PuAddressNum] => 106
    [PuTownID] => 802158
    [PuCName] => Ilija Velemirov
    [PuCPhone] => 381603995503
    [RName] => Ilija Velemirov
    [RAddress] => Nikole Francuskog
    [RAddressNum] => 45
    [RAddressDesc] => 
    [RTownID] => 802140
    [RCName] => Ilija Velemirov
    [RCPhone] => 38160000000
    [Note] => 
    [DlTypeID] => 1
    [PaymentBy] => 1
    [PaymentType] => 2
    [Value] => 53600
    [Content] => Dokumenta
    [Mass] => 100
    [ReferenceID] => ORDER-739-1742396733
    [ReturnDoc] => 0
    [BuyOut] => 53600
    [BuyOutFor] => 0
    [BuyOutAccount] => 170-0010364556000-77
    [SelfDropOff] => 0
    [PackageList] => Array
        (
            [0] => Array
                (
                    [Code] => TT0000000038
                    [Mass] => 100
                )

        )

)

[2025-03-19 15:05:33] Kreiranje pošiljke. Podaci(TEST): Array
(
    [CClientID] => UK16967
    [CName] => s7Code DOO
    [CAddress] => Bulevar Cara Lazara
    [CAddressNum] => 106
    [CTownID] => 802158
    [CCName] => Ilija Velemirov
    [CCPhone] => 381603995503
    [PuClientID] => UK16967
    [PuName] => s7Code DOO
    [PuAddress] => Bulevar Cara Lazara
    [PuAddressNum] => 106
    [PuTownID] => 802158
    [PuCName] => Ilija Velemirov
    [PuCPhone] => 381603995503
    [RName] => Ilija Velemirov
    [RAddress] => Nikole Francuskog
    [RAddressNum] => 45
    [RAddressDesc] => 
    [RTownID] => 802140
    [RCName] => Ilija Velemirov
    [RCPhone] => 38160000000
    [Note] => 
    [DlTypeID] => 1
    [PaymentBy] => 1
    [PaymentType] => 2
    [Value] => 53600
    [Content] => Dokumenta
    [Mass] => 100
    [ReferenceID] => ORDER-739-1742396733
    [ReturnDoc] => 0
    [BuyOut] => 53600
    [BuyOutFor] => 0
    [BuyOutAccount] => 170-0010364556000-77
    [SelfDropOff] => 0
    [PackageList] => Array
        (
            [0] => Array
                (
                    [Code] => TT0000000038
                    [Mass] => 100
                )

        )

)

[2025-03-19 15:05:33] API Zahtev: https://usersupport.dexpress.rs/ExternalApi/data/addshipment
[2025-03-19 15:05:33] API Odgovor: TEST
