{"timestamp":"2025-06-30 08:29:27","context":"api","level":"debug","message":"Using address type: shipping"}
{"timestamp":"2025-06-30 08:29:27","context":"api","level":"debug","message":"Street: Nikole Francuskog, Number: 23, City ID: 802158"}
{"timestamp":"2025-06-30 08:29:27","context":"api","level":"debug","message":"Payment method: cod, Is COD: Yes"}
{"timestamp":"2025-06-30 08:29:27","context":"api","level":"debug","message":"[WEIGHT DEBUG] Početak izračunavanja težine za narudžbinu #865"}
{"timestamp":"2025-06-30 08:29:27","context":"api","level":"debug","message":"[WEIGHT DEBUG] Ukupna težina u kg pre konverzije: 0"}
{"timestamp":"2025-06-30 08:29:27","context":"api","level":"debug","message":"[WEIGHT DEBUG] Konačna težina u gramima: 100"}
{"timestamp":"2025-06-30 08:29:27","context":"api","level":"debug","message":"[WEIGHT DEBUG] Težina iz calculate_order_weight: 100 grama"}
{"timestamp":"2025-06-30 08:29:27","context":"api","level":"debug","message":"[WEIGHT DEBUG] Težina nakon formatiranja za API: 100 grama"}
{"timestamp":"2025-06-30 08:29:27","context":"api","level":"debug","message":"[WEIGHT DEBUG] Početak izračunavanja težine za narudžbinu #865"}
{"timestamp":"2025-06-30 08:29:27","context":"api","level":"debug","message":"[WEIGHT DEBUG] Ukupna težina u kg pre konverzije: 0"}
{"timestamp":"2025-06-30 08:29:27","context":"api","level":"debug","message":"[WEIGHT DEBUG] Konačna težina u gramima: 100"}
{"timestamp":"2025-06-30 08:29:27","context":"api","level":"debug","message":"Final BuyOut amount: 0"}
{"timestamp":"2025-06-30 08:29:27","context":"api","level":"debug","message":"Final BuyOutAccount: "}
{"timestamp":"2025-06-30 08:29:27","context":"api","level":"debug","message":"Final RAddressNum: 23"}
{"timestamp":"2025-06-30 08:29:27","context":"api","level":"debug","message":"Final RTownID: 802158"}
{"timestamp":"2025-06-30 08:29:27","context":"api","level":"debug","message":"Final RCPhone: 381603995503"}
{"timestamp":"2025-06-30 08:36:05","context":"api","level":"debug","message":"Using address type: shipping"}
{"timestamp":"2025-06-30 08:36:05","context":"api","level":"debug","message":"Street: Grčkog prijateljstva, Number: 23, City ID: 805041"}
{"timestamp":"2025-06-30 08:36:05","context":"api","level":"debug","message":"Payment method: cod, Is COD: Yes"}
{"timestamp":"2025-06-30 08:36:05","context":"api","level":"debug","message":"[WEIGHT DEBUG] Početak izračunavanja težine za narudžbinu #866"}
{"timestamp":"2025-06-30 08:36:05","context":"api","level":"debug","message":"[WEIGHT DEBUG] Ukupna težina u kg pre konverzije: 0"}
{"timestamp":"2025-06-30 08:36:05","context":"api","level":"debug","message":"[WEIGHT DEBUG] Konačna težina u gramima: 100"}
{"timestamp":"2025-06-30 08:36:05","context":"api","level":"debug","message":"[WEIGHT DEBUG] Težina iz calculate_order_weight: 100 grama"}
{"timestamp":"2025-06-30 08:36:05","context":"api","level":"debug","message":"[WEIGHT DEBUG] Težina nakon formatiranja za API: 100 grama"}
{"timestamp":"2025-06-30 08:36:05","context":"api","level":"debug","message":"[WEIGHT DEBUG] Početak izračunavanja težine za narudžbinu #866"}
{"timestamp":"2025-06-30 08:36:05","context":"api","level":"debug","message":"[WEIGHT DEBUG] Ukupna težina u kg pre konverzije: 0"}
{"timestamp":"2025-06-30 08:36:05","context":"api","level":"debug","message":"[WEIGHT DEBUG] Konačna težina u gramima: 100"}
{"timestamp":"2025-06-30 08:36:05","context":"api","level":"debug","message":"Final BuyOut amount: 0"}
{"timestamp":"2025-06-30 08:36:05","context":"api","level":"debug","message":"Final BuyOutAccount: "}
{"timestamp":"2025-06-30 08:36:05","context":"api","level":"debug","message":"Final RAddressNum: 23"}
{"timestamp":"2025-06-30 08:36:05","context":"api","level":"debug","message":"Final RTownID: 805041"}
{"timestamp":"2025-06-30 08:36:05","context":"api","level":"debug","message":"Final RCPhone: 381603995503"}
