[2025-03-20 10:55:39] API Zahtev: https://usersupport.dexpress.rs/ExternalApi/data/shops
[2025-03-20 10:55:40] API Zahtev: https://usersupport.dexpress.rs/ExternalApi/data/locations
[2025-03-20 10:55:41] API Zahtev: https://usersupport.dexpress.rs/ExternalApi/data/municipalities?date=20000101000000
[2025-03-20 10:55:41] API Zahtev: https://usersupport.dexpress.rs/ExternalApi/data/towns?date=20000101000000
[2025-03-20 10:55:52] Updating streets...
[2025-03-20 10:55:52] API Zahtev: https://usersupport.dexpress.rs/ExternalApi/data/streets?date=20000101000000
[2025-03-20 10:55:54] Got 39324 streets, starting update...
[2025-03-20 10:55:54] First street data: Array
(
    [Id] => 1
    [Name] => Aberdareva
    [TId] => 791075
    [Del] => 
)

[2025-03-20 10:55:54] Streets update progress: 1000/39324
[2025-03-20 10:55:54] Streets update progress: 2000/39324
[2025-03-20 10:55:54] Streets update progress: 3000/39324
[2025-03-20 10:55:54] Streets update progress: 4000/39324
[2025-03-20 10:55:54] Streets update progress: 5000/39324
[2025-03-20 10:55:54] Streets update progress: 6000/39324
[2025-03-20 10:55:54] Streets update progress: 7000/39324
[2025-03-20 10:55:54] Streets update progress: 8000/39324
[2025-03-20 10:55:54] Streets update progress: 9000/39324
[2025-03-20 10:55:54] Streets update progress: 10000/39324
[2025-03-20 10:55:54] Streets update progress: 11000/39324
[2025-03-20 10:55:54] Streets update progress: 12000/39324
[2025-03-20 10:55:54] Streets update progress: 13000/39324
[2025-03-20 10:55:55] Streets update progress: 14000/39324
[2025-03-20 10:55:55] Streets update progress: 15000/39324
[2025-03-20 10:55:55] Streets update progress: 16000/39324
[2025-03-20 10:55:55] Streets update progress: 17000/39324
[2025-03-20 10:55:55] Streets update progress: 18000/39324
[2025-03-20 10:55:55] Streets update progress: 19000/39324
[2025-03-20 10:55:55] Streets update progress: 20000/39324
[2025-03-20 10:55:55] Streets update progress: 21000/39324
[2025-03-20 10:55:55] Streets update progress: 22000/39324
[2025-03-20 10:55:55] Streets update progress: 23000/39324
[2025-03-20 10:55:55] Streets update progress: 24000/39324
[2025-03-20 10:55:55] Streets update progress: 25000/39324
[2025-03-20 10:55:55] Streets update progress: 26000/39324
[2025-03-20 10:55:55] Streets update progress: 27000/39324
[2025-03-20 10:55:55] Streets update progress: 28000/39324
[2025-03-20 10:55:55] Streets update progress: 29000/39324
[2025-03-20 10:55:55] Streets update progress: 30000/39324
[2025-03-20 10:55:55] Streets update progress: 31000/39324
[2025-03-20 10:55:55] Streets update progress: 32000/39324
[2025-03-20 10:55:55] Streets update progress: 33000/39324
[2025-03-20 10:55:55] Streets update progress: 34000/39324
[2025-03-20 10:55:55] Streets update progress: 35000/39324
[2025-03-20 10:55:55] Streets update progress: 36000/39324
[2025-03-20 10:55:55] Streets update progress: 37000/39324
[2025-03-20 10:55:55] Streets update progress: 38000/39324
[2025-03-20 10:55:55] Streets update progress: 39000/39324
[2025-03-20 10:55:55] Streets update progress: 39324/39324
[2025-03-20 10:55:55] API Zahtev: https://usersupport.dexpress.rs/ExternalApi/data/statuses
[2025-03-20 10:55:55] API Zahtev: https://usersupport.dexpress.rs/ExternalApi/data/dispensers
[2025-03-20 10:55:56] API Zahtev: https://usersupport.dexpress.rs/ExternalApi/data/centres
[2025-03-20 10:55:56] Index update completed successfully
[2025-03-20 11:16:13] API Zahtev: https://usersupport.dexpress.rs/ExternalApi/data/checkaddress
[2025-03-20 11:16:14] Kreiranje pošiljke. Podaci: Array
(
    [CClientID] => UK16967
    [CName] => s7Code DOO
    [CAddress] => Bulevar Cara Lazara
    [CAddressNum] => 106
    [CTownID] => 802158
    [CCName] => Ilija Velemirov
    [CCPhone] => 381603995503
    [PuClientID] => UK16967
    [PuName] => s7Code DOO
    [PuAddress] => Bulevar Cara Lazara
    [PuAddressNum] => 106
    [PuTownID] => 802158
    [PuCName] => Ilija Velemirov
    [PuCPhone] => 381603995503
    [RName] => Ilija Velemirov
    [RAddress] => Cara Dušana
    [RAddressNum] => 45
    [RAddressDesc] => 123
    [RTownID] => 701408
    [RCName] => Ilija Velemirov
    [RCPhone] => 381603995503
    [Note] => 
    [DlTypeID] => 1
    [PaymentBy] => 1
    [PaymentType] => 2
    [Value] => 51800
    [Content] => Dokumenta
    [Mass] => 100
    [ReferenceID] => ORDER-742-1742469374
    [ReturnDoc] => 0
    [BuyOut] => 51800
    [BuyOutFor] => 0
    [BuyOutAccount] => 170-0010364556000-77
    [SelfDropOff] => 0
    [PackageList] => Array
        (
            [0] => Array
                (
                    [Code] => TT0000000041
                    [Mass] => 100
                )

        )

)

[2025-03-20 11:16:14] API Zahtev: https://usersupport.dexpress.rs/ExternalApi/data/addshipment
[2025-03-20 11:19:32] API Zahtev: https://usersupport.dexpress.rs/ExternalApi/data/checkaddress
[2025-03-20 11:19:32] Kreiranje pošiljke. Podaci: Array
(
    [CClientID] => UK16967
    [CName] => s7Code DOO
    [CAddress] => Bulevar Cara Lazara
    [CAddressNum] => 106
    [CTownID] => 802158
    [CCName] => Ilija Velemirov
    [CCPhone] => 381603995503
    [PuClientID] => UK16967
    [PuName] => s7Code DOO
    [PuAddress] => Bulevar Cara Lazara
    [PuAddressNum] => 106
    [PuTownID] => 802158
    [PuCName] => Ilija Velemirov
    [PuCPhone] => 381603995503
    [RName] => Ilija Velemirov
    [RAddress] => Cara Dušana
    [RAddressNum] => 45
    [RAddressDesc] => 123
    [RTownID] => 701408
    [RCName] => Ilija Velemirov
    [RCPhone] => 38160000000
    [Note] => 
    [DlTypeID] => 1
    [PaymentBy] => 1
    [PaymentType] => 2
    [Value] => 51800
    [Content] => Dokumenta
    [Mass] => 100
    [ReferenceID] => ORDER-743-1742469572
    [ReturnDoc] => 0
    [BuyOut] => 51800
    [BuyOutFor] => 0
    [BuyOutAccount] => 170-0010364556000-77
    [SelfDropOff] => 0
    [PackageList] => Array
        (
            [0] => Array
                (
                    [Code] => TT0000000042
                    [Mass] => 100
                )

        )

)

[2025-03-20 11:19:32] API Zahtev: https://usersupport.dexpress.rs/ExternalApi/data/addshipment
