[2025-03-20 09:32:51] Order ID: 740
billing_street: Cara Dušana
billing_street_id: 6287
billing_number: 45
billing_address_desc: 123
billing_city: Aranđelovac
billing_city_id: 701408
billing_postcode: 34300
billing_address_1: Cara Dušana 45
shipping_street: Nikole Francuskog
shipping_street_id: 22421
shipping_number: 45
shipping_address_desc: 
shipping_city: Iđoš
shipping_city_id: 802140
shipping_postcode: 23323
shipping_address_1: Nikole Francuskog 45

[2025-03-20 09:32:51] Checkout order processed: 740
[2025-03-20 09:32:51] Has D Express shipping: Yes
[2025-03-20 09:32:51] Automatic shipment creation is disabled or status does not match. Auto create: Disabled, Current status: pending, Required status: processing
[2025-03-20 09:33:36] [SHIPPING] Započinjem kreiranje pošiljke za narudžbinu #740
[2025-03-20 09:33:36] [SHIPPING] Proveravam adresu za narudžbinu #740
[2025-03-20 09:33:36] Checking address: Array
(
    [RName] => Ilija Velemirov
    [RAddress] => Cara Dušana
    [RAddressNum] => 45
    [RTownID] => 701408
    [RCName] => Ilija Velemirov
    [RCPhone] => 3816039
)

[2025-03-20 09:33:36] Address check response: Array
(
    [Message] => The request is invalid.
    [ModelState] => Array
        (
            [addressPoint.RCPhone] => Array
                (
                    [0] => The field RCPhone must match the regular expression '^(381[1-9][0-9]{7,8}|38167[0-9]{6,8})$'.
                )

        )

)

[2025-03-20 09:33:36] [SHIPPING] Adresa validirana uspešno
[2025-03-20 09:33:36] [SHIPPING] Priprema podataka za narudžbinu #740
[2025-03-20 09:33:36] Using address type: shipping
[2025-03-20 09:33:36] Street: Cara Dušana, Number: 45, City ID: 701408
[2025-03-20 09:33:36] Payment method: cod, Is COD: Yes
[2025-03-20 09:33:36] Using BuyOut: 51800, Account: 170-0010364556000-77
[2025-03-20 09:33:36] Final BuyOut amount: 51800
[2025-03-20 09:33:36] Final BuyOutAccount: 170-0010364556000-77
[2025-03-20 09:33:36] Final RAddressNum: 45
[2025-03-20 09:33:36] Final RTownID: 701408
[2025-03-20 09:33:36] [SHIPPING] Ključni podaci za slanje: RAddress=Cara Dušana, RAddressNum=45, RTownID=701408, BuyOut=51800, BuyOutAccount=170-0010364556000-77
[2025-03-20 09:33:36] [SHIPPING] Šaljem zahtev ka D-Express API-ju
[2025-03-20 09:33:36] [SHIPPING] API odgovor primljen uspešno
[2025-03-20 09:33:36] [SHIPPING] Tracking broj: TT0000000039, Shipment ID: TT0000000039
[2025-03-20 09:33:36] [SHIPPING] Čuvanje pošiljke u bazu podataka
[2025-03-20 09:33:36] [SHIPPING] Pošiljka uspešno kreirana sa ID: 39
