[2025-03-19 15:04:51] Order ID: 739
billing_street: Nikole Francuskog
billing_street_id: 22421
billing_number: 45
billing_address_desc: 
billing_city: Iđoš
billing_city_id: 802140
billing_postcode: 23323
billing_address_1: Nikole Francuskog 45
shipping_street: Nikole Francuskog
shipping_street_id: 22508
shipping_number: 45
shipping_address_desc: 
shipping_city: Kikinda
shipping_city_id: 802158
shipping_postcode: 23300
shipping_address_1: Nikole Francuskog 45

[2025-03-19 15:04:51] Checkout order processed: 739
[2025-03-19 15:04:51] Has D Express shipping: Yes
[2025-03-19 15:04:51] Automatic shipment creation is disabled or status does not match. Auto create: Disabled, Current status: pending, Required status: processing
[2025-03-19 15:05:33] [SHIPPING] Započinjem kreiranje pošiljke za narudžbinu #739
[2025-03-19 15:05:33] [SHIPPING] Proveravam adresu za narudžbinu #739
[2025-03-19 15:05:33] Checking address: Array
(
    [RName] => Ilija Velemirov
    [RAddress] => Nikole Francuskog
    [RAddressNum] => 45
    [RTownID] => 802140
    [RCName] => Ilija Velemirov
    [RCPhone] => 3816039
)

[2025-03-19 15:05:33] Address check response: Array
(
    [Message] => The request is invalid.
    [ModelState] => Array
        (
            [addressPoint.RCPhone] => Array
                (
                    [0] => The field RCPhone must match the regular expression '^(381[1-9][0-9]{7,8}|38167[0-9]{6,8})$'.
                )

        )

)

[2025-03-19 15:05:33] [SHIPPING] Adresa validirana uspešno
[2025-03-19 15:05:33] [SHIPPING] Priprema podataka za narudžbinu #739
[2025-03-19 15:05:33] Using address type: shipping
[2025-03-19 15:05:33] Street: Nikole Francuskog, Number: 45, City ID: 802140
[2025-03-19 15:05:33] Payment method: cod, Is COD: Yes
[2025-03-19 15:05:33] Using BuyOut: 53600, Account: 170-0010364556000-77
[2025-03-19 15:05:33] Final BuyOut amount: 53600
[2025-03-19 15:05:33] Final BuyOutAccount: 170-0010364556000-77
[2025-03-19 15:05:33] Final RAddressNum: 45
[2025-03-19 15:05:33] Final RTownID: 802140
[2025-03-19 15:05:33] [SHIPPING] Ključni podaci za slanje: RAddress=Nikole Francuskog, RAddressNum=45, RTownID=802140, BuyOut=53600, BuyOutAccount=170-0010364556000-77
[2025-03-19 15:05:33] [SHIPPING] Šaljem zahtev ka D-Express API-ju
[2025-03-19 15:05:33] [SHIPPING] API odgovor primljen uspešno
[2025-03-19 15:05:33] [SHIPPING] Tracking broj: TT0000000038, Shipment ID: TT0000000038
[2025-03-19 15:05:33] [SHIPPING] Čuvanje pošiljke u bazu podataka
[2025-03-19 15:05:33] [SHIPPING] Pošiljka uspešno kreirana sa ID: 38
