[2025-03-24 09:46:23] Podešavanja su ažurirana od strane korisnika ID: 1
[2025-03-24 09:47:39] API Zahtev: https://usersupport.dexpress.rs/ExternalApi/data/checkaddress
[2025-03-24 09:47:39] Kreiranje pošiljke. Podaci: Array
(
    [CClientID] => UK16967
    [CName] => s7Code DOO
    [CAddress] => Bulevar Cara Lazara
    [CAddressNum] => 106
    [CTownID] => 802158
    [CCName] => Ilija Velemirov
    [CCPhone] => 381603995503
    [PuClientID] => UK16967
    [PuName] => s7Code DOO
    [PuAddress] => Bulevar Cara Lazara
    [PuAddressNum] => 106
    [PuTownID] => 802158
    [PuCName] => Ilija Velemirov
    [PuCPhone] => 381603995503
    [RName] => Ilija Velemirov
    [RAddress] => Bulevar Nikole Pašića
    [RAddressNum] => 15
    [RAddressDesc] => 
    [RTownID] => 721107
    [RCName] => Ilija Velemirov
    [RCPhone] => 381691995503
    [Note] => 
    [DlTypeID] => 2
    [PaymentBy] => 1
    [PaymentType] => 2
    [Value] => 51800
    [Content] => Dokumenta
    [Mass] => 100
    [ReferenceID] => ORDER-759-1742809659
    [ReturnDoc] => 0
    [BuyOut] => 51800
    [BuyOutFor] => 0
    [BuyOutAccount] => 170-0010364556000-77
    [SelfDropOff] => 0
    [PackageList] => Array
        (
            [0] => Array
                (
                    [Code] => TT0000000054
                    [Mass] => 100
                )

        )

)

[2025-03-24 09:47:39] API Zahtev: https://usersupport.dexpress.rs/ExternalApi/data/addshipment
[2025-03-24 09:50:25] API Zahtev: https://usersupport.dexpress.rs/ExternalApi/data/checkaddress
[2025-03-24 09:50:25] Kreiranje pošiljke. Podaci: Array
(
    [CClientID] => UK16967
    [CName] => s7Code DOO
    [CAddress] => Bulevar Cara Lazara
    [CAddressNum] => 106
    [CTownID] => 802158
    [CCName] => Ilija Velemirov
    [CCPhone] => 381603995503
    [PuClientID] => UK16967
    [PuName] => s7Code DOO
    [PuAddress] => Bulevar Cara Lazara
    [PuAddressNum] => 106
    [PuTownID] => 802158
    [PuCName] => Ilija Velemirov
    [PuCPhone] => 381603995503
    [RName] => Ilija Velemirov
    [RAddress] => Bulevar Nikole Pašića
    [RAddressNum] => 15
    [RAddressDesc] => 23
    [RTownID] => 721107
    [RCName] => Ilija Velemirov
    [RCPhone] => 381603995503
    [Note] => Order noter optional za diferent shipping
    [DlTypeID] => 2
    [PaymentBy] => 1
    [PaymentType] => 2
    [Value] => 51800
    [Content] => Dokumenta
    [Mass] => 100
    [ReferenceID] => ORDER-760-1742809825
    [ReturnDoc] => 0
    [BuyOut] => 51800
    [BuyOutFor] => 0
    [BuyOutAccount] => 170-0010364556000-77
    [SelfDropOff] => 0
    [PackageList] => Array
        (
            [0] => Array
                (
                    [Code] => TT0000000055
                    [Mass] => 100
                )

        )

)

[2025-03-24 09:50:25] API Zahtev: https://usersupport.dexpress.rs/ExternalApi/data/addshipment
