[2025-04-02 11:58:13] Pokrenuta automatska simulacija statusa pošiljki
[2025-04-02 11:58:14] Pokrenuta automatska simulacija statusa pošiljki
[2025-04-02 11:58:22] Pokrenuta automatska simulacija statusa pošiljki
[2025-04-02 11:58:23] Pokrenuta automatska simulacija statusa pošiljki
[2025-04-02 11:58:25] Pokrenuta automatska simulacija statusa pošiljki
[2025-04-02 11:58:30] Pokrenuta automatska simulacija statusa pošiljki
[2025-04-02 11:58:31] Pokrenuta automatska simulacija statusa pošiljki
[2025-04-02 11:58:33] Pokrenuta automatska simulacija statusa pošiljki
[2025-04-02 11:58:33] Pokrenuta automatska simulacija statusa pošiljki
[2025-04-02 11:58:33] Pokrenuta automatska simulacija statusa pošiljki
[2025-04-02 11:58:33] Pokrenuta automatska simulacija statusa pošiljki
[2025-04-02 11:58:33] Pokrenuta automatska simulacija statusa pošiljki
[2025-04-02 11:58:33] Pokrenuta automatska simulacija statusa pošiljki
[2025-04-02 11:58:34] Pokrenuta automatska simulacija statusa pošiljki
[2025-04-02 11:58:34] Pokrenuta automatska simulacija statusa pošiljki
[2025-04-02 11:58:34] Pokrenuta automatska simulacija statusa pošiljki
[2025-04-02 11:58:34] Pokrenuta automatska simulacija statusa pošiljki
[2025-04-02 11:58:34] Pokrenuta automatska simulacija statusa pošiljki
[2025-04-02 11:58:37] Pokrenuta automatska simulacija statusa pošiljki
[2025-04-02 11:58:39] Pokrenuta automatska simulacija statusa pošiljki
[2025-04-02 11:58:39] Pokrenuta automatska simulacija statusa pošiljki
[2025-04-02 11:58:39] Pokrenuta automatska simulacija statusa pošiljki
[2025-04-02 11:58:39] Pokrenuta automatska simulacija statusa pošiljki
[2025-04-02 11:58:39] Pokrenuta automatska simulacija statusa pošiljki
[2025-04-02 11:58:40] Pokrenuta automatska simulacija statusa pošiljki
[2025-04-02 11:58:40] Pokrenuta automatska simulacija statusa pošiljki
[2025-04-02 11:58:40] Pokrenuta automatska simulacija statusa pošiljki
[2025-04-02 11:58:40] Pokrenuta automatska simulacija statusa pošiljki
[2025-04-02 11:58:42] Pokrenuta automatska simulacija statusa pošiljki
[2025-04-02 11:58:42] Pokrenuta automatska simulacija statusa pošiljki
[2025-04-02 11:58:42] Pokrenuta automatska simulacija statusa pošiljki
[2025-04-02 11:58:42] Pokrenuta automatska simulacija statusa pošiljki
[2025-04-02 11:58:42] Pokrenuta automatska simulacija statusa pošiljki
[2025-04-02 11:58:42] Pokrenuta automatska simulacija statusa pošiljki
[2025-04-02 11:58:43] Pokrenuta automatska simulacija statusa pošiljki
[2025-04-02 11:58:43] Pokrenuta automatska simulacija statusa pošiljki
[2025-04-02 11:58:43] Pokrenuta automatska simulacija statusa pošiljki
[2025-04-02 11:58:43] Pokrenuta automatska simulacija statusa pošiljki
[2025-04-02 11:58:43] Pokrenuta automatska simulacija statusa pošiljki
[2025-04-02 11:58:49] Pokrenuta automatska simulacija statusa pošiljki
[2025-04-02 11:58:51] Pokrenuta automatska simulacija statusa pošiljki
[2025-04-02 11:58:51] Pokrenuta automatska simulacija statusa pošiljki
[2025-04-02 11:58:51] Pokrenuta automatska simulacija statusa pošiljki
[2025-04-02 11:58:51] Pokrenuta automatska simulacija statusa pošiljki
[2025-04-02 11:58:51] Pokrenuta automatska simulacija statusa pošiljki
[2025-04-02 11:58:51] Pokrenuta automatska simulacija statusa pošiljki
[2025-04-02 11:58:52] Pokrenuta automatska simulacija statusa pošiljki
[2025-04-02 11:58:52] Pokrenuta automatska simulacija statusa pošiljki
[2025-04-02 11:58:52] Pokrenuta automatska simulacija statusa pošiljki
[2025-04-02 11:58:59] Pokrenuta automatska simulacija statusa pošiljki
[2025-04-02 11:58:59] Pokrenuta automatska simulacija statusa pošiljki
[2025-04-02 11:59:02] Pokrenuta automatska simulacija statusa pošiljki
[2025-04-02 11:59:02] Pokrenuta automatska simulacija statusa pošiljki
[2025-04-02 11:59:02] Pokrenuta automatska simulacija statusa pošiljki
[2025-04-02 11:59:02] Pokrenuta automatska simulacija statusa pošiljki
[2025-04-02 11:59:02] Pokrenuta automatska simulacija statusa pošiljki
[2025-04-02 11:59:03] Pokrenuta automatska simulacija statusa pošiljki
[2025-04-02 11:59:03] Pokrenuta automatska simulacija statusa pošiljki
[2025-04-02 11:59:03] Pokrenuta automatska simulacija statusa pošiljki
[2025-04-02 11:59:03] Pokrenuta automatska simulacija statusa pošiljki
[2025-04-02 11:59:03] Pokrenuta automatska simulacija statusa pošiljki
[2025-04-02 11:59:07] Pokrenuta automatska simulacija statusa pošiljki
[2025-04-02 11:59:11] Pokrenuta automatska simulacija statusa pošiljki
[2025-04-02 11:59:19] Pokrenuta automatska simulacija statusa pošiljki
[2025-04-02 11:59:21] Pokrenuta automatska simulacija statusa pošiljki
[2025-04-02 11:59:21] Pokrenuta automatska simulacija statusa pošiljki
[2025-04-02 11:59:21] Pokrenuta automatska simulacija statusa pošiljki
[2025-04-02 11:59:21] Pokrenuta automatska simulacija statusa pošiljki
[2025-04-02 11:59:21] Pokrenuta automatska simulacija statusa pošiljki
[2025-04-02 11:59:21] Pokrenuta automatska simulacija statusa pošiljki
[2025-04-02 11:59:22] Pokrenuta automatska simulacija statusa pošiljki
[2025-04-02 11:59:22] Pokrenuta automatska simulacija statusa pošiljki
[2025-04-02 11:59:22] Pokrenuta automatska simulacija statusa pošiljki
[2025-04-02 11:59:26] Pokrenuta automatska simulacija statusa pošiljki
[2025-04-02 11:59:33] Pokrenuta automatska simulacija statusa pošiljki
[2025-04-02 11:59:34] Pokrenuta automatska simulacija statusa pošiljki
[2025-04-02 11:59:36] Pokrenuta automatska simulacija statusa pošiljki
[2025-04-02 11:59:36] Pokrenuta automatska simulacija statusa pošiljki
[2025-04-02 11:59:36] Pokrenuta automatska simulacija statusa pošiljki
[2025-04-02 11:59:36] Pokrenuta automatska simulacija statusa pošiljki
[2025-04-02 11:59:36] Pokrenuta automatska simulacija statusa pošiljki
[2025-04-02 11:59:37] Pokrenuta automatska simulacija statusa pošiljki
[2025-04-02 11:59:37] Pokrenuta automatska simulacija statusa pošiljki
[2025-04-02 11:59:37] Pokrenuta automatska simulacija statusa pošiljki
[2025-04-02 11:59:37] Pokrenuta automatska simulacija statusa pošiljki
[2025-04-02 11:59:37] Pokrenuta automatska simulacija statusa pošiljki
[2025-04-02 11:59:40] Pokrenuta automatska simulacija statusa pošiljki
[2025-04-02 11:59:46] Pokrenuta automatska simulacija statusa pošiljki
[2025-04-02 11:59:46] Pokrenuta automatska simulacija statusa pošiljki
[2025-04-02 11:59:48] Pokrenuta automatska simulacija statusa pošiljki
[2025-04-02 11:59:48] Pokrenuta automatska simulacija statusa pošiljki
[2025-04-02 11:59:48] Pokrenuta automatska simulacija statusa pošiljki
[2025-04-02 11:59:48] Pokrenuta automatska simulacija statusa pošiljki
[2025-04-02 11:59:48] Pokrenuta automatska simulacija statusa pošiljki
[2025-04-02 11:59:48] Pokrenuta automatska simulacija statusa pošiljki
[2025-04-02 11:59:49] Pokrenuta automatska simulacija statusa pošiljki
[2025-04-02 11:59:49] Pokrenuta automatska simulacija statusa pošiljki
[2025-04-02 11:59:49] Pokrenuta automatska simulacija statusa pošiljki
[2025-04-02 11:59:49] Pokrenuta automatska simulacija statusa pošiljki
[2025-04-02 11:59:49] Pokrenuta automatska simulacija statusa pošiljki
[2025-04-02 11:59:59] Pokrenuta automatska simulacija statusa pošiljki
[2025-04-02 11:59:59] Pokrenuta automatska simulacija statusa pošiljki
[2025-04-02 12:02:00] Pokrenuta automatska simulacija statusa pošiljki
[2025-04-02 12:02:01] Pokrenuta automatska simulacija statusa pošiljki
[2025-04-02 12:04:01] Pokrenuta automatska simulacija statusa pošiljki
[2025-04-02 12:04:02] Pokrenuta automatska simulacija statusa pošiljki
[2025-04-02 12:06:02] Pokrenuta automatska simulacija statusa pošiljki
[2025-04-02 12:06:03] Pokrenuta automatska simulacija statusa pošiljki
[2025-04-02 12:08:03] Pokrenuta automatska simulacija statusa pošiljki
[2025-04-02 12:08:04] Pokrenuta automatska simulacija statusa pošiljki
[2025-04-02 12:10:47] Pokrenuta automatska simulacija statusa pošiljki
[2025-04-02 12:10:57] Pokrenuta automatska simulacija statusa pošiljki
[2025-04-02 12:12:05] Pokrenuta automatska simulacija statusa pošiljki
[2025-04-02 12:12:06] Pokrenuta automatska simulacija statusa pošiljki
[2025-04-02 12:14:06] Pokrenuta automatska simulacija statusa pošiljki
[2025-04-02 12:14:07] Pokrenuta automatska simulacija statusa pošiljki
[2025-04-02 12:16:07] Pokrenuta automatska simulacija statusa pošiljki
[2025-04-02 12:16:08] Pokrenuta automatska simulacija statusa pošiljki
[2025-04-02 12:18:08] Pokrenuta automatska simulacija statusa pošiljki
[2025-04-02 12:18:09] Pokrenuta automatska simulacija statusa pošiljki
[2025-04-02 12:20:09] Pokrenuta automatska simulacija statusa pošiljki
[2025-04-02 12:20:09] Pokrenuta automatska simulacija statusa pošiljki
[2025-04-02 12:22:10] Pokrenuta automatska simulacija statusa pošiljki
[2025-04-02 12:22:11] Pokrenuta automatska simulacija statusa pošiljki
[2025-04-02 12:22:44] Pokrenuta automatska simulacija statusa pošiljki
[2025-04-02 12:22:46] Pokrenuta automatska simulacija statusa pošiljki
[2025-04-02 12:22:48] Pokrenuta automatska simulacija statusa pošiljki
[2025-04-02 12:22:48] Pokrenuta automatska simulacija statusa pošiljki
[2025-04-02 12:22:48] Pokrenuta automatska simulacija statusa pošiljki
[2025-04-02 12:22:48] Pokrenuta automatska simulacija statusa pošiljki
[2025-04-02 12:22:48] Pokrenuta automatska simulacija statusa pošiljki
[2025-04-02 12:22:48] Pokrenuta automatska simulacija statusa pošiljki
[2025-04-02 12:22:49] Pokrenuta automatska simulacija statusa pošiljki
[2025-04-02 12:22:49] Pokrenuta automatska simulacija statusa pošiljki
[2025-04-02 12:22:49] Pokrenuta automatska simulacija statusa pošiljki
[2025-04-02 12:22:49] Pokrenuta automatska simulacija statusa pošiljki
[2025-04-02 12:22:50] Pokrenuta automatska simulacija statusa pošiljki
[2025-04-02 12:22:50] Pokrenuta automatska simulacija statusa pošiljki
[2025-04-02 12:22:52] Pokrenuta automatska simulacija statusa pošiljki
[2025-04-02 12:22:52] Pokrenuta automatska simulacija statusa pošiljki
[2025-04-02 12:22:52] Pokrenuta automatska simulacija statusa pošiljki
[2025-04-02 12:22:52] Pokrenuta automatska simulacija statusa pošiljki
[2025-04-02 12:22:52] Pokrenuta automatska simulacija statusa pošiljki
[2025-04-02 12:22:52] Pokrenuta automatska simulacija statusa pošiljki
[2025-04-02 12:22:53] Pokrenuta automatska simulacija statusa pošiljki
[2025-04-02 12:22:53] Pokrenuta automatska simulacija statusa pošiljki
[2025-04-02 12:22:53] Pokrenuta automatska simulacija statusa pošiljki
[2025-04-02 12:23:00] Pokrenuta automatska simulacija statusa pošiljki
[2025-04-02 12:23:01] Pokrenuta automatska simulacija statusa pošiljki
[2025-04-02 12:23:03] Pokrenuta automatska simulacija statusa pošiljki
[2025-04-02 12:23:03] Pokrenuta automatska simulacija statusa pošiljki
[2025-04-02 12:23:03] Pokrenuta automatska simulacija statusa pošiljki
[2025-04-02 12:23:03] Pokrenuta automatska simulacija statusa pošiljki
[2025-04-02 12:23:03] Pokrenuta automatska simulacija statusa pošiljki
[2025-04-02 12:23:03] Pokrenuta automatska simulacija statusa pošiljki
[2025-04-02 12:23:04] Pokrenuta automatska simulacija statusa pošiljki
[2025-04-02 12:23:04] Pokrenuta automatska simulacija statusa pošiljki
[2025-04-02 12:23:04] Pokrenuta automatska simulacija statusa pošiljki
[2025-04-02 12:23:04] Pokrenuta automatska simulacija statusa pošiljki
[2025-04-02 12:23:04] Pokrenuta automatska simulacija statusa pošiljki
[2025-04-02 12:23:07] Pokrenuta automatska simulacija statusa pošiljki
[2025-04-02 12:23:08] Pokrenuta automatska simulacija statusa pošiljki
[2025-04-02 12:23:08] Pokrenuta automatska simulacija statusa pošiljki
[2025-04-02 12:23:08] Pokrenuta automatska simulacija statusa pošiljki
[2025-04-02 12:23:08] Pokrenuta automatska simulacija statusa pošiljki
[2025-04-02 12:23:08] Pokrenuta automatska simulacija statusa pošiljki
[2025-04-02 12:23:09] Pokrenuta automatska simulacija statusa pošiljki
[2025-04-02 12:23:10] Pokrenuta automatska simulacija statusa pošiljki
[2025-04-02 12:23:10] Pokrenuta automatska simulacija statusa pošiljki
[2025-04-02 12:23:10] Pokrenuta automatska simulacija statusa pošiljki
[2025-04-02 12:23:10] Pokrenuta automatska simulacija statusa pošiljki
[2025-04-02 12:23:10] Pokrenuta automatska simulacija statusa pošiljki
[2025-04-02 12:23:18] Pokrenuta automatska simulacija statusa pošiljki
[2025-04-02 12:23:25] Pokrenuta automatska simulacija statusa pošiljki
[2025-04-02 12:23:27] Pokrenuta automatska simulacija statusa pošiljki
[2025-04-02 12:23:27] Pokrenuta automatska simulacija statusa pošiljki
[2025-04-02 12:23:27] Pokrenuta automatska simulacija statusa pošiljki
[2025-04-02 12:23:27] Pokrenuta automatska simulacija statusa pošiljki
[2025-04-02 12:23:27] Pokrenuta automatska simulacija statusa pošiljki
[2025-04-02 12:23:27] Pokrenuta automatska simulacija statusa pošiljki
[2025-04-02 12:23:28] Pokrenuta automatska simulacija statusa pošiljki
[2025-04-02 12:23:28] Pokrenuta automatska simulacija statusa pošiljki
[2025-04-02 12:23:28] Pokrenuta automatska simulacija statusa pošiljki
[2025-04-02 12:23:31] Pokrenuta automatska simulacija statusa pošiljki
[2025-04-02 12:23:36] Pokrenuta automatska simulacija statusa pošiljki
[2025-04-02 12:23:41] Pokrenuta automatska simulacija statusa pošiljki
[2025-04-02 12:23:42] Pokrenuta automatska simulacija statusa pošiljki
[2025-04-02 12:23:42] API Zahtev: https://usersupport.dexpress.rs/ExternalApi/data/statuses, Metod: GET, Podaci: nema
[2025-04-02 12:23:42] API Odgovor (kod 200)
[2025-04-02 12:23:42] Uspešno ažurirani statusi iz API-ja. Ukupno: 46
[2025-04-02 12:23:42] API Zahtev: https://usersupport.dexpress.rs/ExternalApi/data/shops, Metod: GET, Podaci: nema
[2025-04-02 12:23:43] API Odgovor (kod 200)
[2025-04-02 12:23:43] API Zahtev: https://usersupport.dexpress.rs/ExternalApi/data/locations, Metod: GET, Podaci: nema
[2025-04-02 12:23:43] API Odgovor (kod 200)
[2025-04-02 12:23:44] API Zahtev: https://usersupport.dexpress.rs/ExternalApi/data/municipalities?date=20000101000000, Metod: GET, Podaci: nema
[2025-04-02 12:23:44] API Odgovor (kod 200)
[2025-04-02 12:23:45] API Zahtev: https://usersupport.dexpress.rs/ExternalApi/data/towns?date=20000101000000, Metod: GET, Podaci: nema
[2025-04-02 12:23:46] Pokrenuta automatska simulacija statusa pošiljki
[2025-04-02 12:23:47] API Odgovor (kod 200)
[2025-04-02 12:23:49] Pokrenuta automatska simulacija statusa pošiljki
[2025-04-02 12:23:49] Pokrenuta automatska simulacija statusa pošiljki
[2025-04-02 12:23:49] Pokrenuta automatska simulacija statusa pošiljki
[2025-04-02 12:23:49] Pokrenuta automatska simulacija statusa pošiljki
[2025-04-02 12:23:49] Pokrenuta automatska simulacija statusa pošiljki
[2025-04-02 12:23:49] Pokrenuta automatska simulacija statusa pošiljki
[2025-04-02 12:23:50] Pokrenuta automatska simulacija statusa pošiljki
[2025-04-02 12:23:50] Pokrenuta automatska simulacija statusa pošiljki
[2025-04-02 12:23:50] Pokrenuta automatska simulacija statusa pošiljki
[2025-04-02 12:23:50] Pokrenuta automatska simulacija statusa pošiljki
[2025-04-02 12:23:52] Pokrenuta automatska simulacija statusa pošiljki
[2025-04-02 12:23:52] Pokrenuta automatska simulacija statusa pošiljki
[2025-04-02 12:23:52] Pokrenuta automatska simulacija statusa pošiljki
[2025-04-02 12:23:52] Pokrenuta automatska simulacija statusa pošiljki
[2025-04-02 12:23:53] Pokrenuta automatska simulacija statusa pošiljki
[2025-04-02 12:23:53] Pokrenuta automatska simulacija statusa pošiljki
[2025-04-02 12:23:54] Pokrenuta automatska simulacija statusa pošiljki
[2025-04-02 12:23:54] Pokrenuta automatska simulacija statusa pošiljki
[2025-04-02 12:23:54] Pokrenuta automatska simulacija statusa pošiljki
[2025-04-02 12:23:54] Pokrenuta automatska simulacija statusa pošiljki
[2025-04-02 12:23:54] Pokrenuta automatska simulacija statusa pošiljki
[2025-04-02 12:23:56] Pokrenuta automatska simulacija statusa pošiljki
[2025-04-02 12:23:57] Updating streets...
[2025-04-02 12:23:57] API Zahtev: https://usersupport.dexpress.rs/ExternalApi/data/streets?date=20000101000000, Metod: GET, Podaci: nema
[2025-04-02 12:23:58] Pokrenuta automatska simulacija statusa pošiljki
[2025-04-02 12:23:58] Pokrenuta automatska simulacija statusa pošiljki
[2025-04-02 12:23:58] Pokrenuta automatska simulacija statusa pošiljki
[2025-04-02 12:23:58] Pokrenuta automatska simulacija statusa pošiljki
[2025-04-02 12:23:58] Pokrenuta automatska simulacija statusa pošiljki
[2025-04-02 12:23:58] Pokrenuta automatska simulacija statusa pošiljki
[2025-04-02 12:23:59] Pokrenuta automatska simulacija statusa pošiljki
[2025-04-02 12:23:59] Pokrenuta automatska simulacija statusa pošiljki
[2025-04-02 12:23:59] Pokrenuta automatska simulacija statusa pošiljki
[2025-04-02 12:23:59] API Odgovor (kod 200)
[2025-04-02 12:23:59] Got 39339 streets, starting update...
[2025-04-02 12:23:59] First street data: Array
(
    [Id] => 1
    [Name] => Aberdareva
    [TId] => 791075
    [Del] => 
)

[2025-04-02 12:23:59] Streets update progress: 500/39339
[2025-04-02 12:23:59] Streets update progress: 1000/39339
[2025-04-02 12:23:59] Streets update progress: 1500/39339
[2025-04-02 12:23:59] Streets update progress: 2000/39339
[2025-04-02 12:23:59] Streets update progress: 2500/39339
[2025-04-02 12:23:59] Streets update progress: 3000/39339
[2025-04-02 12:23:59] Streets update progress: 3500/39339
[2025-04-02 12:23:59] Streets update progress: 4000/39339
[2025-04-02 12:23:59] Streets update progress: 4500/39339
[2025-04-02 12:23:59] Streets update progress: 5000/39339
[2025-04-02 12:23:59] Streets update progress: 5500/39339
[2025-04-02 12:23:59] Streets update progress: 6000/39339
[2025-04-02 12:23:59] Streets update progress: 6500/39339
[2025-04-02 12:23:59] Streets update progress: 7000/39339
[2025-04-02 12:23:59] Streets update progress: 7500/39339
[2025-04-02 12:24:00] Streets update progress: 8000/39339
[2025-04-02 12:24:00] Streets update progress: 8500/39339
[2025-04-02 12:24:00] Streets update progress: 9000/39339
[2025-04-02 12:24:00] Streets update progress: 9500/39339
[2025-04-02 12:24:00] Streets update progress: 10000/39339
[2025-04-02 12:24:00] Streets update progress: 10500/39339
[2025-04-02 12:24:00] Streets update progress: 11000/39339
[2025-04-02 12:24:00] Streets update progress: 11500/39339
[2025-04-02 12:24:00] Streets update progress: 12000/39339
[2025-04-02 12:24:00] Streets update progress: 12500/39339
[2025-04-02 12:24:00] Streets update progress: 13000/39339
[2025-04-02 12:24:00] Streets update progress: 13500/39339
[2025-04-02 12:24:00] Streets update progress: 14000/39339
[2025-04-02 12:24:00] Streets update progress: 14500/39339
[2025-04-02 12:24:00] Streets update progress: 15000/39339
[2025-04-02 12:24:00] Streets update progress: 15500/39339
[2025-04-02 12:24:00] Streets update progress: 16000/39339
[2025-04-02 12:24:00] Streets update progress: 16500/39339
[2025-04-02 12:24:00] Streets update progress: 17000/39339
[2025-04-02 12:24:00] Streets update progress: 17500/39339
[2025-04-02 12:24:00] Streets update progress: 18000/39339
[2025-04-02 12:24:00] Streets update progress: 18500/39339
[2025-04-02 12:24:00] Streets update progress: 19000/39339
[2025-04-02 12:24:00] Streets update progress: 19500/39339
[2025-04-02 12:24:00] Streets update progress: 20000/39339
[2025-04-02 12:24:00] Streets update progress: 20500/39339
[2025-04-02 12:24:00] Streets update progress: 21000/39339
[2025-04-02 12:24:00] Streets update progress: 21500/39339
[2025-04-02 12:24:00] Streets update progress: 22000/39339
[2025-04-02 12:24:00] Streets update progress: 22500/39339
[2025-04-02 12:24:00] Streets update progress: 23000/39339
[2025-04-02 12:24:00] Streets update progress: 23500/39339
[2025-04-02 12:24:00] Streets update progress: 24000/39339
[2025-04-02 12:24:00] Streets update progress: 24500/39339
[2025-04-02 12:24:00] Streets update progress: 25000/39339
[2025-04-02 12:24:00] Streets update progress: 25500/39339
[2025-04-02 12:24:00] Streets update progress: 26000/39339
[2025-04-02 12:24:00] Streets update progress: 26500/39339
[2025-04-02 12:24:00] Streets update progress: 27000/39339
[2025-04-02 12:24:00] Streets update progress: 27500/39339
[2025-04-02 12:24:00] Streets update progress: 28000/39339
[2025-04-02 12:24:00] Streets update progress: 28500/39339
[2025-04-02 12:24:00] Streets update progress: 29000/39339
[2025-04-02 12:24:00] Streets update progress: 29500/39339
[2025-04-02 12:24:00] Streets update progress: 30000/39339
[2025-04-02 12:24:00] Streets update progress: 30500/39339
[2025-04-02 12:24:00] Streets update progress: 31000/39339
[2025-04-02 12:24:00] Streets update progress: 31500/39339
[2025-04-02 12:24:00] Streets update progress: 32000/39339
[2025-04-02 12:24:00] Streets update progress: 32500/39339
[2025-04-02 12:24:00] Streets update progress: 33000/39339
[2025-04-02 12:24:00] Streets update progress: 33500/39339
[2025-04-02 12:24:00] Streets update progress: 34000/39339
[2025-04-02 12:24:00] Streets update progress: 34500/39339
[2025-04-02 12:24:00] Streets update progress: 35000/39339
[2025-04-02 12:24:00] Streets update progress: 35500/39339
[2025-04-02 12:24:00] Streets update progress: 36000/39339
[2025-04-02 12:24:00] Streets update progress: 36500/39339
[2025-04-02 12:24:00] Streets update progress: 37000/39339
[2025-04-02 12:24:00] Streets update progress: 37500/39339
[2025-04-02 12:24:00] Streets update progress: 38000/39339
[2025-04-02 12:24:00] Streets update progress: 38500/39339
[2025-04-02 12:24:00] Streets update progress: 39000/39339
[2025-04-02 12:24:00] Streets update progress: 39339/39339
[2025-04-02 12:24:00] API Zahtev: https://usersupport.dexpress.rs/ExternalApi/data/statuses, Metod: GET, Podaci: nema
[2025-04-02 12:24:01] API Odgovor (kod 200)
[2025-04-02 12:24:01] API Zahtev: https://usersupport.dexpress.rs/ExternalApi/data/dispensers, Metod: GET, Podaci: nema
[2025-04-02 12:24:01] API Odgovor (kod 200)
[2025-04-02 12:24:01] API Zahtev: https://usersupport.dexpress.rs/ExternalApi/data/centres, Metod: GET, Podaci: nema
[2025-04-02 12:24:01] API Odgovor (kod 200)
[2025-04-02 12:24:01] Index update completed successfully
[2025-04-02 12:24:06] Pokrenuta automatska simulacija statusa pošiljki
[2025-04-02 12:24:06] Pokrenuta automatska simulacija statusa pošiljki
[2025-04-02 12:24:09] Pokrenuta automatska simulacija statusa pošiljki
[2025-04-02 12:24:09] Pokrenuta automatska simulacija statusa pošiljki
[2025-04-02 12:24:09] Pokrenuta automatska simulacija statusa pošiljki
[2025-04-02 12:24:09] Pokrenuta automatska simulacija statusa pošiljki
[2025-04-02 12:24:09] Pokrenuta automatska simulacija statusa pošiljki
[2025-04-02 12:24:09] Pokrenuta automatska simulacija statusa pošiljki
[2025-04-02 12:24:10] Pokrenuta automatska simulacija statusa pošiljki
[2025-04-02 12:24:10] Pokrenuta automatska simulacija statusa pošiljki
[2025-04-02 12:24:10] Pokrenuta automatska simulacija statusa pošiljki
[2025-04-02 12:24:10] Pokrenuta automatska simulacija statusa pošiljki
[2025-04-02 12:24:10] Pokrenuta automatska simulacija statusa pošiljki
[2025-04-02 12:24:18] Pokrenuta automatska simulacija statusa pošiljki
[2025-04-02 12:24:19] Pokrenuta automatska simulacija statusa pošiljki
[2025-04-02 12:24:30] Pokrenuta automatska simulacija statusa pošiljki
[2025-04-02 12:24:33] Pokrenuta automatska simulacija statusa pošiljki
[2025-04-02 12:24:35] Pokrenuta automatska simulacija statusa pošiljki
[2025-04-02 12:24:38] Pokrenuta automatska simulacija statusa pošiljki
[2025-04-02 12:25:36] Pokrenuta automatska simulacija statusa pošiljki
[2025-04-02 12:25:37] Pokrenuta automatska simulacija statusa pošiljki
[2025-04-02 12:26:06] Pokrenuta automatska simulacija statusa pošiljki
[2025-04-02 12:26:06] Pokrenuta automatska simulacija statusa pošiljki
[2025-04-02 12:26:07] Pokrenuta automatska simulacija statusa pošiljki
[2025-04-02 12:26:09] Pokrenuta automatska simulacija statusa pošiljki
[2025-04-02 12:26:10] Pokrenuta automatska simulacija statusa pošiljki
[2025-04-02 12:26:10] Pokrenuta automatska simulacija statusa pošiljki
[2025-04-02 12:26:10] Pokrenuta automatska simulacija statusa pošiljki
[2025-04-02 12:26:10] Pokrenuta automatska simulacija statusa pošiljki
[2025-04-02 12:26:10] Pokrenuta automatska simulacija statusa pošiljki
[2025-04-02 12:26:11] Pokrenuta automatska simulacija statusa pošiljki
[2025-04-02 12:26:11] Pokrenuta automatska simulacija statusa pošiljki
[2025-04-02 12:26:13] Pokrenuta automatska simulacija statusa pošiljki
[2025-04-02 12:26:15] Pokrenuta automatska simulacija statusa pošiljki
[2025-04-02 12:26:15] Pokrenuta automatska simulacija statusa pošiljki
[2025-04-02 12:26:15] Pokrenuta automatska simulacija statusa pošiljki
[2025-04-02 12:26:15] Pokrenuta automatska simulacija statusa pošiljki
[2025-04-02 12:26:15] Pokrenuta automatska simulacija statusa pošiljki
[2025-04-02 12:26:15] Pokrenuta automatska simulacija statusa pošiljki
[2025-04-02 12:26:16] Pokrenuta automatska simulacija statusa pošiljki
[2025-04-02 12:26:16] Pokrenuta automatska simulacija statusa pošiljki
[2025-04-02 12:26:16] Pokrenuta automatska simulacija statusa pošiljki
[2025-04-02 12:26:16] Pokrenuta automatska simulacija statusa pošiljki
[2025-04-02 12:26:16] Pokrenuta automatska simulacija statusa pošiljki
[2025-04-02 12:26:17] Pokrenuta automatska simulacija statusa pošiljki
[2025-04-02 12:26:19] Pokrenuta automatska simulacija statusa pošiljki
[2025-04-02 12:26:19] Pokrenuta automatska simulacija statusa pošiljki
[2025-04-02 12:26:19] Pokrenuta automatska simulacija statusa pošiljki
[2025-04-02 12:26:19] Pokrenuta automatska simulacija statusa pošiljki
[2025-04-02 12:26:19] Pokrenuta automatska simulacija statusa pošiljki
[2025-04-02 12:26:19] Pokrenuta automatska simulacija statusa pošiljki
[2025-04-02 12:26:20] Pokrenuta automatska simulacija statusa pošiljki
[2025-04-02 12:26:20] Pokrenuta automatska simulacija statusa pošiljki
[2025-04-02 12:26:20] Pokrenuta automatska simulacija statusa pošiljki
[2025-04-02 12:26:20] Pokrenuta automatska simulacija statusa pošiljki
[2025-04-02 12:26:22] Pokrenuta automatska simulacija statusa pošiljki
[2025-04-02 12:26:22] Pokrenuta automatska simulacija statusa pošiljki
[2025-04-02 12:26:22] Pokrenuta automatska simulacija statusa pošiljki
[2025-04-02 12:26:22] Pokrenuta automatska simulacija statusa pošiljki
[2025-04-02 12:26:22] Pokrenuta automatska simulacija statusa pošiljki
[2025-04-02 12:26:22] Pokrenuta automatska simulacija statusa pošiljki
[2025-04-02 12:26:23] Pokrenuta automatska simulacija statusa pošiljki
[2025-04-02 12:26:23] Pokrenuta automatska simulacija statusa pošiljki
[2025-04-02 12:26:23] Pokrenuta automatska simulacija statusa pošiljki
[2025-04-02 12:26:23] Pokrenuta automatska simulacija statusa pošiljki
[2025-04-02 12:26:24] Pokrenuta automatska simulacija statusa pošiljki
[2025-04-02 12:26:33] Pokrenuta automatska simulacija statusa pošiljki
[2025-04-02 12:28:06] Pokrenuta automatska simulacija statusa pošiljki
[2025-04-02 12:28:07] Pokrenuta automatska simulacija statusa pošiljki
[2025-04-02 12:28:34] Pokrenuta automatska simulacija statusa pošiljki
[2025-04-02 12:30:07] Pokrenuta automatska simulacija statusa pošiljki
[2025-04-02 12:30:07] Pokrenuta automatska simulacija statusa pošiljki
[2025-04-02 12:30:35] Pokrenuta automatska simulacija statusa pošiljki
[2025-04-02 12:32:08] Pokrenuta automatska simulacija statusa pošiljki
[2025-04-02 12:32:09] Pokrenuta automatska simulacija statusa pošiljki
[2025-04-02 12:32:36] Pokrenuta automatska simulacija statusa pošiljki
[2025-04-02 12:34:09] Pokrenuta automatska simulacija statusa pošiljki
[2025-04-02 12:34:09] Pokrenuta automatska simulacija statusa pošiljki
[2025-04-02 12:34:37] Pokrenuta automatska simulacija statusa pošiljki
[2025-04-02 12:36:10] Pokrenuta automatska simulacija statusa pošiljki
[2025-04-02 12:36:11] Pokrenuta automatska simulacija statusa pošiljki
[2025-04-02 12:36:38] Pokrenuta automatska simulacija statusa pošiljki
[2025-04-02 12:38:39] Pokrenuta automatska simulacija statusa pošiljki
[2025-04-02 12:38:40] Pokrenuta automatska simulacija statusa pošiljki
[2025-04-02 12:40:40] Pokrenuta automatska simulacija statusa pošiljki
[2025-04-02 12:40:41] Pokrenuta automatska simulacija statusa pošiljki
[2025-04-02 12:42:41] Pokrenuta automatska simulacija statusa pošiljki
[2025-04-02 12:42:42] Pokrenuta automatska simulacija statusa pošiljki
[2025-04-02 12:44:42] Pokrenuta automatska simulacija statusa pošiljki
[2025-04-02 12:44:43] Pokrenuta automatska simulacija statusa pošiljki
[2025-04-02 12:46:43] Pokrenuta automatska simulacija statusa pošiljki
[2025-04-02 12:46:44] Pokrenuta automatska simulacija statusa pošiljki
[2025-04-02 12:48:44] Pokrenuta automatska simulacija statusa pošiljki
[2025-04-02 12:48:45] Pokrenuta automatska simulacija statusa pošiljki
[2025-04-02 12:50:45] Pokrenuta automatska simulacija statusa pošiljki
[2025-04-02 12:50:46] Pokrenuta automatska simulacija statusa pošiljki
