{"timestamp":"2025-07-01 08:29:21","context":"api","level":"debug","message":"Using address type: shipping"}
{"timestamp":"2025-07-01 08:29:21","context":"api","level":"debug","message":"Street: Žarka Zrenjanina, Number: 105, City ID: 804908"}
{"timestamp":"2025-07-01 08:29:21","context":"api","level":"debug","message":"[COD DEBUG] Lokacija: s7Code DOO, Bank account: 170-0010364556000-77"}
{"timestamp":"2025-07-01 08:29:21","context":"api","level":"debug","message":"Payment method: cod, Is COD: Yes"}
{"timestamp":"2025-07-01 08:29:21","context":"api","level":"debug","message":"[BANK DEBUG] Original: 170-0010364556000-77, Digits: 170001036455600077, Length: 18"}
{"timestamp":"2025-07-01 08:29:21","context":"api","level":"debug","message":"[BANK DEBUG] Formatted (16-18): 170-0010364556000-77"}
{"timestamp":"2025-07-01 08:29:21","context":"api","level":"debug","message":"[COD DEBUG] Formatiran račun: 170-0010364556000-77"}
{"timestamp":"2025-07-01 08:29:21","context":"api","level":"debug","message":"Using BuyOut: 56500, Account from location 's7Code DOO': 170-0010364556000-77"}
{"timestamp":"2025-07-01 08:29:21","context":"api","level":"debug","message":"[WEIGHT DEBUG] Početak izračunavanja težine za narudžbinu #883"}
{"timestamp":"2025-07-01 08:29:21","context":"api","level":"debug","message":"[WEIGHT DEBUG] Ukupna težina u kg pre konverzije: 0"}
{"timestamp":"2025-07-01 08:29:21","context":"api","level":"debug","message":"[WEIGHT DEBUG] Konačna težina u gramima: 100"}
{"timestamp":"2025-07-01 08:29:21","context":"api","level":"debug","message":"[WEIGHT DEBUG] Težina iz calculate_order_weight: 100 grama"}
{"timestamp":"2025-07-01 08:29:21","context":"api","level":"debug","message":"[WEIGHT DEBUG] Težina nakon formatiranja za API: 100 grama"}
{"timestamp":"2025-07-01 08:29:21","context":"api","level":"debug","message":"[WEIGHT DEBUG] Početak izračunavanja težine za narudžbinu #883"}
{"timestamp":"2025-07-01 08:29:21","context":"api","level":"debug","message":"[WEIGHT DEBUG] Ukupna težina u kg pre konverzije: 0"}
{"timestamp":"2025-07-01 08:29:21","context":"api","level":"debug","message":"[WEIGHT DEBUG] Konačna težina u gramima: 100"}
{"timestamp":"2025-07-01 08:29:21","context":"api","level":"debug","message":"Final BuyOut amount: 56500"}
{"timestamp":"2025-07-01 08:29:21","context":"api","level":"debug","message":"Final BuyOutAccount: 170-0010364556000-77"}
{"timestamp":"2025-07-01 08:29:21","context":"api","level":"debug","message":"Final RAddressNum: 105"}
{"timestamp":"2025-07-01 08:29:21","context":"api","level":"debug","message":"Final RTownID: 804908"}
{"timestamp":"2025-07-01 08:29:21","context":"api","level":"debug","message":"Final RCPhone: 381603995503"}
{"timestamp":"2025-07-01 08:29:21","context":"api","level":"debug","message":"Using address type: shipping"}
{"timestamp":"2025-07-01 08:29:21","context":"api","level":"debug","message":"Street: Žarka Zrenjanina, Number: 105, City ID: 804908"}
{"timestamp":"2025-07-01 08:29:21","context":"api","level":"debug","message":"[COD DEBUG] Lokacija: s7Code KI DOO, Bank account: 155-8500181632480-56"}
{"timestamp":"2025-07-01 08:29:21","context":"api","level":"debug","message":"Payment method: cod, Is COD: Yes"}
{"timestamp":"2025-07-01 08:29:21","context":"api","level":"debug","message":"[BANK DEBUG] Original: 155-8500181632480-56, Digits: 155850018163248056, Length: 18"}
{"timestamp":"2025-07-01 08:29:21","context":"api","level":"debug","message":"[BANK DEBUG] Formatted (16-18): 155-8500181632480-56"}
{"timestamp":"2025-07-01 08:29:21","context":"api","level":"debug","message":"[COD DEBUG] Formatiran račun: 155-8500181632480-56"}
{"timestamp":"2025-07-01 08:29:21","context":"api","level":"debug","message":"Using BuyOut: 56500, Account from location 's7Code KI DOO': 155-8500181632480-56"}
{"timestamp":"2025-07-01 08:29:21","context":"api","level":"debug","message":"[WEIGHT DEBUG] Početak izračunavanja težine za narudžbinu #883"}
{"timestamp":"2025-07-01 08:29:21","context":"api","level":"debug","message":"[WEIGHT DEBUG] Ukupna težina u kg pre konverzije: 0"}
{"timestamp":"2025-07-01 08:29:21","context":"api","level":"debug","message":"[WEIGHT DEBUG] Konačna težina u gramima: 100"}
{"timestamp":"2025-07-01 08:29:21","context":"api","level":"debug","message":"[WEIGHT DEBUG] Težina iz calculate_order_weight: 100 grama"}
{"timestamp":"2025-07-01 08:29:21","context":"api","level":"debug","message":"[WEIGHT DEBUG] Težina nakon formatiranja za API: 100 grama"}
{"timestamp":"2025-07-01 08:29:21","context":"api","level":"debug","message":"[WEIGHT DEBUG] Početak izračunavanja težine za narudžbinu #883"}
{"timestamp":"2025-07-01 08:29:21","context":"api","level":"debug","message":"[WEIGHT DEBUG] Ukupna težina u kg pre konverzije: 0"}
{"timestamp":"2025-07-01 08:29:21","context":"api","level":"debug","message":"[WEIGHT DEBUG] Konačna težina u gramima: 100"}
{"timestamp":"2025-07-01 08:29:21","context":"api","level":"debug","message":"Final BuyOut amount: 56500"}
{"timestamp":"2025-07-01 08:29:21","context":"api","level":"debug","message":"Final BuyOutAccount: 155-8500181632480-56"}
{"timestamp":"2025-07-01 08:29:21","context":"api","level":"debug","message":"Final RAddressNum: 105"}
{"timestamp":"2025-07-01 08:29:21","context":"api","level":"debug","message":"Final RTownID: 804908"}
{"timestamp":"2025-07-01 08:29:21","context":"api","level":"debug","message":"Final RCPhone: 381603995503"}
{"timestamp":"2025-07-01 08:35:57","context":"api","level":"debug","message":"Using address type: shipping"}
{"timestamp":"2025-07-01 08:35:57","context":"api","level":"debug","message":"Street: Žarka Zrenjanina, Number: 105, City ID: 804908"}
{"timestamp":"2025-07-01 08:35:57","context":"api","level":"debug","message":"[COD DEBUG] Lokacija: s7Code DOO, Bank account: 170-0010364556000-77"}
{"timestamp":"2025-07-01 08:35:57","context":"api","level":"debug","message":"Payment method: cod, Is COD: Yes"}
{"timestamp":"2025-07-01 08:35:57","context":"api","level":"debug","message":"[BANK DEBUG] Original: 170-0010364556000-77, Digits: 170001036455600077, Length: 18"}
{"timestamp":"2025-07-01 08:35:57","context":"api","level":"debug","message":"[BANK DEBUG] Formatted (16-18): 170-0010364556000-77"}
{"timestamp":"2025-07-01 08:35:57","context":"api","level":"debug","message":"[COD DEBUG] Formatiran račun: 170-0010364556000-77"}
{"timestamp":"2025-07-01 08:35:57","context":"api","level":"debug","message":"Using BuyOut: 60800, Account from location 's7Code DOO': 170-0010364556000-77"}
{"timestamp":"2025-07-01 08:35:57","context":"api","level":"debug","message":"[WEIGHT DEBUG] Početak izračunavanja težine za narudžbinu #884"}
{"timestamp":"2025-07-01 08:35:57","context":"api","level":"debug","message":"[WEIGHT DEBUG] Ukupna težina u kg pre konverzije: 0"}
{"timestamp":"2025-07-01 08:35:57","context":"api","level":"debug","message":"[WEIGHT DEBUG] Konačna težina u gramima: 100"}
{"timestamp":"2025-07-01 08:35:57","context":"api","level":"debug","message":"[WEIGHT DEBUG] Težina iz calculate_order_weight: 100 grama"}
{"timestamp":"2025-07-01 08:35:57","context":"api","level":"debug","message":"[WEIGHT DEBUG] Težina nakon formatiranja za API: 100 grama"}
{"timestamp":"2025-07-01 08:35:57","context":"api","level":"debug","message":"[WEIGHT DEBUG] Početak izračunavanja težine za narudžbinu #884"}
{"timestamp":"2025-07-01 08:35:57","context":"api","level":"debug","message":"[WEIGHT DEBUG] Ukupna težina u kg pre konverzije: 0"}
{"timestamp":"2025-07-01 08:35:57","context":"api","level":"debug","message":"[WEIGHT DEBUG] Konačna težina u gramima: 100"}
{"timestamp":"2025-07-01 08:35:57","context":"api","level":"debug","message":"Final BuyOut amount: 60800"}
{"timestamp":"2025-07-01 08:35:57","context":"api","level":"debug","message":"Final BuyOutAccount: 170-0010364556000-77"}
{"timestamp":"2025-07-01 08:35:57","context":"api","level":"debug","message":"Final RAddressNum: 105"}
{"timestamp":"2025-07-01 08:35:57","context":"api","level":"debug","message":"Final RTownID: 804908"}
{"timestamp":"2025-07-01 08:35:57","context":"api","level":"debug","message":"Final RCPhone: 381603995503"}
{"timestamp":"2025-07-01 08:35:57","context":"api","level":"debug","message":"Using address type: shipping"}
{"timestamp":"2025-07-01 08:35:57","context":"api","level":"debug","message":"Street: Žarka Zrenjanina, Number: 105, City ID: 804908"}
{"timestamp":"2025-07-01 08:35:57","context":"api","level":"debug","message":"[COD DEBUG] Lokacija: s7Code KI DOO, Bank account: 155-8500181632480-56"}
{"timestamp":"2025-07-01 08:35:57","context":"api","level":"debug","message":"Payment method: cod, Is COD: Yes"}
{"timestamp":"2025-07-01 08:35:57","context":"api","level":"debug","message":"[BANK DEBUG] Original: 155-8500181632480-56, Digits: 155850018163248056, Length: 18"}
{"timestamp":"2025-07-01 08:35:57","context":"api","level":"debug","message":"[BANK DEBUG] Formatted (16-18): 155-8500181632480-56"}
{"timestamp":"2025-07-01 08:35:57","context":"api","level":"debug","message":"[COD DEBUG] Formatiran račun: 155-8500181632480-56"}
{"timestamp":"2025-07-01 08:35:57","context":"api","level":"debug","message":"Using BuyOut: 60800, Account from location 's7Code KI DOO': 155-8500181632480-56"}
{"timestamp":"2025-07-01 08:35:57","context":"api","level":"debug","message":"[WEIGHT DEBUG] Početak izračunavanja težine za narudžbinu #884"}
{"timestamp":"2025-07-01 08:35:57","context":"api","level":"debug","message":"[WEIGHT DEBUG] Ukupna težina u kg pre konverzije: 0"}
{"timestamp":"2025-07-01 08:35:57","context":"api","level":"debug","message":"[WEIGHT DEBUG] Konačna težina u gramima: 100"}
{"timestamp":"2025-07-01 08:35:57","context":"api","level":"debug","message":"[WEIGHT DEBUG] Težina iz calculate_order_weight: 100 grama"}
{"timestamp":"2025-07-01 08:35:57","context":"api","level":"debug","message":"[WEIGHT DEBUG] Težina nakon formatiranja za API: 100 grama"}
{"timestamp":"2025-07-01 08:35:57","context":"api","level":"debug","message":"[WEIGHT DEBUG] Početak izračunavanja težine za narudžbinu #884"}
{"timestamp":"2025-07-01 08:35:57","context":"api","level":"debug","message":"[WEIGHT DEBUG] Ukupna težina u kg pre konverzije: 0"}
{"timestamp":"2025-07-01 08:35:57","context":"api","level":"debug","message":"[WEIGHT DEBUG] Konačna težina u gramima: 100"}
{"timestamp":"2025-07-01 08:35:57","context":"api","level":"debug","message":"Final BuyOut amount: 60800"}
{"timestamp":"2025-07-01 08:35:57","context":"api","level":"debug","message":"Final BuyOutAccount: 155-8500181632480-56"}
{"timestamp":"2025-07-01 08:35:57","context":"api","level":"debug","message":"Final RAddressNum: 105"}
{"timestamp":"2025-07-01 08:35:57","context":"api","level":"debug","message":"Final RTownID: 804908"}
{"timestamp":"2025-07-01 08:35:57","context":"api","level":"debug","message":"Final RCPhone: 381603995503"}
