{"timestamp":"2025-08-08 07:44:15","context":"api","level":"info","message":"[API DEBUG] Inicijalna vrednost telefona iz WC: +381603995503"}
{"timestamp":"2025-08-08 07:44:15","context":"api","level":"info","message":"[API DEBUG] Koristi se sačuvani API format telefona: 381603995503"}
{"timestamp":"2025-08-08 07:44:16","context":"api","level":"info","message":"[PACKAGE CODE] Generisan kod:  za order #1197"}
{"timestamp":"2025-08-08 07:44:16","context":"api","level":"info","message":"[API DEBUG] Finalni RCPhone za API: 381603995503"}
{"timestamp":"2025-08-08 07:44:16","context":"api","level":"info","message":"[PAYMENT] Vrednost dexpress_payment_type iz opcija: 2"}
[2025-08-08 07:44:16] [info] API Zahtev: https://usersupport.dexpress.rs/ExternalApi/data/addshipment
[2025-08-08 07:44:16] [info] Metod: POST
[2025-08-08 07:44:16] [info] Podaci za API:
{
    "CClientID": "UK16967",
    "CName": "s7Code DOO",
    "CAddress": "Bulevar Cara Lazara",
    "CAddressNum": "106",
    "CTownID": 802824,
    "CCName": "Ilija Velemirov",
    "CCPhone": "381603995503",
    "PuClientID": "UK16967",
    "PuName": "s7Code DOO",
    "PuAddress": "Bulevar Cara Lazara",
    "PuAddressNum": "106",
    "PuTownID": 802824,
    "PuCName": "Ilija Velemirov",
    "PuCPhone": "381603995503",
    "RName": "Nikola Nikolic",
    "RAddress": "Gagarinova",
    "RAddressNum": "14/2a",
    "RAddressDesc": "napomena napomena dostavljacu",
    "RTownID": 802824,
    "RCName": "Nikola Nikolic",
    "RCPhone": "381603995503",
    "Note": "",
    "DlTypeID": 2,
    "PaymentBy": 1,
    "PaymentType": 2,
    "Value": 1800,
    "Content": "1x Beanie with Logo",
    "Mass": 100,
    "ReferenceID": "1197-1",
    "ReturnDoc": 0,
    "BuyOut": 60800,
    "BuyOutFor": 0,
    "BuyOutAccount": "170-0010364556000-77",
    "SelfDropOff": 0,
    "PackageList": [
        {
            "Code": "TT0000000077",
            "Mass": 100
        }
    ]
}
[2025-08-08 07:44:16] [info] --- SLANJE ZAHTEVA ---
[2025-08-08 07:44:16] [info] API Odgovor kod: 200
[2025-08-08 07:44:16] [info] API Odgovor:
"TEST"
[2025-08-08 07:44:16] [info] --- ZAVRŠEN ZAHTEV ---
{"timestamp":"2025-08-08 07:44:16","context":"api","level":"info","message":"[API DEBUG] Inicijalna vrednost telefona iz WC: +381603995503"}
{"timestamp":"2025-08-08 07:44:16","context":"api","level":"info","message":"[API DEBUG] Koristi se sačuvani API format telefona: 381603995503"}
{"timestamp":"2025-08-08 07:44:16","context":"api","level":"info","message":"[PACKAGE CODE] Generisan kod:  za order #1197"}
{"timestamp":"2025-08-08 07:44:16","context":"api","level":"info","message":"[API DEBUG] Finalni RCPhone za API: 381603995503"}
{"timestamp":"2025-08-08 07:44:16","context":"api","level":"info","message":"[PAYMENT] Vrednost dexpress_payment_type iz opcija: 2"}
[2025-08-08 07:44:16] [info] API Zahtev: https://usersupport.dexpress.rs/ExternalApi/data/addshipment
[2025-08-08 07:44:16] [info] Metod: POST
[2025-08-08 07:44:16] [info] Podaci za API:
{
    "CClientID": "UK16967",
    "CName": "s7Code BG DOO",
    "CAddress": "Knez Mihajlova",
    "CAddressNum": "102/1",
    "CTownID": 802786,
    "CCName": "Ilija Velemirov",
    "CCPhone": "381603995501",
    "PuClientID": "UK16967",
    "PuName": "s7Code BG DOO",
    "PuAddress": "Knez Mihajlova",
    "PuAddressNum": "102/1",
    "PuTownID": 802786,
    "PuCName": "Ilija Velemirov",
    "PuCPhone": "381603995501",
    "RName": "Nikola Nikolic",
    "RAddress": "Gagarinova",
    "RAddressNum": "14/2a",
    "RAddressDesc": "napomena napomena dostavljacu",
    "RTownID": 802824,
    "RCName": "Nikola Nikolic",
    "RCPhone": "381603995503",
    "Note": "",
    "DlTypeID": 2,
    "PaymentBy": 1,
    "PaymentType": 2,
    "Value": 9000,
    "Content": "1x Sunglasses",
    "Mass": 100,
    "ReferenceID": "1197-2",
    "ReturnDoc": 0,
    "BuyOut": 60800,
    "BuyOutFor": 0,
    "BuyOutAccount": "170-0010364556000-77",
    "SelfDropOff": 0,
    "PackageList": [
        {
            "Code": "TT0000000078",
            "Mass": 100
        }
    ]
}
[2025-08-08 07:44:16] [info] --- SLANJE ZAHTEVA ---
[2025-08-08 07:44:16] [info] API Odgovor kod: 200
[2025-08-08 07:44:16] [info] API Odgovor:
"TEST"
[2025-08-08 07:44:16] [info] --- ZAVRŠEN ZAHTEV ---
