{"timestamp":"2025-06-26 05:47:37","context":"general","level":"info","message":"CRON: Započeto dnevno ažuriranje"}
{"timestamp":"2025-06-26 05:47:37","context":"general","level":"info","message":"CRON: Ažuriranje paketomata..."}
{"timestamp":"2025-06-26 05:47:38","context":"general","level":"info","message":"CRON: Ažurirano 219 paketomata"}
{"timestamp":"2025-06-26 05:47:39","context":"general","level":"info","message":"CRON: Osnovni šifarnici ažurirani"}
{"timestamp":"2025-06-26 05:47:39","context":"general","level":"info","message":"CRON: Završeno dnevno ažuriranje"}
{"timestamp":"2025-06-26 05:48:27","context":"general","level":"info","message":"CRON: Započeto dnevno ažuriranje"}
{"timestamp":"2025-06-26 05:48:27","context":"general","level":"info","message":"CRON: Ažuriranje paketomata..."}
{"timestamp":"2025-06-26 05:48:28","context":"general","level":"info","message":"CRON: Ažurirano 219 paketomata"}
{"timestamp":"2025-06-26 05:48:28","context":"general","level":"info","message":"CRON: Osnovni šifarnici ažurirani"}
{"timestamp":"2025-06-26 05:48:28","context":"general","level":"info","message":"CRON: Završeno dnevno ažuriranje"}
{"timestamp":"2025-06-26 06:06:12","context":"general","level":"info","message":"Manuelno pokretanje svih ažuriranja"}
{"timestamp":"2025-06-26 06:06:24","context":"general","level":"info","message":"Manuelno ažuriranje uspešno završeno"}
{"timestamp":"2025-06-26 06:10:52","context":"general","level":"info","message":"Manuelno pokretanje svih ažuriranja"}
{"timestamp":"2025-06-26 06:11:05","context":"general","level":"info","message":"Manuelno ažuriranje uspešno završeno"}
{"timestamp":"2025-06-26 07:35:25","context":"general","level":"info","message":"Opseg kodova proširen sa 99 na 200. Dodano 101 novih kodova."}
{"timestamp":"2025-06-26 07:35:45","context":"general","level":"info","message":"Opseg kodova proširen sa 200 na 500. Dodano 300 novih kodova."}
{"timestamp":"2025-06-26 07:48:03","context":"general","level":"info","message":"Opseg kodova proširen sa 500 na 1000. Dodano 500 novih kodova."}
{"timestamp":"2025-06-26 07:48:03","context":"general","level":"info","message":"Podešavanja su ažurirana od strane korisnika ID: 1"}
{"timestamp":"2025-06-26 07:58:24","context":"general","level":"info","message":"Podešavanja su ažurirana od strane korisnika ID: 1"}
{"timestamp":"2025-06-26 08:01:44","context":"general","level":"info","message":"Podešavanja su ažurirana od strane korisnika ID: 1"}
