[2025-03-25 13:14:53] Checkout scripts loaded
[2025-03-25 13:14:53] Google Maps API key: AIzaSyAJekmLcgqJvKMGaf2IeABhU2tsSBjpihM
[2025-03-25 13:20:51] Checkout scripts loaded
[2025-03-25 13:20:51] Google Maps API key: AIzaSyAJekmLcgqJvKMGaf2IeABhU2tsSBjpihM
[2025-03-25 13:22:08] Checkout scripts loaded
[2025-03-25 13:22:08] Google Maps API key: AIzaSyAJekmLcgqJvKMGaf2IeABhU2tsSBjpihM
[2025-03-25 13:23:33] Checkout scripts loaded
[2025-03-25 13:23:33] Google Maps API key: AIzaSyAJekmLcgqJvKMGaf2IeABhU2tsSBjpihM
[2025-03-25 13:24:00] Checkout scripts loaded
[2025-03-25 13:24:00] Google Maps API key: AIzaSyAJekmLcgqJvKMGaf2IeABhU2tsSBjpihM
[2025-03-25 13:30:13] Checkout scripts loaded
[2025-03-25 13:30:13] Google Maps API key: AIzaSyAJekmLcgqJvKMGaf2IeABhU2tsSBjpihM
[2025-03-25 13:32:30] Checkout scripts loaded
[2025-03-25 13:32:30] Google Maps API key: AIzaSyAJekmLcgqJvKMGaf2IeABhU2tsSBjpihM
[2025-03-25 13:36:35] Checkout scripts loaded
[2025-03-25 13:36:35] Google Maps API key: AIzaSyAJekmLcgqJvKMGaf2IeABhU2tsSBjpihM
[2025-03-25 13:40:42] Checkout scripts loaded
[2025-03-25 13:40:42] Google Maps API key: AIzaSyAJekmLcgqJvKMGaf2IeABhU2tsSBjpihM
[2025-03-25 13:44:03] Checkout scripts loaded
[2025-03-25 13:44:03] Google Maps API key: AIzaSyAJekmLcgqJvKMGaf2IeABhU2tsSBjpihM
[2025-03-25 13:48:40] Checkout scripts loaded
[2025-03-25 13:48:40] Google Maps API key: AIzaSyAJekmLcgqJvKMGaf2IeABhU2tsSBjpihM
[2025-03-25 13:48:47] Checkout scripts loaded
[2025-03-25 13:48:47] Google Maps API key: AIzaSyAJekmLcgqJvKMGaf2IeABhU2tsSBjpihM
[2025-03-25 13:50:16] Checkout scripts loaded
[2025-03-25 13:50:16] Google Maps API key: AIzaSyAJekmLcgqJvKMGaf2IeABhU2tsSBjpihM
[2025-03-25 13:50:32] Checkout scripts loaded
[2025-03-25 13:50:32] Google Maps API key: AIzaSyAJekmLcgqJvKMGaf2IeABhU2tsSBjpihM
[2025-03-25 13:52:55] Checkout scripts loaded
[2025-03-25 13:52:55] Google Maps API key: AIzaSyAJekmLcgqJvKMGaf2IeABhU2tsSBjpihM
[2025-03-25 13:53:15] Checkout scripts loaded
[2025-03-25 13:53:15] Google Maps API key: AIzaSyAJekmLcgqJvKMGaf2IeABhU2tsSBjpihM
[2025-03-25 13:53:20] Checkout scripts loaded
[2025-03-25 13:53:20] Google Maps API key: AIzaSyAJekmLcgqJvKMGaf2IeABhU2tsSBjpihM
[2025-03-25 13:54:08] Checkout scripts loaded
[2025-03-25 13:54:08] Google Maps API key: AIzaSyAJekmLcgqJvKMGaf2IeABhU2tsSBjpihM
[2025-03-25 13:54:38] Checkout scripts loaded
[2025-03-25 13:54:38] Google Maps API key: AIzaSyAJekmLcgqJvKMGaf2IeABhU2tsSBjpihM
[2025-03-25 13:55:48] Checkout scripts loaded
[2025-03-25 13:55:48] Google Maps API key: AIzaSyAJekmLcgqJvKMGaf2IeABhU2tsSBjpihM
[2025-03-25 13:57:32] Checkout scripts loaded
[2025-03-25 13:57:32] Google Maps API key: AIzaSyAJekmLcgqJvKMGaf2IeABhU2tsSBjpihM
[2025-03-25 13:59:27] Checkout scripts loaded
[2025-03-25 13:59:27] Google Maps API key: AIzaSyAJekmLcgqJvKMGaf2IeABhU2tsSBjpihM
[2025-03-25 13:59:30] Checkout scripts loaded
[2025-03-25 13:59:30] Google Maps API key: AIzaSyAJekmLcgqJvKMGaf2IeABhU2tsSBjpihM
[2025-03-25 14:00:27] Checkout scripts loaded
[2025-03-25 14:00:27] Google Maps API key: AIzaSyAJekmLcgqJvKMGaf2IeABhU2tsSBjpihM
[2025-03-25 14:00:56] Checkout scripts loaded
[2025-03-25 14:00:56] Google Maps API key: AIzaSyAJekmLcgqJvKMGaf2IeABhU2tsSBjpihM
[2025-03-25 14:01:20] Checkout scripts loaded
[2025-03-25 14:01:20] Google Maps API key: AIzaSyAJekmLcgqJvKMGaf2IeABhU2tsSBjpihM
[2025-03-25 14:01:48] Checkout scripts loaded
[2025-03-25 14:01:48] Google Maps API key: AIzaSyAJekmLcgqJvKMGaf2IeABhU2tsSBjpihM
[2025-03-25 14:01:52] Checkout scripts loaded
[2025-03-25 14:01:52] Google Maps API key: AIzaSyAJekmLcgqJvKMGaf2IeABhU2tsSBjpihM
[2025-03-25 14:02:15] Checkout scripts loaded
[2025-03-25 14:02:15] Google Maps API key: AIzaSyAJekmLcgqJvKMGaf2IeABhU2tsSBjpihM
[2025-03-25 14:02:20] Checkout scripts loaded
[2025-03-25 14:02:20] Google Maps API key: AIzaSyAJekmLcgqJvKMGaf2IeABhU2tsSBjpihM
[2025-03-25 14:04:07] Checkout scripts loaded
[2025-03-25 14:04:07] Google Maps API key: AIzaSyAJekmLcgqJvKMGaf2IeABhU2tsSBjpihM
[2025-03-25 14:04:55] Checkout scripts loaded
[2025-03-25 14:04:55] Google Maps API key: AIzaSyAJekmLcgqJvKMGaf2IeABhU2tsSBjpihM
[2025-03-25 14:04:59] Checkout scripts loaded
[2025-03-25 14:04:59] Google Maps API key: AIzaSyAJekmLcgqJvKMGaf2IeABhU2tsSBjpihM
[2025-03-25 14:05:57] POST phone value: +381603995503
[2025-03-25 14:05:57] Order ID: 785
billing_street: Kikindska
billing_street_id: 22362
billing_number: 12
billing_address_desc: Deda ce izaci ispred kuce
billing_city: Banatska Topola
billing_city_id: 802115
billing_postcode: 23315
billing_address_1: Kikindska 12
shipping_street: NOT SET
shipping_street_id: NOT SET
shipping_number: NOT SET
shipping_address_desc: NOT SET
shipping_city: NOT SET
shipping_city_id: NOT SET
shipping_postcode: NOT SET

[2025-03-25 14:05:58] Checkout order processed: 785
[2025-03-25 14:05:58] Has D Express shipping: Yes
[2025-03-25 14:05:58] Automatic shipment creation is disabled or status does not match. Auto create: Enabled, Current status: pending, Required status: processing
[2025-03-25 14:06:07] [SHIPPING] Započinjem kreiranje pošiljke za narudžbinu #785
[2025-03-25 14:06:07] [SHIPPING] Proveravam adresu za narudžbinu #785
[2025-03-25 14:06:07] Checking address: Array
(
    [RName] => Ilija Velemirov
    [RAddress] => Kikindska
    [RAddressNum] => 12
    [RTownID] => 802115
    [RCName] => Ilija Velemirov
    [RCPhone] => 381603995503
)

[2025-03-25 14:06:08] Address check response: TEST
[2025-03-25 14:06:08] [SHIPPING] Adresa validirana uspešno
[2025-03-25 14:06:08] [SHIPPING] Priprema podataka za narudžbinu #785
[2025-03-25 14:06:08] Using address type: shipping
[2025-03-25 14:06:08] Street: Kikindska, Number: 12, City ID: 802115
[2025-03-25 14:06:08] Payment method: cod, Is COD: Yes
[2025-03-25 14:06:08] Using BuyOut: 51800, Account: 170-0010364556000-77
[2025-03-25 14:06:08] Final BuyOut amount: 51800
[2025-03-25 14:06:08] Final BuyOutAccount: 170-0010364556000-77
[2025-03-25 14:06:08] Final RAddressNum: 12
[2025-03-25 14:06:08] Final RTownID: 802115
[2025-03-25 14:06:08] Final RCPhone: 381603995503
[2025-03-25 14:06:08] [SHIPPING] Šaljem zahtev ka D-Express API-ju
[2025-03-25 14:06:09] [SHIPPING] API odgovor primljen uspešno
[2025-03-25 14:06:09] [SHIPPING] API odgovor: Array
(
    [Message] => The request is invalid.
    [ModelState] => Array
        (
            [shipment.PaymentType] => Array
                (
                    [0] => The field PaymentType is invalid.
                )

        )

)

[2025-03-25 14:06:09] [SHIPPING] Tracking broj: TT0000000081, Shipment ID: TT0000000081
[2025-03-25 14:06:09] [SHIPPING] Čuvanje pošiljke u bazu podataka
[2025-03-25 14:06:09] [SHIPPING] Pošiljka uspešno kreirana sa ID: 4
[2025-03-25 14:06:13] Checkout scripts loaded
[2025-03-25 14:06:13] Google Maps API key: AIzaSyAJekmLcgqJvKMGaf2IeABhU2tsSBjpihM
[2025-03-25 14:10:33] Checkout scripts loaded
[2025-03-25 14:10:33] Google Maps API key: AIzaSyAJekmLcgqJvKMGaf2IeABhU2tsSBjpihM
[2025-03-25 14:11:30] Checkout scripts loaded
[2025-03-25 14:11:30] Google Maps API key: AIzaSyAJekmLcgqJvKMGaf2IeABhU2tsSBjpihM
[2025-03-25 14:15:16] Checkout scripts loaded
[2025-03-25 14:15:16] Google Maps API key: AIzaSyAJekmLcgqJvKMGaf2IeABhU2tsSBjpihM
[2025-03-25 14:15:50] Checkout scripts loaded
[2025-03-25 14:15:50] Google Maps API key: AIzaSyAJekmLcgqJvKMGaf2IeABhU2tsSBjpihM
[2025-03-25 14:16:05] Checkout scripts loaded
[2025-03-25 14:16:05] Google Maps API key: AIzaSyAJekmLcgqJvKMGaf2IeABhU2tsSBjpihM
[2025-03-25 14:16:20] Checkout scripts loaded
[2025-03-25 14:16:20] Google Maps API key: AIzaSyAJekmLcgqJvKMGaf2IeABhU2tsSBjpihM
[2025-03-25 14:17:47] Checkout scripts loaded
[2025-03-25 14:17:47] Google Maps API key: AIzaSyAJekmLcgqJvKMGaf2IeABhU2tsSBjpihM
[2025-03-25 14:19:04] Checkout scripts loaded
[2025-03-25 14:19:04] Google Maps API key: AIzaSyAJekmLcgqJvKMGaf2IeABhU2tsSBjpihM
[2025-03-25 14:19:09] Checkout scripts loaded
[2025-03-25 14:19:09] Google Maps API key: AIzaSyAJekmLcgqJvKMGaf2IeABhU2tsSBjpihM
[2025-03-25 14:23:36] Checkout scripts loaded
[2025-03-25 14:23:36] Google Maps API key: AIzaSyAJekmLcgqJvKMGaf2IeABhU2tsSBjpihM
[2025-03-25 14:35:11] Checkout scripts loaded
[2025-03-25 14:35:11] Google Maps API key: AIzaSyAJekmLcgqJvKMGaf2IeABhU2tsSBjpihM
[2025-03-25 14:35:41] Checkout scripts loaded
[2025-03-25 14:35:41] Google Maps API key: AIzaSyAJekmLcgqJvKMGaf2IeABhU2tsSBjpihM
