[2025-04-10 09:10:31] Checkout order processed: 822
[2025-04-10 09:10:31] Has D Express shipping: Yes
[2025-04-10 09:10:31] Automatic shipment creation is disabled or status does not match. Auto create: Enabled, Current status: pending, Required status: processing
[2025-04-10 09:10:34] [SHIPPING] Započinjem kreiranje pošiljke za narudžbinu #822
[2025-04-10 09:10:34] [SHIPPING] Priprema podataka za narudžbinu #822
[2025-04-10 09:10:34] Using address type: shipping
[2025-04-10 09:10:34] Street: 3. predgrađe, Number: 3, City ID: 801542
[2025-04-10 09:10:34] Payment method: cod, Is COD: Yes
[2025-04-10 09:10:34] Using BuyOut: 99000, Account: 170-0010364556000-77
[2025-04-10 09:10:34] [WEIGHT DEBUG] Početak izračunavanja težine za narudžbinu #822
[2025-04-10 09:10:34] [WEIGHT DEBUG] Proizvod: Beanie, Težina: 11.5kg, Količina: 1, Ukupno: 11.5kg
[2025-04-10 09:10:34] [WEIGHT DEBUG] Ukupna težina u kg pre konverzije: 11.5
[2025-04-10 09:10:34] [WEIGHT DEBUG] Konačna težina u gramima: 11500
[2025-04-10 09:10:34] [WEIGHT DEBUG] Težina iz calculate_order_weight: 11500 grama
[2025-04-10 09:10:34] [WEIGHT DEBUG] Težina nakon formatiranja za API: 11500 grama
[2025-04-10 09:10:34] [WEIGHT DEBUG] Početak izračunavanja težine za narudžbinu #822
[2025-04-10 09:10:34] [WEIGHT DEBUG] Proizvod: Beanie, Težina: 11.5kg, Količina: 1, Ukupno: 11.5kg
[2025-04-10 09:10:34] [WEIGHT DEBUG] Ukupna težina u kg pre konverzije: 11.5
[2025-04-10 09:10:34] [WEIGHT DEBUG] Konačna težina u gramima: 11500
[2025-04-10 09:10:34] Final BuyOut amount: 99000
[2025-04-10 09:10:34] Final BuyOutAccount: 170-0010364556000-77
[2025-04-10 09:10:34] Final RAddressNum: 3
[2025-04-10 09:10:34] Final RTownID: 801542
[2025-04-10 09:10:34] Final RCPhone: 381603995503
[2025-04-10 09:10:34] [SHIPPING] Šaljem zahtev ka D-Express API-ju
[2025-04-10 09:10:34] [SHIPPING] API odgovor primljen uspešno
[2025-04-10 09:10:34] [SHIPPING] API odgovor: TEST
[2025-04-10 09:10:34] [SHIPPING] Tracking broj: TT0000000019, Shipment ID: TT0000000019
[2025-04-10 09:10:34] [SHIPPING] Čuvanje pošiljke u bazu podataka
[2025-04-10 09:10:34] [SHIPPING] Pošiljka uspešno kreirana sa ID: 8
