[2025-03-26 09:18:37] [CHECKOUT] Telefon iz forme: +381603995503
[2025-03-26 09:18:40] API Zahtev: https://usersupport.dexpress.rs/ExternalApi/data/checkaddress
[2025-03-26 09:18:40] [API DEBUG] Inicijalna vrednost telefona iz WC: +381603995503
[2025-03-26 09:18:40] [PAKETOMAT] Postavljanje payment_type na 2 (Faktura) za paketomat
[2025-03-26 09:18:40] [API DEBUG] Koristi se sačuvani API format telefona: 381603995503
[2025-03-26 09:18:40] [API DEBUG] Finalni RCPhone za API: 381603995503
[2025-03-26 09:18:40] [SHIPPING DEBUG] Telefon u API zahtevu: 381603995503
[2025-03-26 09:18:40] Kreiranje pošiljke. Podaci: Array
(
    [CClientID] => UK16967
    [CName] => s7Code DOO
    [CAddress] => Bulevar Cara Lazara
    [CAddressNum] => 106
    [CTownID] => 802824
    [CCName] => Ilija Velemirov
    [CCPhone] => 381603995503
    [PuClientID] => UK16967
    [PuName] => s7Code DOO
    [PuAddress] => Bulevar Cara Lazara
    [PuAddressNum] => 106
    [PuTownID] => 802824
    [PuCName] => Ilija Velemirov
    [PuCPhone] => 381603995503
    [RName] => Ilija Velemirov
    [RAddress] => Bulevar cara Lazara
    [RAddressNum] => 15
    [RAddressDesc] => ispred zgrade
    [RTownID] => 802824
    [RCName] => Ilija Velemirov
    [RCPhone] => 381603995503
    [Note] => 
    [DlTypeID] => 2
    [PaymentBy] => 1
    [PaymentType] => 2
    [Value] => 41700
    [Content] => Dokumenta
    [Mass] => 100
    [ReferenceID] => ORDER-787-1742980720
    [ReturnDoc] => 0
    [BuyOut] => 41700
    [BuyOutFor] => 0
    [BuyOutAccount] => 170-0010364556000-77
    [SelfDropOff] => 0
    [PackageList] => Array
        (
            [0] => Array
                (
                    [Code] => TT0000000083
                    [Mass] => 100
                )

        )

    [DispenserID] => 273
)

[2025-03-26 09:18:40] [PAKETOMAT DEBUG] Kreiranje pošiljke za paketomat ID: 273
[2025-03-26 09:18:40] [PAKETOMAT DEBUG] Kompletan zahtev: Array
(
    [CClientID] => UK16967
    [CName] => s7Code DOO
    [CAddress] => Bulevar Cara Lazara
    [CAddressNum] => 106
    [CTownID] => 802824
    [CCName] => Ilija Velemirov
    [CCPhone] => 381603995503
    [PuClientID] => UK16967
    [PuName] => s7Code DOO
    [PuAddress] => Bulevar Cara Lazara
    [PuAddressNum] => 106
    [PuTownID] => 802824
    [PuCName] => Ilija Velemirov
    [PuCPhone] => 381603995503
    [RName] => Ilija Velemirov
    [RAddress] => Bulevar cara Lazara
    [RAddressNum] => 15
    [RAddressDesc] => ispred zgrade
    [RTownID] => 802824
    [RCName] => Ilija Velemirov
    [RCPhone] => 381603995503
    [Note] => 
    [DlTypeID] => 2
    [PaymentBy] => 1
    [PaymentType] => 2
    [Value] => 41700
    [Content] => Dokumenta
    [Mass] => 100
    [ReferenceID] => ORDER-787-1742980720
    [ReturnDoc] => 0
    [BuyOut] => 41700
    [BuyOutFor] => 0
    [BuyOutAccount] => 170-0010364556000-77
    [SelfDropOff] => 0
    [PackageList] => Array
        (
            [0] => Array
                (
                    [Code] => TT0000000083
                    [Mass] => 100
                )

        )

    [DispenserID] => 273
)

[2025-03-26 09:18:40] [PAYMENT] Vrednost dexpress_payment_type iz opcija: 2
[2025-03-26 09:18:40] API Zahtev: https://usersupport.dexpress.rs/ExternalApi/data/addshipment
