{"timestamp":"2025-08-21 07:09:09","context":"api","level":"info","message":"[API DEBUG] Inicijalna vrednost telefona iz WC: +381603995503"}
{"timestamp":"2025-08-21 07:09:09","context":"api","level":"info","message":"[API DEBUG] Koristi se sačuvani API format telefona: 381603995503"}
{"timestamp":"2025-08-21 07:09:09","context":"api","level":"info","message":"[PACKAGE DEBUG] custom_content: \"\", content: \"3x Accessories, Music\""}
{"timestamp":"2025-08-21 07:09:09","context":"api","level":"info","message":"[PACKAGE DEBUG] package_content: \"3x Accessories, Music\""}
{"timestamp":"2025-08-21 07:09:09","context":"api","level":"info","message":"[PACKAGE CODE] Generisan kod:  za order #1236"}
{"timestamp":"2025-08-21 07:09:09","context":"api","level":"info","message":"[API DEBUG] Finalni RCPhone za API: 381603995503"}
{"timestamp":"2025-08-21 07:09:10","context":"api","level":"info","message":"[API VALIDATION] PackageList struktura validna. Paketi: 1"}
{"timestamp":"2025-08-21 07:09:10","context":"api","level":"info","message":"[PAYMENT] Vrednost dexpress_payment_type iz opcija: 2"}
[2025-08-21 07:09:10] [info] API Zahtev: https://usersupport.dexpress.rs/ExternalApi/data/addshipment
[2025-08-21 07:09:10] [info] Metod: POST
[2025-08-21 07:09:10] [info] Podaci za API:
{
    "CClientID": "UK16967",
    "CName": "Ilija Velemirov",
    "CAddress": "Cara Dusana",
    "CAddressNum": "106",
    "CTownID": 802824,
    "CCName": "Ilija Velemirov",
    "CCPhone": "381603995503",
    "PuClientID": "UK16967",
    "PuName": "S7 Code NS",
    "PuAddress": "Cara Dusana",
    "PuAddressNum": "106",
    "PuTownID": 802824,
    "PuCName": "Ilija Velemirov",
    "PuCPhone": "381603995503",
    "RName": "Ilija2 Velemirovic2",
    "RAddress": "Nikole Francuskog",
    "RAddressNum": "54",
    "RAddressDesc": "Stan 32",
    "RTownID": 802158,
    "RCName": "Ilija2 Velemirovic2",
    "RCPhone": "381603995503",
    "Note": "",
    "DlTypeID": 2,
    "PaymentBy": 0,
    "PaymentType": 2,
    "Value": 5500,
    "Content": "Naocare",
    "Mass": 2000,
    "ReferenceID": "1236-L1",
    "ReturnDoc": 0,
    "BuyOut": 5500,
    "BuyOutFor": 0,
    "BuyOutAccount": "170-0010364556000-77",
    "SelfDropOff": 0,
    "PackageList": [
        {
            "Code": "TT0000000007",
            "Mass": 2000,
            "Content": "Naocare",
            "DimX": null,
            "DimY": null,
            "DimZ": null,
            "VMass": null,
            "ReferenceID": null
        }
    ]
}
[2025-08-21 07:09:10] [info] --- SLANJE ZAHTEVA ---
[2025-08-21 07:09:10] [info] API Odgovor kod: 200
[2025-08-21 07:09:10] [info] API Odgovor:
"TEST"
[2025-08-21 07:09:10] [info] --- ZAVRŠEN ZAHTEV ---
{"timestamp":"2025-08-21 07:09:10","context":"api","level":"info","message":"[API DEBUG] Inicijalna vrednost telefona iz WC: +381603995503"}
{"timestamp":"2025-08-21 07:09:10","context":"api","level":"info","message":"[API DEBUG] Koristi se sačuvani API format telefona: 381603995503"}
{"timestamp":"2025-08-21 07:09:10","context":"api","level":"info","message":"[PACKAGE DEBUG] custom_content: \"\", content: \"3x Accessories, Music\""}
{"timestamp":"2025-08-21 07:09:10","context":"api","level":"info","message":"[PACKAGE DEBUG] package_content: \"3x Accessories, Music\""}
{"timestamp":"2025-08-21 07:09:10","context":"api","level":"info","message":"[PACKAGE CODE] Generisan kod:  za order #1236"}
{"timestamp":"2025-08-21 07:09:10","context":"api","level":"info","message":"[API DEBUG] Finalni RCPhone za API: 381603995503"}
{"timestamp":"2025-08-21 07:09:10","context":"api","level":"info","message":"[API VALIDATION] PackageList struktura validna. Paketi: 1"}
{"timestamp":"2025-08-21 07:09:10","context":"api","level":"info","message":"[PAYMENT] Vrednost dexpress_payment_type iz opcija: 2"}
[2025-08-21 07:09:10] [info] API Zahtev: https://usersupport.dexpress.rs/ExternalApi/data/addshipment
[2025-08-21 07:09:10] [info] Metod: POST
[2025-08-21 07:09:10] [info] Podaci za API:
{
    "CClientID": "UK16967",
    "CName": "Ilija Velemirov",
    "CAddress": "Nemanjina",
    "CAddressNum": "12",
    "CTownID": 802158,
    "CCName": "Ilija Velemirov",
    "CCPhone": "381691125544",
    "PuClientID": "UK16967",
    "PuName": "S7 Code KI",
    "PuAddress": "Nemanjina",
    "PuAddressNum": "12",
    "PuTownID": 802158,
    "PuCName": "Ilija Velemirov",
    "PuCPhone": "381691125544",
    "RName": "Ilija2 Velemirovic2",
    "RAddress": "Nikole Francuskog",
    "RAddressNum": "54",
    "RAddressDesc": "Stan 32",
    "RTownID": 802158,
    "RCName": "Ilija2 Velemirovic2",
    "RCPhone": "381603995503",
    "Note": "",
    "DlTypeID": 2,
    "PaymentBy": 0,
    "PaymentType": 2,
    "Value": 3300,
    "Content": "PinkFloyd, Accessories",
    "Mass": 5100,
    "ReferenceID": "1236-L2",
    "ReturnDoc": 0,
    "BuyOut": 3300,
    "BuyOutFor": 0,
    "BuyOutAccount": "170-0010364556000-77",
    "SelfDropOff": 0,
    "PackageList": [
        {
            "Code": "TT0000000008",
            "Mass": 5100,
            "Content": "PinkFloyd, Accessories",
            "DimX": null,
            "DimY": null,
            "DimZ": null,
            "VMass": null,
            "ReferenceID": null
        }
    ]
}
[2025-08-21 07:09:10] [info] --- SLANJE ZAHTEVA ---
[2025-08-21 07:09:10] [info] API Odgovor kod: 200
[2025-08-21 07:09:10] [info] API Odgovor:
"TEST"
[2025-08-21 07:09:10] [info] --- ZAVRŠEN ZAHTEV ---
{"timestamp":"2025-08-21 07:10:08","context":"api","level":"info","message":"[API DEBUG] Inicijalna vrednost telefona iz WC: +381603995503"}
{"timestamp":"2025-08-21 07:10:08","context":"api","level":"info","message":"[API DEBUG] Koristi se sačuvani API format telefona: 381603995503"}
{"timestamp":"2025-08-21 07:10:08","context":"api","level":"info","message":"[PACKAGE DEBUG] custom_content: \"\", content: \"3x Accessories, Uncategorized\""}
{"timestamp":"2025-08-21 07:10:09","context":"api","level":"info","message":"[PACKAGE DEBUG] package_content: \"3x Accessories, Uncategorized\""}
{"timestamp":"2025-08-21 07:10:09","context":"api","level":"info","message":"[PACKAGE CODE] Generisan kod:  za order #1237"}
{"timestamp":"2025-08-21 07:10:09","context":"api","level":"info","message":"[API DEBUG] Finalni RCPhone za API: 381603995503"}
{"timestamp":"2025-08-21 07:10:09","context":"api","level":"info","message":"[API VALIDATION] PackageList struktura validna. Paketi: 2"}
{"timestamp":"2025-08-21 07:10:09","context":"api","level":"info","message":"[PAYMENT] Vrednost dexpress_payment_type iz opcija: 2"}
[2025-08-21 07:10:09] [info] API Zahtev: https://usersupport.dexpress.rs/ExternalApi/data/addshipment
[2025-08-21 07:10:09] [info] Metod: POST
[2025-08-21 07:10:09] [info] Podaci za API:
{
    "CClientID": "UK16967",
    "CName": "Ilija Velemirov",
    "CAddress": "Cara Dusana",
    "CAddressNum": "106",
    "CTownID": 802824,
    "CCName": "Ilija Velemirov",
    "CCPhone": "381603995503",
    "PuClientID": "UK16967",
    "PuName": "S7 Code NS",
    "PuAddress": "Cara Dusana",
    "PuAddressNum": "106",
    "PuTownID": 802824,
    "PuCName": "Ilija Velemirov",
    "PuCPhone": "381603995503",
    "RName": "Ilija2 Velemirovic2",
    "RAddress": "Nikole Francuskog",
    "RAddressNum": "54",
    "RAddressDesc": "Stan 32",
    "RTownID": 802158,
    "RCName": "Ilija2 Velemirovic2",
    "RCPhone": "381603995503",
    "Note": "",
    "DlTypeID": 2,
    "PaymentBy": 0,
    "PaymentType": 2,
    "Value": 59000,
    "Content": "Accessories, Accessories, Uncategorized",
    "Mass": 13600,
    "ReferenceID": "1237",
    "ReturnDoc": 0,
    "BuyOut": 109000,
    "BuyOutFor": 0,
    "BuyOutAccount": "170-0010364556000-77",
    "SelfDropOff": 0,
    "PackageList": [
        {
            "Code": "TT0000000009",
            "Mass": 11500,
            "Content": "Accessories",
            "DimX": null,
            "DimY": null,
            "DimZ": null,
            "VMass": null,
            "ReferenceID": null
        },
        {
            "Code": "TT0000000010",
            "Mass": 2100,
            "Content": "Accessories, Uncategorized",
            "DimX": null,
            "DimY": null,
            "DimZ": null,
            "VMass": null,
            "ReferenceID": null
        }
    ]
}
[2025-08-21 07:10:09] [info] --- SLANJE ZAHTEVA ---
[2025-08-21 07:10:09] [info] API Odgovor kod: 200
[2025-08-21 07:10:09] [info] API Odgovor:
"TEST"
[2025-08-21 07:10:09] [info] --- ZAVRŠEN ZAHTEV ---
