[2025-03-27 14:32:31] Updating streets...
[2025-03-27 14:32:33] Got 39339 streets, starting update...
[2025-03-27 14:32:33] First street data: Array
(
    [Id] => 1
    [Name] => Aberdareva
    [TId] => 791075
    [Del] => 
)

[2025-03-27 14:32:33] Streets update progress: 500/39339
[2025-03-27 14:32:33] Streets update progress: 1000/39339
[2025-03-27 14:32:33] Streets update progress: 1500/39339
[2025-03-27 14:32:33] Streets update progress: 2000/39339
[2025-03-27 14:32:33] Streets update progress: 2500/39339
[2025-03-27 14:32:33] Streets update progress: 3000/39339
[2025-03-27 14:32:33] Streets update progress: 3500/39339
[2025-03-27 14:32:33] Streets update progress: 4000/39339
[2025-03-27 14:32:33] Streets update progress: 4500/39339
[2025-03-27 14:32:33] Streets update progress: 5000/39339
[2025-03-27 14:32:33] Streets update progress: 5500/39339
[2025-03-27 14:32:33] Streets update progress: 6000/39339
[2025-03-27 14:32:33] Streets update progress: 6500/39339
[2025-03-27 14:32:33] Streets update progress: 7000/39339
[2025-03-27 14:32:33] Streets update progress: 7500/39339
[2025-03-27 14:32:33] Streets update progress: 8000/39339
[2025-03-27 14:32:33] Streets update progress: 8500/39339
[2025-03-27 14:32:33] Streets update progress: 9000/39339
[2025-03-27 14:32:33] Streets update progress: 9500/39339
[2025-03-27 14:32:33] Streets update progress: 10000/39339
[2025-03-27 14:32:33] Streets update progress: 10500/39339
[2025-03-27 14:32:33] Streets update progress: 11000/39339
[2025-03-27 14:32:33] Streets update progress: 11500/39339
[2025-03-27 14:32:33] Streets update progress: 12000/39339
[2025-03-27 14:32:33] Streets update progress: 12500/39339
[2025-03-27 14:32:33] Streets update progress: 13000/39339
[2025-03-27 14:32:33] Streets update progress: 13500/39339
[2025-03-27 14:32:33] Streets update progress: 14000/39339
[2025-03-27 14:32:33] Streets update progress: 14500/39339
[2025-03-27 14:32:33] Streets update progress: 15000/39339
[2025-03-27 14:32:33] Streets update progress: 15500/39339
[2025-03-27 14:32:33] Streets update progress: 16000/39339
[2025-03-27 14:32:33] Streets update progress: 16500/39339
[2025-03-27 14:32:33] Streets update progress: 17000/39339
[2025-03-27 14:32:33] Streets update progress: 17500/39339
[2025-03-27 14:32:33] Streets update progress: 18000/39339
[2025-03-27 14:32:33] Streets update progress: 18500/39339
[2025-03-27 14:32:33] Streets update progress: 19000/39339
[2025-03-27 14:32:33] Streets update progress: 19500/39339
[2025-03-27 14:32:33] Streets update progress: 20000/39339
[2025-03-27 14:32:33] Streets update progress: 20500/39339
[2025-03-27 14:32:33] Streets update progress: 21000/39339
[2025-03-27 14:32:33] Streets update progress: 21500/39339
[2025-03-27 14:32:33] Streets update progress: 22000/39339
[2025-03-27 14:32:33] Streets update progress: 22500/39339
[2025-03-27 14:32:33] Streets update progress: 23000/39339
[2025-03-27 14:32:34] Streets update progress: 23500/39339
[2025-03-27 14:32:34] Streets update progress: 24000/39339
[2025-03-27 14:32:34] Streets update progress: 24500/39339
[2025-03-27 14:32:34] Streets update progress: 25000/39339
[2025-03-27 14:32:34] Streets update progress: 25500/39339
[2025-03-27 14:32:34] Streets update progress: 26000/39339
[2025-03-27 14:32:34] Streets update progress: 26500/39339
[2025-03-27 14:32:34] Streets update progress: 27000/39339
[2025-03-27 14:32:34] Streets update progress: 27500/39339
[2025-03-27 14:32:34] Streets update progress: 28000/39339
[2025-03-27 14:32:34] Streets update progress: 28500/39339
[2025-03-27 14:32:34] Streets update progress: 29000/39339
[2025-03-27 14:32:34] Streets update progress: 29500/39339
[2025-03-27 14:32:34] Streets update progress: 30000/39339
[2025-03-27 14:32:34] Streets update progress: 30500/39339
[2025-03-27 14:32:34] Streets update progress: 31000/39339
[2025-03-27 14:32:34] Streets update progress: 31500/39339
[2025-03-27 14:32:34] Streets update progress: 32000/39339
[2025-03-27 14:32:34] Streets update progress: 32500/39339
[2025-03-27 14:32:34] Streets update progress: 33000/39339
[2025-03-27 14:32:34] Streets update progress: 33500/39339
[2025-03-27 14:32:34] Streets update progress: 34000/39339
[2025-03-27 14:32:34] Streets update progress: 34500/39339
[2025-03-27 14:32:34] Streets update progress: 35000/39339
[2025-03-27 14:32:34] Streets update progress: 35500/39339
[2025-03-27 14:32:34] Streets update progress: 36000/39339
[2025-03-27 14:32:34] Streets update progress: 36500/39339
[2025-03-27 14:32:34] Streets update progress: 37000/39339
[2025-03-27 14:32:34] Streets update progress: 37500/39339
[2025-03-27 14:32:34] Streets update progress: 38000/39339
[2025-03-27 14:32:34] Streets update progress: 38500/39339
[2025-03-27 14:32:34] Streets update progress: 39000/39339
[2025-03-27 14:32:34] Streets update progress: 39339/39339
[2025-03-27 14:32:35] Index update completed successfully
[2025-03-27 14:32:49] Podešavanja su ažurirana od strane korisnika ID: 1
[2025-03-27 14:35:16] API Zahtev: https://usersupport.dexpress.rs/ExternalApi/data/shops, Metod: GET, Podaci: nema
[2025-03-27 14:35:16] API Odgovor (kod 200)
[2025-03-27 14:35:16] API Zahtev: https://usersupport.dexpress.rs/ExternalApi/data/locations, Metod: GET, Podaci: nema
[2025-03-27 14:35:17] API Odgovor (kod 200)
[2025-03-27 14:35:17] API Zahtev: https://usersupport.dexpress.rs/ExternalApi/data/municipalities?date=20000101000000, Metod: GET, Podaci: nema
[2025-03-27 14:35:17] API Odgovor (kod 200)
[2025-03-27 14:35:18] API Zahtev: https://usersupport.dexpress.rs/ExternalApi/data/towns?date=20000101000000, Metod: GET, Podaci: nema
[2025-03-27 14:35:18] API Odgovor (kod 200)
[2025-03-27 14:35:29] Updating streets...
[2025-03-27 14:35:29] API Zahtev: https://usersupport.dexpress.rs/ExternalApi/data/streets?date=20000101000000, Metod: GET, Podaci: nema
[2025-03-27 14:35:30] API Odgovor (kod 200)
[2025-03-27 14:35:30] Got 39339 streets, starting update...
[2025-03-27 14:35:30] First street data: Array
(
    [Id] => 1
    [Name] => Aberdareva
    [TId] => 791075
    [Del] => 
)

[2025-03-27 14:35:30] Streets update progress: 500/39339
[2025-03-27 14:35:30] Streets update progress: 1000/39339
[2025-03-27 14:35:30] Streets update progress: 1500/39339
[2025-03-27 14:35:30] Streets update progress: 2000/39339
[2025-03-27 14:35:30] Streets update progress: 2500/39339
[2025-03-27 14:35:30] Streets update progress: 3000/39339
[2025-03-27 14:35:30] Streets update progress: 3500/39339
[2025-03-27 14:35:30] Streets update progress: 4000/39339
[2025-03-27 14:35:30] Streets update progress: 4500/39339
[2025-03-27 14:35:30] Streets update progress: 5000/39339
[2025-03-27 14:35:30] Streets update progress: 5500/39339
[2025-03-27 14:35:30] Streets update progress: 6000/39339
[2025-03-27 14:35:30] Streets update progress: 6500/39339
[2025-03-27 14:35:30] Streets update progress: 7000/39339
[2025-03-27 14:35:30] Streets update progress: 7500/39339
[2025-03-27 14:35:30] Streets update progress: 8000/39339
[2025-03-27 14:35:30] Streets update progress: 8500/39339
[2025-03-27 14:35:30] Streets update progress: 9000/39339
[2025-03-27 14:35:30] Streets update progress: 9500/39339
[2025-03-27 14:35:30] Streets update progress: 10000/39339
[2025-03-27 14:35:30] Streets update progress: 10500/39339
[2025-03-27 14:35:30] Streets update progress: 11000/39339
[2025-03-27 14:35:30] Streets update progress: 11500/39339
[2025-03-27 14:35:30] Streets update progress: 12000/39339
[2025-03-27 14:35:30] Streets update progress: 12500/39339
[2025-03-27 14:35:30] Streets update progress: 13000/39339
[2025-03-27 14:35:30] Streets update progress: 13500/39339
[2025-03-27 14:35:30] Streets update progress: 14000/39339
[2025-03-27 14:35:30] Streets update progress: 14500/39339
[2025-03-27 14:35:30] Streets update progress: 15000/39339
[2025-03-27 14:35:30] Streets update progress: 15500/39339
[2025-03-27 14:35:30] Streets update progress: 16000/39339
[2025-03-27 14:35:30] Streets update progress: 16500/39339
[2025-03-27 14:35:30] Streets update progress: 17000/39339
[2025-03-27 14:35:30] Streets update progress: 17500/39339
[2025-03-27 14:35:30] Streets update progress: 18000/39339
[2025-03-27 14:35:30] Streets update progress: 18500/39339
[2025-03-27 14:35:30] Streets update progress: 19000/39339
[2025-03-27 14:35:30] Streets update progress: 19500/39339
[2025-03-27 14:35:30] Streets update progress: 20000/39339
[2025-03-27 14:35:30] Streets update progress: 20500/39339
[2025-03-27 14:35:30] Streets update progress: 21000/39339
[2025-03-27 14:35:30] Streets update progress: 21500/39339
[2025-03-27 14:35:30] Streets update progress: 22000/39339
[2025-03-27 14:35:30] Streets update progress: 22500/39339
[2025-03-27 14:35:30] Streets update progress: 23000/39339
[2025-03-27 14:35:30] Streets update progress: 23500/39339
[2025-03-27 14:35:30] Streets update progress: 24000/39339
[2025-03-27 14:35:30] Streets update progress: 24500/39339
[2025-03-27 14:35:30] Streets update progress: 25000/39339
[2025-03-27 14:35:30] Streets update progress: 25500/39339
[2025-03-27 14:35:30] Streets update progress: 26000/39339
[2025-03-27 14:35:30] Streets update progress: 26500/39339
[2025-03-27 14:35:30] Streets update progress: 27000/39339
[2025-03-27 14:35:30] Streets update progress: 27500/39339
[2025-03-27 14:35:30] Streets update progress: 28000/39339
[2025-03-27 14:35:30] Streets update progress: 28500/39339
[2025-03-27 14:35:30] Streets update progress: 29000/39339
[2025-03-27 14:35:30] Streets update progress: 29500/39339
[2025-03-27 14:35:30] Streets update progress: 30000/39339
[2025-03-27 14:35:30] Streets update progress: 30500/39339
[2025-03-27 14:35:30] Streets update progress: 31000/39339
[2025-03-27 14:35:30] Streets update progress: 31500/39339
[2025-03-27 14:35:30] Streets update progress: 32000/39339
[2025-03-27 14:35:30] Streets update progress: 32500/39339
[2025-03-27 14:35:31] Streets update progress: 33000/39339
[2025-03-27 14:35:31] Streets update progress: 33500/39339
[2025-03-27 14:35:31] Streets update progress: 34000/39339
[2025-03-27 14:35:31] Streets update progress: 34500/39339
[2025-03-27 14:35:31] Streets update progress: 35000/39339
[2025-03-27 14:35:31] Streets update progress: 35500/39339
[2025-03-27 14:35:31] Streets update progress: 36000/39339
[2025-03-27 14:35:31] Streets update progress: 36500/39339
[2025-03-27 14:35:31] Streets update progress: 37000/39339
[2025-03-27 14:35:31] Streets update progress: 37500/39339
[2025-03-27 14:35:31] Streets update progress: 38000/39339
[2025-03-27 14:35:31] Streets update progress: 38500/39339
[2025-03-27 14:35:31] Streets update progress: 39000/39339
[2025-03-27 14:35:31] Streets update progress: 39339/39339
[2025-03-27 14:35:31] API Zahtev: https://usersupport.dexpress.rs/ExternalApi/data/statuses, Metod: GET, Podaci: nema
[2025-03-27 14:35:31] API Odgovor (kod 200)
[2025-03-27 14:35:31] API Zahtev: https://usersupport.dexpress.rs/ExternalApi/data/dispensers, Metod: GET, Podaci: nema
[2025-03-27 14:35:31] API Odgovor (kod 200)
[2025-03-27 14:35:31] API Zahtev: https://usersupport.dexpress.rs/ExternalApi/data/centres, Metod: GET, Podaci: nema
[2025-03-27 14:35:31] API Odgovor (kod 200)
[2025-03-27 14:35:31] Index update completed successfully
