{"timestamp":"2025-07-07 11:17:00","context":"api","level":"info","message":"API Zahtev: https:\/\/usersupport.dexpress.rs\/ExternalApi\/data\/statuses, Metod: GET, Podaci: nema"}
{"timestamp":"2025-07-07 11:17:00","context":"api","level":"info","message":"API Odgovor (kod 200)"}
{"timestamp":"2025-07-07 11:17:00","context":"api","level":"info","message":"Započeto ažuriranje šifarnika"}
{"timestamp":"2025-07-07 11:17:00","context":"api","level":"info","message":"API Zahtev: https:\/\/usersupport.dexpress.rs\/ExternalApi\/data\/statuses, Metod: GET, Podaci: nema"}
{"timestamp":"2025-07-07 11:17:00","context":"api","level":"info","message":"API Odgovor (kod 200)"}
{"timestamp":"2025-07-07 11:17:00","context":"api","level":"info","message":"Uspešno ažuriran šifarnik statusa. Ukupno: 46"}
{"timestamp":"2025-07-07 11:17:00","context":"api","level":"info","message":"API Zahtev: https:\/\/usersupport.dexpress.rs\/ExternalApi\/data\/shops, Metod: GET, Podaci: nema"}
{"timestamp":"2025-07-07 11:17:01","context":"api","level":"info","message":"API Odgovor (kod 200)"}
{"timestamp":"2025-07-07 11:17:01","context":"api","level":"info","message":"Uspešno ažuriran šifarnik za shops. Ukupno: 44"}
{"timestamp":"2025-07-07 11:17:01","context":"api","level":"info","message":"API Zahtev: https:\/\/usersupport.dexpress.rs\/ExternalApi\/data\/locations, Metod: GET, Podaci: nema"}
{"timestamp":"2025-07-07 11:17:01","context":"api","level":"info","message":"API Odgovor (kod 200)"}
{"timestamp":"2025-07-07 11:17:02","context":"api","level":"info","message":"Uspešno ažuriran šifarnik za locations. Ukupno: 289"}
{"timestamp":"2025-07-07 11:17:02","context":"api","level":"info","message":"API Zahtev: https:\/\/usersupport.dexpress.rs\/ExternalApi\/data\/dispensers, Metod: GET, Podaci: nema"}
{"timestamp":"2025-07-07 11:17:02","context":"api","level":"info","message":"API Odgovor (kod 200)"}
{"timestamp":"2025-07-07 11:17:02","context":"api","level":"info","message":"Uspešno ažuriran šifarnik za dispensers. Ukupno: 219"}
{"timestamp":"2025-07-07 11:17:02","context":"api","level":"info","message":"API Zahtev: https:\/\/usersupport.dexpress.rs\/ExternalApi\/data\/centres, Metod: GET, Podaci: nema"}
{"timestamp":"2025-07-07 11:17:02","context":"api","level":"info","message":"API Odgovor (kod 200)"}
{"timestamp":"2025-07-07 11:17:02","context":"api","level":"info","message":"Uspešno ažuriran šifarnik za centres. Ukupno: 27"}
{"timestamp":"2025-07-07 11:17:02","context":"api","level":"info","message":"API Zahtev: https:\/\/usersupport.dexpress.rs\/ExternalApi\/data\/municipalities?date=20000101000000, Metod: GET, Podaci: nema"}
{"timestamp":"2025-07-07 11:17:03","context":"api","level":"info","message":"API Odgovor (kod 200)"}
{"timestamp":"2025-07-07 11:17:03","context":"api","level":"info","message":"API Zahtev: https:\/\/usersupport.dexpress.rs\/ExternalApi\/data\/towns?date=20000101000000, Metod: GET, Podaci: nema"}
{"timestamp":"2025-07-07 11:17:03","context":"api","level":"info","message":"API Odgovor (kod 200)"}
{"timestamp":"2025-07-07 11:17:04","context":"api","level":"info","message":"Uspešno ažuriran šifarnik za towns. Ukupno: 4721"}
{"timestamp":"2025-07-07 11:17:04","context":"api","level":"info","message":"Započeto ažuriranje ulica"}
{"timestamp":"2025-07-07 11:17:04","context":"api","level":"info","message":"API Zahtev: https:\/\/usersupport.dexpress.rs\/ExternalApi\/data\/streets?date=20000101000000, Metod: GET, Podaci: nema"}
{"timestamp":"2025-07-07 11:17:05","context":"api","level":"info","message":"API Odgovor (kod 200)"}
{"timestamp":"2025-07-07 11:17:05","context":"api","level":"info","message":"Ažuriranje ulica napredak: 500\/39352"}
{"timestamp":"2025-07-07 11:17:05","context":"api","level":"info","message":"Ažuriranje ulica napredak: 1000\/39352"}
{"timestamp":"2025-07-07 11:17:05","context":"api","level":"info","message":"Ažuriranje ulica napredak: 1500\/39352"}
{"timestamp":"2025-07-07 11:17:05","context":"api","level":"info","message":"Ažuriranje ulica napredak: 2000\/39352"}
{"timestamp":"2025-07-07 11:17:05","context":"api","level":"info","message":"Ažuriranje ulica napredak: 2500\/39352"}
{"timestamp":"2025-07-07 11:17:05","context":"api","level":"info","message":"Ažuriranje ulica napredak: 3000\/39352"}
{"timestamp":"2025-07-07 11:17:05","context":"api","level":"info","message":"Ažuriranje ulica napredak: 3500\/39352"}
{"timestamp":"2025-07-07 11:17:05","context":"api","level":"info","message":"Ažuriranje ulica napredak: 4000\/39352"}
{"timestamp":"2025-07-07 11:17:05","context":"api","level":"info","message":"Ažuriranje ulica napredak: 4500\/39352"}
{"timestamp":"2025-07-07 11:17:05","context":"api","level":"info","message":"Ažuriranje ulica napredak: 5000\/39352"}
{"timestamp":"2025-07-07 11:17:05","context":"api","level":"info","message":"Ažuriranje ulica napredak: 5500\/39352"}
{"timestamp":"2025-07-07 11:17:05","context":"api","level":"info","message":"Ažuriranje ulica napredak: 6000\/39352"}
{"timestamp":"2025-07-07 11:17:05","context":"api","level":"info","message":"Ažuriranje ulica napredak: 6500\/39352"}
{"timestamp":"2025-07-07 11:17:05","context":"api","level":"info","message":"Ažuriranje ulica napredak: 7000\/39352"}
{"timestamp":"2025-07-07 11:17:05","context":"api","level":"info","message":"Ažuriranje ulica napredak: 7500\/39352"}
{"timestamp":"2025-07-07 11:17:05","context":"api","level":"info","message":"Ažuriranje ulica napredak: 8000\/39352"}
{"timestamp":"2025-07-07 11:17:05","context":"api","level":"info","message":"Ažuriranje ulica napredak: 8500\/39352"}
{"timestamp":"2025-07-07 11:17:05","context":"api","level":"info","message":"Ažuriranje ulica napredak: 9000\/39352"}
{"timestamp":"2025-07-07 11:17:05","context":"api","level":"info","message":"Ažuriranje ulica napredak: 9500\/39352"}
{"timestamp":"2025-07-07 11:17:05","context":"api","level":"info","message":"Ažuriranje ulica napredak: 10000\/39352"}
{"timestamp":"2025-07-07 11:17:05","context":"api","level":"info","message":"Ažuriranje ulica napredak: 10500\/39352"}
{"timestamp":"2025-07-07 11:17:05","context":"api","level":"info","message":"Ažuriranje ulica napredak: 11000\/39352"}
{"timestamp":"2025-07-07 11:17:05","context":"api","level":"info","message":"Ažuriranje ulica napredak: 11500\/39352"}
{"timestamp":"2025-07-07 11:17:05","context":"api","level":"info","message":"Ažuriranje ulica napredak: 12000\/39352"}
{"timestamp":"2025-07-07 11:17:05","context":"api","level":"info","message":"Ažuriranje ulica napredak: 12500\/39352"}
{"timestamp":"2025-07-07 11:17:05","context":"api","level":"info","message":"Ažuriranje ulica napredak: 13000\/39352"}
{"timestamp":"2025-07-07 11:17:05","context":"api","level":"info","message":"Ažuriranje ulica napredak: 13500\/39352"}
{"timestamp":"2025-07-07 11:17:05","context":"api","level":"info","message":"Ažuriranje ulica napredak: 14000\/39352"}
{"timestamp":"2025-07-07 11:17:05","context":"api","level":"info","message":"Ažuriranje ulica napredak: 14500\/39352"}
{"timestamp":"2025-07-07 11:17:05","context":"api","level":"info","message":"Ažuriranje ulica napredak: 15000\/39352"}
{"timestamp":"2025-07-07 11:17:05","context":"api","level":"info","message":"Ažuriranje ulica napredak: 15500\/39352"}
{"timestamp":"2025-07-07 11:17:05","context":"api","level":"info","message":"Ažuriranje ulica napredak: 16000\/39352"}
{"timestamp":"2025-07-07 11:17:05","context":"api","level":"info","message":"Ažuriranje ulica napredak: 16500\/39352"}
{"timestamp":"2025-07-07 11:17:05","context":"api","level":"info","message":"Ažuriranje ulica napredak: 17000\/39352"}
{"timestamp":"2025-07-07 11:17:05","context":"api","level":"info","message":"Ažuriranje ulica napredak: 17500\/39352"}
{"timestamp":"2025-07-07 11:17:05","context":"api","level":"info","message":"Ažuriranje ulica napredak: 18000\/39352"}
{"timestamp":"2025-07-07 11:17:05","context":"api","level":"info","message":"Ažuriranje ulica napredak: 18500\/39352"}
{"timestamp":"2025-07-07 11:17:05","context":"api","level":"info","message":"Ažuriranje ulica napredak: 19000\/39352"}
{"timestamp":"2025-07-07 11:17:05","context":"api","level":"info","message":"Ažuriranje ulica napredak: 19500\/39352"}
{"timestamp":"2025-07-07 11:17:05","context":"api","level":"info","message":"Ažuriranje ulica napredak: 20000\/39352"}
{"timestamp":"2025-07-07 11:17:05","context":"api","level":"info","message":"Ažuriranje ulica napredak: 20500\/39352"}
{"timestamp":"2025-07-07 11:17:05","context":"api","level":"info","message":"Ažuriranje ulica napredak: 21000\/39352"}
{"timestamp":"2025-07-07 11:17:05","context":"api","level":"info","message":"Ažuriranje ulica napredak: 21500\/39352"}
{"timestamp":"2025-07-07 11:17:05","context":"api","level":"info","message":"Ažuriranje ulica napredak: 22000\/39352"}
{"timestamp":"2025-07-07 11:17:05","context":"api","level":"info","message":"Ažuriranje ulica napredak: 22500\/39352"}
{"timestamp":"2025-07-07 11:17:05","context":"api","level":"info","message":"Ažuriranje ulica napredak: 23000\/39352"}
{"timestamp":"2025-07-07 11:17:05","context":"api","level":"info","message":"Ažuriranje ulica napredak: 23500\/39352"}
{"timestamp":"2025-07-07 11:17:05","context":"api","level":"info","message":"Ažuriranje ulica napredak: 24000\/39352"}
{"timestamp":"2025-07-07 11:17:05","context":"api","level":"info","message":"Ažuriranje ulica napredak: 24500\/39352"}
{"timestamp":"2025-07-07 11:17:05","context":"api","level":"info","message":"Ažuriranje ulica napredak: 25000\/39352"}
{"timestamp":"2025-07-07 11:17:05","context":"api","level":"info","message":"Ažuriranje ulica napredak: 25500\/39352"}
{"timestamp":"2025-07-07 11:17:05","context":"api","level":"info","message":"Ažuriranje ulica napredak: 26000\/39352"}
{"timestamp":"2025-07-07 11:17:05","context":"api","level":"info","message":"Ažuriranje ulica napredak: 26500\/39352"}
{"timestamp":"2025-07-07 11:17:05","context":"api","level":"info","message":"Ažuriranje ulica napredak: 27000\/39352"}
{"timestamp":"2025-07-07 11:17:05","context":"api","level":"info","message":"Ažuriranje ulica napredak: 27500\/39352"}
{"timestamp":"2025-07-07 11:17:05","context":"api","level":"info","message":"Ažuriranje ulica napredak: 28000\/39352"}
{"timestamp":"2025-07-07 11:17:05","context":"api","level":"info","message":"Ažuriranje ulica napredak: 28500\/39352"}
{"timestamp":"2025-07-07 11:17:05","context":"api","level":"info","message":"Ažuriranje ulica napredak: 29000\/39352"}
{"timestamp":"2025-07-07 11:17:05","context":"api","level":"info","message":"Ažuriranje ulica napredak: 29500\/39352"}
{"timestamp":"2025-07-07 11:17:05","context":"api","level":"info","message":"Ažuriranje ulica napredak: 30000\/39352"}
{"timestamp":"2025-07-07 11:17:05","context":"api","level":"info","message":"Ažuriranje ulica napredak: 30500\/39352"}
{"timestamp":"2025-07-07 11:17:06","context":"api","level":"info","message":"Ažuriranje ulica napredak: 31000\/39352"}
{"timestamp":"2025-07-07 11:17:06","context":"api","level":"info","message":"Ažuriranje ulica napredak: 31500\/39352"}
{"timestamp":"2025-07-07 11:17:06","context":"api","level":"info","message":"Ažuriranje ulica napredak: 32000\/39352"}
{"timestamp":"2025-07-07 11:17:06","context":"api","level":"info","message":"Ažuriranje ulica napredak: 32500\/39352"}
{"timestamp":"2025-07-07 11:17:06","context":"api","level":"info","message":"Ažuriranje ulica napredak: 33000\/39352"}
{"timestamp":"2025-07-07 11:17:06","context":"api","level":"info","message":"Ažuriranje ulica napredak: 33500\/39352"}
{"timestamp":"2025-07-07 11:17:06","context":"api","level":"info","message":"Ažuriranje ulica napredak: 34000\/39352"}
{"timestamp":"2025-07-07 11:17:06","context":"api","level":"info","message":"Ažuriranje ulica napredak: 34500\/39352"}
{"timestamp":"2025-07-07 11:17:06","context":"api","level":"info","message":"Ažuriranje ulica napredak: 35000\/39352"}
{"timestamp":"2025-07-07 11:17:06","context":"api","level":"info","message":"Ažuriranje ulica napredak: 35500\/39352"}
{"timestamp":"2025-07-07 11:17:06","context":"api","level":"info","message":"Ažuriranje ulica napredak: 36000\/39352"}
{"timestamp":"2025-07-07 11:17:06","context":"api","level":"info","message":"Ažuriranje ulica napredak: 36500\/39352"}
{"timestamp":"2025-07-07 11:17:06","context":"api","level":"info","message":"Ažuriranje ulica napredak: 37000\/39352"}
{"timestamp":"2025-07-07 11:17:06","context":"api","level":"info","message":"Ažuriranje ulica napredak: 37500\/39352"}
{"timestamp":"2025-07-07 11:17:06","context":"api","level":"info","message":"Ažuriranje ulica napredak: 38000\/39352"}
{"timestamp":"2025-07-07 11:17:06","context":"api","level":"info","message":"Ažuriranje ulica napredak: 38500\/39352"}
{"timestamp":"2025-07-07 11:17:06","context":"api","level":"info","message":"Ažuriranje ulica napredak: 39000\/39352"}
{"timestamp":"2025-07-07 11:17:06","context":"api","level":"info","message":"Ažuriranje ulica napredak: 39352\/39352"}
{"timestamp":"2025-07-07 11:17:06","context":"api","level":"info","message":"Uspešno ažuriran šifarnik ulica. Ukupno: 39352"}
{"timestamp":"2025-07-07 11:17:06","context":"api","level":"info","message":"Ažuriranje šifarnika uspešno završeno"}
