{"timestamp":"2025-06-30 08:29:27","context":"shipping","level":"debug","message":"[SHIPPING] Započinjem kreiranje pošiljke za narudžbinu #865"}
{"timestamp":"2025-06-30 08:29:27","context":"shipping","level":"debug","message":"[SHIPPING] Koristi se prosleđena lokacija ID: 12"}
{"timestamp":"2025-06-30 08:29:27","context":"shipping","level":"debug","message":"[SHIPPING] Sačuvana korišćena lokacija 12 za order 865"}
{"timestamp":"2025-06-30 08:29:27","context":"shipping","level":"debug","message":"[SHIPPING] Priprema podataka za narudžbinu #865 sa lokacijom 12"}
{"timestamp":"2025-06-30 08:29:27","context":"shipping","level":"debug","message":"[SHIPPING] Šaljem zahtev ka D-Express API-ju"}
{"timestamp":"2025-06-30 08:29:27","context":"shipping","level":"debug","message":"[SHIPPING] API odgovor primljen uspešno"}
{"timestamp":"2025-06-30 08:29:27","context":"shipping","level":"debug","message":"[SHIPPING] API odgovor: TEST"}
{"timestamp":"2025-06-30 08:29:27","context":"shipping","level":"debug","message":"[SHIPPING] Tracking broj: TT0000000057, Shipment ID: TT0000000057"}
{"timestamp":"2025-06-30 08:29:27","context":"shipping","level":"debug","message":"[SHIPPING] Čuvanje pošiljke u bazu podataka sa lokacijom 12"}
{"timestamp":"2025-06-30 08:29:27","context":"shipping","level":"debug","message":"[SHIPPING] Pošiljka uspešno kreirana sa ID: 3 i lokacijom: 12"}
{"timestamp":"2025-06-30 08:36:05","context":"shipping","level":"debug","message":"[SHIPPING] Započinjem kreiranje pošiljke za narudžbinu #866"}
{"timestamp":"2025-06-30 08:36:05","context":"shipping","level":"debug","message":"[SHIPPING] Koristi se prosleđena lokacija ID: 13"}
{"timestamp":"2025-06-30 08:36:05","context":"shipping","level":"debug","message":"[SHIPPING] Sačuvana korišćena lokacija 13 za order 866"}
{"timestamp":"2025-06-30 08:36:05","context":"shipping","level":"debug","message":"[SHIPPING] Priprema podataka za narudžbinu #866 sa lokacijom 13"}
{"timestamp":"2025-06-30 08:36:05","context":"shipping","level":"debug","message":"[SHIPPING] Šaljem zahtev ka D-Express API-ju"}
{"timestamp":"2025-06-30 08:36:05","context":"shipping","level":"debug","message":"[SHIPPING] API odgovor primljen uspešno"}
{"timestamp":"2025-06-30 08:36:05","context":"shipping","level":"debug","message":"[SHIPPING] API odgovor: TEST"}
{"timestamp":"2025-06-30 08:36:05","context":"shipping","level":"debug","message":"[SHIPPING] Tracking broj: TT0000000058, Shipment ID: TT0000000058"}
{"timestamp":"2025-06-30 08:36:06","context":"shipping","level":"debug","message":"[SHIPPING] Čuvanje pošiljke u bazu podataka sa lokacijom 13"}
{"timestamp":"2025-06-30 08:36:06","context":"shipping","level":"debug","message":"[SHIPPING] Pošiljka uspešno kreirana sa ID: 4 i lokacijom: 13"}
