{"timestamp":"2025-08-19 09:00:55","context":"api","level":"info","message":"[API DEBUG] Inicijalna vrednost telefona iz WC: +381603995503"}
{"timestamp":"2025-08-19 09:00:55","context":"api","level":"info","message":"[API DEBUG] Koristi se sačuvani API format telefona: 381603995503"}
{"timestamp":"2025-08-19 09:00:55","context":"api","level":"info","message":"[PACKAGE CODE] Generisan kod:  za order #1214"}
{"timestamp":"2025-08-19 09:00:55","context":"api","level":"info","message":"[API DEBUG] Finalni RCPhone za API: 381603995503"}
{"timestamp":"2025-08-19 09:00:55","context":"api","level":"info","message":"[API VALIDATION] PackageList struktura validna. Paketi: 2"}
{"timestamp":"2025-08-19 09:00:55","context":"api","level":"info","message":"[PAYMENT] Vrednost dexpress_payment_type iz opcija: 2"}
[2025-08-19 09:00:55] [info] API Zahtev: https://usersupport.dexpress.rs/ExternalApi/data/addshipment
[2025-08-19 09:00:55] [info] Metod: POST
[2025-08-19 09:00:55] [info] Podaci za API:
{
    "CClientID": "UK16967",
    "CName": "Ilija Velemirov",
    "CAddress": "Bulevar Cara Lazara",
    "CAddressNum": "106",
    "CTownID": 802824,
    "CCName": "Ilija Velemirov",
    "CCPhone": "381603995503",
    "PuClientID": "UK16967",
    "PuName": "s7Code DOO",
    "PuAddress": "Bulevar Cara Lazara",
    "PuAddressNum": "106",
    "PuTownID": 802824,
    "PuCName": "Ilija Velemirov",
    "PuCPhone": "381603995503",
    "RName": "Zeljana Djokic",
    "RAddress": "Železnička",
    "RAddressNum": "105",
    "RAddressDesc": "Ispred kuce",
    "RTownID": 804932,
    "RCName": "Zeljana Djokic",
    "RCPhone": "381603995503",
    "Note": "",
    "DlTypeID": 2,
    "PaymentBy": 1,
    "PaymentType": 2,
    "Value": 4300,
    "Content": "1x Beanie with Logo, 1x Long Sleeve Tee",
    "Mass": 1000,
    "ReferenceID": "1214",
    "ReturnDoc": 0,
    "BuyOut": 54300,
    "BuyOutFor": 0,
    "BuyOutAccount": "170-0010364556000-77",
    "SelfDropOff": 0,
    "PackageList": [
        {
            "Code": "TT0000000006",
            "Mass": 500,
            "DimX": null,
            "DimY": null,
            "DimZ": null,
            "VMass": null,
            "ReferenceID": null
        },
        {
            "Code": "TT0000000007",
            "Mass": 500,
            "DimX": null,
            "DimY": null,
            "DimZ": null,
            "VMass": null,
            "ReferenceID": null
        }
    ]
}
[2025-08-19 09:00:55] [info] --- SLANJE ZAHTEVA ---
[2025-08-19 09:00:55] [info] API Odgovor kod: 200
[2025-08-19 09:00:55] [info] API Odgovor:
"TEST"
[2025-08-19 09:00:55] [info] --- ZAVRŠEN ZAHTEV ---
