{"timestamp":"2025-08-08 07:44:15","context":"api","level":"debug","message":"Using address type: shipping"}
{"timestamp":"2025-08-08 07:44:15","context":"api","level":"debug","message":"Street: Gagarinova, Number: 14\/2a, City ID: 802824"}
{"timestamp":"2025-08-08 07:44:15","context":"api","level":"debug","message":"[COD DEBUG] Lokacija: s7Code DOO, Bank account: nema"}
{"timestamp":"2025-08-08 07:44:15","context":"api","level":"debug","message":"Payment method: cod, Is COD: Yes"}
{"timestamp":"2025-08-08 07:44:15","context":"api","level":"debug","message":"[BANK DEBUG] Original: 170-0010364556000-77, Digits: 170001036455600077, Length: 18"}
{"timestamp":"2025-08-08 07:44:15","context":"api","level":"debug","message":"[BANK DEBUG] Formatted (16-18): 170-0010364556000-77"}
{"timestamp":"2025-08-08 07:44:15","context":"api","level":"debug","message":"[COD DEBUG] Formatiran račun: 170-0010364556000-77"}
{"timestamp":"2025-08-08 07:44:15","context":"api","level":"debug","message":"Using BuyOut: 60800, Account from location 's7Code DOO': 170-0010364556000-77"}
{"timestamp":"2025-08-08 07:44:16","context":"api","level":"debug","message":"[WEIGHT DEBUG] Početak izračunavanja težine za narudžbinu #1197"}
{"timestamp":"2025-08-08 07:44:16","context":"api","level":"debug","message":"[WEIGHT DEBUG] Ukupna težina u kg pre konverzije: 0"}
{"timestamp":"2025-08-08 07:44:16","context":"api","level":"debug","message":"[WEIGHT DEBUG] Konačna težina u gramima: 100"}
{"timestamp":"2025-08-08 07:44:16","context":"api","level":"debug","message":"[WEIGHT DEBUG] Težina iz calculate_order_weight: 100 grama"}
{"timestamp":"2025-08-08 07:44:16","context":"api","level":"debug","message":"[WEIGHT DEBUG] Težina nakon formatiranja za API: 100 grama"}
{"timestamp":"2025-08-08 07:44:16","context":"api","level":"debug","message":"Final BuyOut amount: 60800"}
{"timestamp":"2025-08-08 07:44:16","context":"api","level":"debug","message":"Final BuyOutAccount: 170-0010364556000-77"}
{"timestamp":"2025-08-08 07:44:16","context":"api","level":"debug","message":"Final RAddressNum: 14\/2a"}
{"timestamp":"2025-08-08 07:44:16","context":"api","level":"debug","message":"Final RTownID: 802824"}
{"timestamp":"2025-08-08 07:44:16","context":"api","level":"debug","message":"Final RCPhone: 381603995503"}
{"timestamp":"2025-08-08 07:44:16","context":"api","level":"debug","message":"Using address type: shipping"}
{"timestamp":"2025-08-08 07:44:16","context":"api","level":"debug","message":"Street: Gagarinova, Number: 14\/2a, City ID: 802824"}
{"timestamp":"2025-08-08 07:44:16","context":"api","level":"debug","message":"[COD DEBUG] Lokacija: s7Code BG DOO, Bank account: nema"}
{"timestamp":"2025-08-08 07:44:16","context":"api","level":"debug","message":"Payment method: cod, Is COD: Yes"}
{"timestamp":"2025-08-08 07:44:16","context":"api","level":"debug","message":"[BANK DEBUG] Original: 170-0010364556000-77, Digits: 170001036455600077, Length: 18"}
{"timestamp":"2025-08-08 07:44:16","context":"api","level":"debug","message":"[BANK DEBUG] Formatted (16-18): 170-0010364556000-77"}
{"timestamp":"2025-08-08 07:44:16","context":"api","level":"debug","message":"[COD DEBUG] Formatiran račun: 170-0010364556000-77"}
{"timestamp":"2025-08-08 07:44:16","context":"api","level":"debug","message":"Using BuyOut: 60800, Account from location 's7Code BG DOO': 170-0010364556000-77"}
{"timestamp":"2025-08-08 07:44:16","context":"api","level":"debug","message":"[WEIGHT DEBUG] Početak izračunavanja težine za narudžbinu #1197"}
{"timestamp":"2025-08-08 07:44:16","context":"api","level":"debug","message":"[WEIGHT DEBUG] Ukupna težina u kg pre konverzije: 0"}
{"timestamp":"2025-08-08 07:44:16","context":"api","level":"debug","message":"[WEIGHT DEBUG] Konačna težina u gramima: 100"}
{"timestamp":"2025-08-08 07:44:16","context":"api","level":"debug","message":"[WEIGHT DEBUG] Težina iz calculate_order_weight: 100 grama"}
{"timestamp":"2025-08-08 07:44:16","context":"api","level":"debug","message":"[WEIGHT DEBUG] Težina nakon formatiranja za API: 100 grama"}
{"timestamp":"2025-08-08 07:44:16","context":"api","level":"debug","message":"Final BuyOut amount: 60800"}
{"timestamp":"2025-08-08 07:44:16","context":"api","level":"debug","message":"Final BuyOutAccount: 170-0010364556000-77"}
{"timestamp":"2025-08-08 07:44:16","context":"api","level":"debug","message":"Final RAddressNum: 14\/2a"}
{"timestamp":"2025-08-08 07:44:16","context":"api","level":"debug","message":"Final RTownID: 802824"}
{"timestamp":"2025-08-08 07:44:16","context":"api","level":"debug","message":"Final RCPhone: 381603995503"}
