[2025-03-28 11:57:35] Pokrenuto osvežavanje statusa za pošiljku ID: 18
[2025-03-28 11:57:35] Pokrenuta simulacija statusa za test pošiljku ID: 18
[2025-03-28 11:57:35] Nema novih simuliranih statusa za pošiljku ID: 18
[2025-03-28 11:59:46] Checkout order processed: 809
[2025-03-28 11:59:46] Has D Express shipping: Yes
[2025-03-28 11:59:46] Automatic shipment creation is disabled or status does not match. Auto create: Enabled, Current status: pending, Required status: processing
[2025-03-28 11:59:49] [SHIPPING] Započinjem kreiranje pošiljke za narudžbinu #809
[2025-03-28 11:59:49] [SHIPPING] Priprema podataka za narudžbinu #809
[2025-03-28 11:59:49] Using address type: shipping
[2025-03-28 11:59:49] Street: Grčića Milenka, Number: 5, City ID: 740527
[2025-03-28 11:59:49] Payment method: cod, Is COD: Yes
[2025-03-28 11:59:49] Using BuyOut: 100600, Account: 170-0010364556000-77
[2025-03-28 11:59:49] [WEIGHT DEBUG] Početak izračunavanja težine za narudžbinu #809
[2025-03-28 11:59:49] [WEIGHT DEBUG] Proizvod: Beanie, Težina: 11.5kg, Količina: 1, Ukupno: 11.5kg
[2025-03-28 11:59:49] [WEIGHT DEBUG] Ukupna težina u kg pre konverzije: 11.5
[2025-03-28 11:59:49] [WEIGHT DEBUG] Konačna težina u gramima: 11500
[2025-03-28 11:59:49] [WEIGHT DEBUG] Težina iz calculate_order_weight: 11500 grama
[2025-03-28 11:59:49] [WEIGHT DEBUG] Težina nakon formatiranja za API: 11500 grama
[2025-03-28 11:59:49] [WEIGHT DEBUG] Početak izračunavanja težine za narudžbinu #809
[2025-03-28 11:59:49] [WEIGHT DEBUG] Proizvod: Beanie, Težina: 11.5kg, Količina: 1, Ukupno: 11.5kg
[2025-03-28 11:59:49] [WEIGHT DEBUG] Ukupna težina u kg pre konverzije: 11.5
[2025-03-28 11:59:49] [WEIGHT DEBUG] Konačna težina u gramima: 11500
[2025-03-28 11:59:49] Final BuyOut amount: 100600
[2025-03-28 11:59:49] Final BuyOutAccount: 170-0010364556000-77
[2025-03-28 11:59:49] Final RAddressNum: 5
[2025-03-28 11:59:49] Final RTownID: 740527
[2025-03-28 11:59:49] Final RCPhone: 381603995506
[2025-03-28 11:59:49] [SHIPPING] Šaljem zahtev ka D-Express API-ju
[2025-03-28 11:59:49] [SHIPPING] API odgovor primljen uspešno
[2025-03-28 11:59:49] [SHIPPING] API odgovor: TEST
[2025-03-28 11:59:49] [SHIPPING] Tracking broj: TT0000000004, Shipment ID: TT0000000004
[2025-03-28 11:59:49] [SHIPPING] Čuvanje pošiljke u bazu podataka
[2025-03-28 11:59:49] [SHIPPING] Pošiljka uspešno kreirana sa ID: 20
[2025-03-28 12:01:33] Checkout order processed: 810
[2025-03-28 12:01:33] Has D Express shipping: Yes
[2025-03-28 12:01:33] Automatic shipment creation is disabled or status does not match. Auto create: Disabled, Current status: pending, Required status: processing
[2025-03-28 12:01:58] [SHIPPING] Započinjem kreiranje pošiljke za narudžbinu #810
[2025-03-28 12:01:58] [SHIPPING] Priprema podataka za narudžbinu #810
[2025-03-28 12:01:58] Using address type: shipping
[2025-03-28 12:01:58] Street: Grada Piteštija, Number: 12, City ID: 718980
[2025-03-28 12:01:58] Payment method: cod, Is COD: Yes
[2025-03-28 12:01:58] Using BuyOut: 51800, Account: 170-0010364556000-77
[2025-03-28 12:01:58] [WEIGHT DEBUG] Početak izračunavanja težine za narudžbinu #810
[2025-03-28 12:01:58] [WEIGHT DEBUG] Ukupna težina u kg pre konverzije: 0
[2025-03-28 12:01:58] [WEIGHT DEBUG] Konačna težina u gramima: 100
[2025-03-28 12:01:58] [WEIGHT DEBUG] Težina iz calculate_order_weight: 100 grama
[2025-03-28 12:01:58] [WEIGHT DEBUG] Težina nakon formatiranja za API: 100 grama
[2025-03-28 12:01:58] [WEIGHT DEBUG] Početak izračunavanja težine za narudžbinu #810
[2025-03-28 12:01:58] [WEIGHT DEBUG] Ukupna težina u kg pre konverzije: 0
[2025-03-28 12:01:58] [WEIGHT DEBUG] Konačna težina u gramima: 100
[2025-03-28 12:01:58] Final BuyOut amount: 51800
[2025-03-28 12:01:58] Final BuyOutAccount: 170-0010364556000-77
[2025-03-28 12:01:58] Final RAddressNum: 12
[2025-03-28 12:01:58] Final RTownID: 718980
[2025-03-28 12:01:58] Final RCPhone: 381603995506
[2025-03-28 12:01:58] [SHIPPING] Šaljem zahtev ka D-Express API-ju
[2025-03-28 12:01:59] [SHIPPING] API odgovor primljen uspešno
[2025-03-28 12:01:59] [SHIPPING] API odgovor: TEST
[2025-03-28 12:01:59] [SHIPPING] Tracking broj: TT0000000005, Shipment ID: TT0000000005
[2025-03-28 12:01:59] [SHIPPING] Čuvanje pošiljke u bazu podataka
[2025-03-28 12:01:59] [SHIPPING] Pošiljka uspešno kreirana sa ID: 21
