[2025-03-24 13:34:13] Checkout scripts loaded
[2025-03-24 13:34:29] Checkout scripts loaded
[2025-03-24 13:34:55] POST phone value: 603995503
[2025-03-24 13:34:55] Order ID: 772
billing_street: Kikindska
billing_street_id: 24782
billing_number: 12
billing_address_desc: 3
billing_city: Novi Sad
billing_city_id: 802824
billing_postcode: 21000
billing_address_1: Kikindska 12
shipping_street: 
shipping_street_id: 
shipping_number: 
shipping_address_desc: 
shipping_city: 
shipping_city_id: 
shipping_postcode: 

[2025-03-24 13:34:55] Checkout order processed: 772
[2025-03-24 13:34:55] Has D Express shipping: Yes
[2025-03-24 13:34:55] Automatic shipment creation is disabled or status does not match. Auto create: Enabled, Current status: pending, Required status: processing
[2025-03-24 13:34:58] [SHIPPING] Započinjem kreiranje pošiljke za narudžbinu #772
[2025-03-24 13:34:58] [SHIPPING] Proveravam adresu za narudžbinu #772
[2025-03-24 13:34:58] Checking address: Array
(
    [RName] => First Name
    [RAddress] => Kikindska
    [RAddressNum] => 12
    [RTownID] => 802824
    [RCName] => First Name
    [RCPhone] => 381603995503
)

[2025-03-24 13:34:58] Address check response: TEST
[2025-03-24 13:34:58] [SHIPPING] Adresa validirana uspešno
[2025-03-24 13:34:58] [SHIPPING] Priprema podataka za narudžbinu #772
[2025-03-24 13:34:58] Using address type: shipping
[2025-03-24 13:34:58] Street: Kikindska, Number: 12, City ID: 802824
[2025-03-24 13:34:58] Payment method: cod, Is COD: Yes
[2025-03-24 13:34:58] Using BuyOut: 51800, Account: 170-0010364556000-77
[2025-03-24 13:34:58] Final BuyOut amount: 51800
[2025-03-24 13:34:58] Final BuyOutAccount: 170-0010364556000-77
[2025-03-24 13:34:58] Final RAddressNum: 12
[2025-03-24 13:34:58] Final RTownID: 802824
[2025-03-24 13:34:58] Final RCPhone: 381603995503
[2025-03-24 13:34:58] [SHIPPING] Šaljem zahtev ka D-Express API-ju
[2025-03-24 13:34:58] [SHIPPING] API odgovor primljen uspešno
[2025-03-24 13:34:58] [SHIPPING] API odgovor: TEST
[2025-03-24 13:34:58] [SHIPPING] Tracking broj: TT0000000066, Shipment ID: TT0000000066
[2025-03-24 13:34:58] [SHIPPING] Čuvanje pošiljke u bazu podataka
[2025-03-24 13:34:58] [SHIPPING] Pošiljka uspešno kreirana sa ID: 66
[2025-03-24 13:35:00] Checkout scripts loaded
[2025-03-24 13:53:44] Checkout scripts loaded
[2025-03-24 13:55:29] POST phone value: +381691995502
[2025-03-24 13:55:29] Order ID: 773
billing_street: Grčkog prijateljstva
billing_street_id: 17865
billing_number: 1
billing_address_desc: 
billing_city: Niš (Pantelej)
billing_city_id: 792012
billing_postcode: 18000
billing_address_1: Grčkog prijateljstva 1
shipping_street: 
shipping_street_id: 
shipping_number: 
shipping_address_desc: 
shipping_city: Novi Sad
shipping_city_id: 
shipping_postcode: 21000

[2025-03-24 13:55:29] Checkout order processed: 773
[2025-03-24 13:55:29] Has D Express shipping: Yes
[2025-03-24 13:55:29] Automatic shipment creation is disabled or status does not match. Auto create: Enabled, Current status: pending, Required status: processing
[2025-03-24 13:55:32] [SHIPPING] Započinjem kreiranje pošiljke za narudžbinu #773
[2025-03-24 13:55:32] [SHIPPING] Proveravam adresu za narudžbinu #773
[2025-03-24 13:55:32] Checking address: Array
(
    [RName] => Firstname lastname
    [RAddress] => Grčkog prijateljstva
    [RAddressNum] => 1
    [RTownID] => 792012
    [RCName] => Firstname lastname
    [RCPhone] => 381691995502
)

[2025-03-24 13:55:32] Address check response: TEST
[2025-03-24 13:55:32] [SHIPPING] Adresa validirana uspešno
[2025-03-24 13:55:32] [SHIPPING] Priprema podataka za narudžbinu #773
[2025-03-24 13:55:32] Using address type: shipping
[2025-03-24 13:55:32] Street: Grčkog prijateljstva, Number: 1, City ID: 792012
[2025-03-24 13:55:32] Payment method: cod, Is COD: Yes
[2025-03-24 13:55:32] Using BuyOut: 51800, Account: 170-0010364556000-77
[2025-03-24 13:55:32] Final BuyOut amount: 51800
[2025-03-24 13:55:32] Final BuyOutAccount: 170-0010364556000-77
[2025-03-24 13:55:32] Final RAddressNum: 1
[2025-03-24 13:55:32] Final RTownID: 792012
[2025-03-24 13:55:32] Final RCPhone: 381691995502
[2025-03-24 13:55:32] [SHIPPING] Šaljem zahtev ka D-Express API-ju
[2025-03-24 13:55:32] [SHIPPING] API odgovor primljen uspešno
[2025-03-24 13:55:32] [SHIPPING] API odgovor: TEST
[2025-03-24 13:55:32] [SHIPPING] Tracking broj: TT0000000067, Shipment ID: TT0000000067
[2025-03-24 13:55:32] [SHIPPING] Čuvanje pošiljke u bazu podataka
[2025-03-24 13:55:32] [SHIPPING] Pošiljka uspešno kreirana sa ID: 67
[2025-03-24 13:55:34] Checkout scripts loaded
[2025-03-24 13:58:20] Checkout scripts loaded
[2025-03-24 13:59:41] Checkout scripts loaded
[2025-03-24 14:00:53] Checkout scripts loaded
[2025-03-24 14:12:55] Checkout scripts loaded
[2025-03-24 14:13:18] POST phone value: +381691995502
[2025-03-24 14:13:18] Order ID: 774
billing_street: Nikole Francuskog
billing_street_id: 22508
billing_number: 15
billing_address_desc: Baba ce izaci ispred kuce
billing_city: Kikinda
billing_city_id: 802158
billing_postcode: 23300
billing_address_1: Nikole Francuskog 15
shipping_street: 
shipping_street_id: 
shipping_number: 
shipping_address_desc: 
shipping_city: Niš (Pantelej)
shipping_city_id: 
shipping_postcode: 18000

[2025-03-24 14:13:18] Checkout order processed: 774
[2025-03-24 14:13:18] Has D Express shipping: Yes
[2025-03-24 14:13:18] Automatic shipment creation is disabled or status does not match. Auto create: Enabled, Current status: pending, Required status: processing
[2025-03-24 14:13:21] [SHIPPING] Započinjem kreiranje pošiljke za narudžbinu #774
[2025-03-24 14:13:21] [SHIPPING] Proveravam adresu za narudžbinu #774
[2025-03-24 14:13:21] Checking address: Array
(
    [RName] => Velemirov Ilija
    [RAddress] => Nikole Francuskog
    [RAddressNum] => 15
    [RTownID] => 802158
    [RCName] => Velemirov Ilija
    [RCPhone] => 381691995502
)

[2025-03-24 14:13:21] Address check response: TEST
[2025-03-24 14:13:21] [SHIPPING] Adresa validirana uspešno
[2025-03-24 14:13:21] [SHIPPING] Priprema podataka za narudžbinu #774
[2025-03-24 14:13:21] Using address type: shipping
[2025-03-24 14:13:21] Street: Nikole Francuskog, Number: 15, City ID: 802158
[2025-03-24 14:13:21] Payment method: cod, Is COD: Yes
[2025-03-24 14:13:21] Using BuyOut: 51800, Account: 170-0010364556000-77
[2025-03-24 14:13:21] Final BuyOut amount: 51800
[2025-03-24 14:13:21] Final BuyOutAccount: 170-0010364556000-77
[2025-03-24 14:13:21] Final RAddressNum: 15
[2025-03-24 14:13:21] Final RTownID: 802158
[2025-03-24 14:13:21] Final RCPhone: 381691995502
[2025-03-24 14:13:21] [SHIPPING] Šaljem zahtev ka D-Express API-ju
[2025-03-24 14:13:21] [SHIPPING] API odgovor primljen uspešno
[2025-03-24 14:13:21] [SHIPPING] API odgovor: TEST
[2025-03-24 14:13:21] [SHIPPING] Tracking broj: TT0000000068, Shipment ID: TT0000000068
[2025-03-24 14:13:21] [SHIPPING] Čuvanje pošiljke u bazu podataka
[2025-03-24 14:13:21] [SHIPPING] Pošiljka uspešno kreirana sa ID: 68
[2025-03-24 14:13:23] Checkout scripts loaded
[2025-03-24 14:18:01] Checkout scripts loaded
[2025-03-24 14:18:03] Checkout scripts loaded
[2025-03-24 14:18:16] POST phone value: +381691995502
[2025-03-24 14:18:16] Order ID: 775
billing_street: Kikindska
billing_street_id: 22362
billing_number: 12
billing_address_desc: Deda ce izaci ispred
billing_city: Banatska Topola
billing_city_id: 802115
billing_postcode: 23315
billing_address_1: Kikindska 12
shipping_street: 
shipping_street_id: 
shipping_number: 
shipping_address_desc: 
shipping_city: Kikinda
shipping_city_id: 
shipping_postcode: 23300

[2025-03-24 14:18:16] Checkout order processed: 775
[2025-03-24 14:18:16] Has D Express shipping: Yes
[2025-03-24 14:18:16] Automatic shipment creation is disabled or status does not match. Auto create: Enabled, Current status: pending, Required status: processing
[2025-03-24 14:18:18] [SHIPPING] Započinjem kreiranje pošiljke za narudžbinu #775
[2025-03-24 14:18:18] [SHIPPING] Proveravam adresu za narudžbinu #775
[2025-03-24 14:18:18] Checking address: Array
(
    [RName] => Velemirov Ilija
    [RAddress] => Kikindska
    [RAddressNum] => 12
    [RTownID] => 802115
    [RCName] => Velemirov Ilija
    [RCPhone] => 381691995502
)

[2025-03-24 14:18:18] Address check response: TEST
[2025-03-24 14:18:18] [SHIPPING] Adresa validirana uspešno
[2025-03-24 14:18:18] [SHIPPING] Priprema podataka za narudžbinu #775
[2025-03-24 14:18:18] Using address type: shipping
[2025-03-24 14:18:18] Street: Kikindska, Number: 12, City ID: 802115
[2025-03-24 14:18:18] Payment method: cod, Is COD: Yes
[2025-03-24 14:18:18] Using BuyOut: 51800, Account: 170-0010364556000-77
[2025-03-24 14:18:18] Final BuyOut amount: 51800
[2025-03-24 14:18:18] Final BuyOutAccount: 170-0010364556000-77
[2025-03-24 14:18:18] Final RAddressNum: 12
[2025-03-24 14:18:18] Final RTownID: 802115
[2025-03-24 14:18:18] Final RCPhone: 381691995502
[2025-03-24 14:18:18] [SHIPPING] Šaljem zahtev ka D-Express API-ju
[2025-03-24 14:18:19] [SHIPPING] API odgovor primljen uspešno
[2025-03-24 14:18:19] [SHIPPING] API odgovor: TEST
[2025-03-24 14:18:19] [SHIPPING] Tracking broj: TT0000000069, Shipment ID: TT0000000069
[2025-03-24 14:18:19] [SHIPPING] Čuvanje pošiljke u bazu podataka
[2025-03-24 14:18:19] [SHIPPING] Pošiljka uspešno kreirana sa ID: 69
[2025-03-24 14:18:20] Checkout scripts loaded
[2025-03-24 14:23:34] Checkout scripts loaded
[2025-03-24 14:23:52] POST phone value: +381691995502
[2025-03-24 14:23:53] Order ID: 776
billing_street: Kikindska
billing_street_id: 23474
billing_number: 15
billing_address_desc: stan 3, deda ce izaci ispred zgrade
billing_city: Bočar
billing_city_id: 802590
billing_postcode: 23274
billing_address_1: Kikindska 15
shipping_street: 
shipping_street_id: 
shipping_number: 
shipping_address_desc: 
shipping_city: Banatska Topola
shipping_city_id: 
shipping_postcode: 23315

[2025-03-24 14:23:53] Checkout order processed: 776
[2025-03-24 14:23:53] Has D Express shipping: Yes
[2025-03-24 14:23:53] Automatic shipment creation is disabled or status does not match. Auto create: Enabled, Current status: pending, Required status: processing
[2025-03-24 14:23:55] [SHIPPING] Započinjem kreiranje pošiljke za narudžbinu #776
[2025-03-24 14:23:55] [SHIPPING] Proveravam adresu za narudžbinu #776
[2025-03-24 14:23:55] Checking address: Array
(
    [RName] => Velemirov Ilija
    [RAddress] => Kikindska
    [RAddressNum] => 15
    [RTownID] => 802590
    [RCName] => Velemirov Ilija
    [RCPhone] => 381691995502
)

[2025-03-24 14:23:55] Address check response: TEST
[2025-03-24 14:23:55] [SHIPPING] Adresa validirana uspešno
[2025-03-24 14:23:55] [SHIPPING] Priprema podataka za narudžbinu #776
[2025-03-24 14:23:55] Using address type: shipping
[2025-03-24 14:23:55] Street: Kikindska, Number: 15, City ID: 802590
[2025-03-24 14:23:55] Payment method: cod, Is COD: Yes
[2025-03-24 14:23:55] Using BuyOut: 51800, Account: 170-0010364556000-77
[2025-03-24 14:23:55] Final BuyOut amount: 51800
[2025-03-24 14:23:55] Final BuyOutAccount: 170-0010364556000-77
[2025-03-24 14:23:55] Final RAddressNum: 15
[2025-03-24 14:23:55] Final RTownID: 802590
[2025-03-24 14:23:55] Final RCPhone: 381691995502
[2025-03-24 14:23:55] [SHIPPING] Šaljem zahtev ka D-Express API-ju
[2025-03-24 14:23:55] [SHIPPING] API odgovor primljen uspešno
[2025-03-24 14:23:55] [SHIPPING] API odgovor: TEST
[2025-03-24 14:23:55] [SHIPPING] Tracking broj: TT0000000070, Shipment ID: TT0000000070
[2025-03-24 14:23:55] [SHIPPING] Čuvanje pošiljke u bazu podataka
[2025-03-24 14:23:55] [SHIPPING] Pošiljka uspešno kreirana sa ID: 70
[2025-03-24 14:23:58] Checkout scripts loaded
[2025-03-24 14:29:15] Checkout scripts loaded
[2025-03-24 14:30:01] POST phone value: +381691995502
[2025-03-24 14:30:01] Order ID: 777
billing_street: Aerodrom Nikola Tesla
billing_street_id: 5136
billing_number: 12
billing_address_desc: Deda izlazi
billing_city: Surčin
billing_city_id: 703907
billing_postcode: 11271
billing_address_1: Aerodrom Nikola Tesla 12
shipping_street: Nikole Francuskog
shipping_street_id: 22508
shipping_number: 12
shipping_address_desc: iza coska, pa ispred cimnuti telefonom
shipping_city: Kikinda
shipping_city_id: 802158
shipping_postcode: 23300
shipping_address_1: Nikole Francuskog 12

[2025-03-24 14:30:01] Checkout order processed: 777
[2025-03-24 14:30:01] Has D Express shipping: Yes
[2025-03-24 14:30:01] Automatic shipment creation is disabled or status does not match. Auto create: Enabled, Current status: pending, Required status: processing
[2025-03-24 14:30:03] [SHIPPING] Započinjem kreiranje pošiljke za narudžbinu #777
[2025-03-24 14:30:03] [SHIPPING] Proveravam adresu za narudžbinu #777
[2025-03-24 14:30:03] Checking address: Array
(
    [RName] => Velemirov Verka
    [RAddress] => Nikole Francuskog
    [RAddressNum] => 12
    [RTownID] => 802158
    [RCName] => Velemirov Verka
    [RCPhone] => 381691995502
)

[2025-03-24 14:30:03] Address check response: TEST
[2025-03-24 14:30:03] [SHIPPING] Adresa validirana uspešno
[2025-03-24 14:30:03] [SHIPPING] Priprema podataka za narudžbinu #777
[2025-03-24 14:30:03] Using address type: shipping
[2025-03-24 14:30:03] Street: Nikole Francuskog, Number: 12, City ID: 802158
[2025-03-24 14:30:03] Payment method: cod, Is COD: Yes
[2025-03-24 14:30:03] Using BuyOut: 51800, Account: 170-0010364556000-77
[2025-03-24 14:30:03] Final BuyOut amount: 51800
[2025-03-24 14:30:03] Final BuyOutAccount: 170-0010364556000-77
[2025-03-24 14:30:03] Final RAddressNum: 12
[2025-03-24 14:30:03] Final RTownID: 802158
[2025-03-24 14:30:03] Final RCPhone: 381691995502
[2025-03-24 14:30:03] [SHIPPING] Šaljem zahtev ka D-Express API-ju
[2025-03-24 14:30:03] [SHIPPING] API odgovor primljen uspešno
[2025-03-24 14:30:03] [SHIPPING] API odgovor: TEST
[2025-03-24 14:30:03] [SHIPPING] Tracking broj: TT0000000071, Shipment ID: TT0000000071
[2025-03-24 14:30:03] [SHIPPING] Čuvanje pošiljke u bazu podataka
[2025-03-24 14:30:03] [SHIPPING] Pošiljka uspešno kreirana sa ID: 71
[2025-03-24 14:30:05] Checkout scripts loaded
