{"timestamp":"2025-08-22 10:29:55","context":"api","level":"info","message":"[API DEBUG] Inicijalna vrednost telefona iz WC: +381603995503"}
{"timestamp":"2025-08-22 10:29:55","context":"api","level":"info","message":"[API DEBUG] Koristi se sačuvani API format telefona: 381603995503"}
{"timestamp":"2025-08-22 10:29:55","context":"api","level":"info","message":"[PACKAGE DEBUG] custom_content: \"\", content: \"3x Accessories, Hoodies, Music\""}
{"timestamp":"2025-08-22 10:29:55","context":"api","level":"info","message":"[PACKAGE DEBUG] package_content: \"3x Accessories, Hoodies, Music\""}
{"timestamp":"2025-08-22 10:29:55","context":"api","level":"info","message":"[API DEBUG] Finalni RCPhone za API: 381603995503"}
{"timestamp":"2025-08-22 10:29:55","context":"api","level":"info","message":"[API VALIDATION] PackageList struktura validna. Paketi: 2"}
{"timestamp":"2025-08-22 10:29:55","context":"api","level":"info","message":"[PAYMENT] Vrednost dexpress_payment_type iz opcija: 2"}
[2025-08-22 10:29:55] [info] API Zahtev: https://usersupport.dexpress.rs/ExternalApi/data/addshipment
[2025-08-22 10:29:55] [info] Metod: POST
[2025-08-22 10:29:55] [info] Podaci za API:
{
    "CClientID": "UK16967",
    "CName": "Ilija Velemirov",
    "CAddress": "Cara Dusana",
    "CAddressNum": "106",
    "CTownID": 802824,
    "CCName": "Ilija Velemirov",
    "CCPhone": "381603995503",
    "PuClientID": "UK16967",
    "PuName": "S7 Code NS",
    "PuAddress": "Cara Dusana",
    "PuAddressNum": "106",
    "PuTownID": 802824,
    "PuCName": "Ilija Velemirov",
    "PuCPhone": "381603995503",
    "RName": "Ilija2 Velemirovic2",
    "RAddress": "Nikole Francuskog",
    "RAddressNum": "54",
    "RAddressDesc": "Stan 32",
    "RTownID": 802158,
    "RCName": "Ilija2 Velemirovic2",
    "RCPhone": "381603995503",
    "Note": "",
    "DlTypeID": 2,
    "PaymentBy": 0,
    "PaymentType": 2,
    "Value": 7800,
    "Content": "Accessories, Hoodies",
    "Mass": 5200,
    "ReferenceID": "1235",
    "ReturnDoc": 0,
    "BuyOut": 57800,
    "BuyOutFor": 0,
    "BuyOutAccount": "170-0010364556000-77",
    "SelfDropOff": 0,
    "PackageList": [
        {
            "Code": "TT0000000070",
            "ReferenceID": "1235_PKG_1",
            "Mass": 100,
            "Content": "Accessories",
            "DimX": null,
            "DimY": null,
            "DimZ": null,
            "VMass": null
        },
        {
            "Code": "TT0000000071",
            "ReferenceID": "1235_PKG_2",
            "Mass": 5100,
            "Content": "Hoodies",
            "DimX": null,
            "DimY": null,
            "DimZ": null,
            "VMass": null
        }
    ]
}
[2025-08-22 10:29:55] [info] --- SLANJE ZAHTEVA ---
[2025-08-22 10:29:55] [info] API Odgovor kod: 200
[2025-08-22 10:29:55] [info] API Odgovor:
"TEST"
[2025-08-22 10:29:55] [info] --- ZAVRŠEN ZAHTEV ---
{"timestamp":"2025-08-22 11:33:01","context":"api","level":"info","message":"[API DEBUG] Inicijalna vrednost telefona iz WC: +381603995503"}
{"timestamp":"2025-08-22 11:33:01","context":"api","level":"info","message":"[API DEBUG] Koristi se sačuvani API format telefona: 381603995503"}
{"timestamp":"2025-08-22 11:33:01","context":"api","level":"info","message":"[PACKAGE DEBUG] custom_content: \"\", content: \"2x Accessories, Music\""}
{"timestamp":"2025-08-22 11:33:01","context":"api","level":"info","message":"[PACKAGE DEBUG] package_content: \"2x Accessories, Music\""}
{"timestamp":"2025-08-22 11:33:01","context":"api","level":"info","message":"[API DEBUG] Finalni RCPhone za API: 381603995503"}
{"timestamp":"2025-08-22 11:33:01","context":"api","level":"info","message":"[API VALIDATION] PackageList struktura validna. Paketi: 2"}
{"timestamp":"2025-08-22 11:33:01","context":"api","level":"info","message":"[PAYMENT] Vrednost dexpress_payment_type iz opcija: 2"}
[2025-08-22 11:33:01] [info] API Zahtev: https://usersupport.dexpress.rs/ExternalApi/data/addshipment
[2025-08-22 11:33:01] [info] Metod: POST
[2025-08-22 11:33:01] [info] Podaci za API:
{
    "CClientID": "UK16967",
    "CName": "Ilija Velemirov",
    "CAddress": "Cara Dusana",
    "CAddressNum": "106",
    "CTownID": 802824,
    "CCName": "Ilija Velemirov",
    "CCPhone": "381603995503",
    "PuClientID": "UK16967",
    "PuName": "S7 Code NS",
    "PuAddress": "Cara Dusana",
    "PuAddressNum": "106",
    "PuTownID": 802824,
    "PuCName": "Ilija Velemirov",
    "PuCPhone": "381603995503",
    "RName": "Name LAstname",
    "RAddress": "Gagarinova",
    "RAddressNum": "54",
    "RAddressDesc": "Stan 32",
    "RTownID": 802824,
    "RCName": "Name LAstname",
    "RCPhone": "381603995503",
    "Note": "Additional information",
    "DlTypeID": 2,
    "PaymentBy": 0,
    "PaymentType": 2,
    "Value": 3300,
    "Content": "Accessories, Music",
    "Mass": 5100,
    "ReferenceID": "1252",
    "ReturnDoc": 0,
    "BuyOut": 53300,
    "BuyOutFor": 0,
    "BuyOutAccount": "170-0010364556000-77",
    "SelfDropOff": 0,
    "PackageList": [
        {
            "Code": "TT0000000072",
            "ReferenceID": "1252_PKG_1",
            "Mass": 100,
            "Content": "Accessories",
            "DimX": null,
            "DimY": null,
            "DimZ": null,
            "VMass": null
        },
        {
            "Code": "TT0000000073",
            "ReferenceID": "1252_PKG_2",
            "Mass": 5000,
            "Content": "Music",
            "DimX": null,
            "DimY": null,
            "DimZ": null,
            "VMass": null
        }
    ]
}
[2025-08-22 11:33:01] [info] --- SLANJE ZAHTEVA ---
[2025-08-22 11:33:01] [info] API Odgovor kod: 200
[2025-08-22 11:33:01] [info] API Odgovor:
"TEST"
[2025-08-22 11:33:01] [info] --- ZAVRŠEN ZAHTEV ---
{"timestamp":"2025-08-22 12:28:58","context":"api","level":"info","message":"[API DEBUG] Inicijalna vrednost telefona iz WC: +381603995503"}
{"timestamp":"2025-08-22 12:28:58","context":"api","level":"info","message":"[API DEBUG] Koristi se sačuvani API format telefona: 381603995503"}
{"timestamp":"2025-08-22 12:28:58","context":"api","level":"info","message":"[PACKAGE DEBUG] custom_content: \"\", content: \"2x Accessories\""}
{"timestamp":"2025-08-22 12:28:58","context":"api","level":"info","message":"[PACKAGE DEBUG] package_content: \"2x Accessories\""}
{"timestamp":"2025-08-22 12:28:58","context":"api","level":"info","message":"[API DEBUG] Finalni RCPhone za API: 381603995503"}
{"timestamp":"2025-08-22 12:28:58","context":"api","level":"info","message":"[API VALIDATION] PackageList struktura validna. Paketi: 2"}
{"timestamp":"2025-08-22 12:28:58","context":"api","level":"info","message":"[PAYMENT] Vrednost dexpress_payment_type iz opcija: 2"}
[2025-08-22 12:28:58] [info] API Zahtev: https://usersupport.dexpress.rs/ExternalApi/data/addshipment
[2025-08-22 12:28:58] [info] Metod: POST
[2025-08-22 12:28:58] [info] Podaci za API:
{
    "CClientID": "UK16967",
    "CName": "Ilija Velemirov",
    "CAddress": "Cara Dusana",
    "CAddressNum": "106",
    "CTownID": 802824,
    "CCName": "Ilija Velemirov",
    "CCPhone": "381603995503",
    "PuClientID": "UK16967",
    "PuName": "S7 Code NS",
    "PuAddress": "Cara Dusana",
    "PuAddressNum": "106",
    "PuTownID": 802824,
    "PuCName": "Ilija Velemirov",
    "PuCPhone": "381603995503",
    "RName": "Name LAstname",
    "RAddress": "Gagarinova",
    "RAddressNum": "54",
    "RAddressDesc": "Stan 32",
    "RTownID": 802824,
    "RCName": "Name LAstname",
    "RCPhone": "381603995503",
    "Note": "",
    "DlTypeID": 2,
    "PaymentBy": 0,
    "PaymentType": 2,
    "Value": 7300,
    "Content": "Accessories",
    "Mass": 2100,
    "ReferenceID": "1253",
    "ReturnDoc": 0,
    "BuyOut": 57300,
    "BuyOutFor": 0,
    "BuyOutAccount": "170-0010364556000-77",
    "SelfDropOff": 0,
    "PackageList": [
        {
            "Code": "TT0000000074",
            "ReferenceID": "1253_PKG_1",
            "Mass": 2000,
            "Content": "Accessories",
            "DimX": null,
            "DimY": null,
            "DimZ": null,
            "VMass": null
        },
        {
            "Code": "TT0000000075",
            "ReferenceID": "1253_PKG_2",
            "Mass": 100,
            "Content": "Accessories",
            "DimX": null,
            "DimY": null,
            "DimZ": null,
            "VMass": null
        }
    ]
}
[2025-08-22 12:28:58] [info] --- SLANJE ZAHTEVA ---
[2025-08-22 12:28:59] [info] API Odgovor kod: 200
[2025-08-22 12:28:59] [info] API Odgovor:
"TEST"
[2025-08-22 12:28:59] [info] --- ZAVRŠEN ZAHTEV ---
{"timestamp":"2025-08-22 12:45:13","context":"api","level":"info","message":"[API DEBUG] Inicijalna vrednost telefona iz WC: +381603995503"}
{"timestamp":"2025-08-22 12:45:13","context":"api","level":"info","message":"[API DEBUG] Koristi se sačuvani API format telefona: 381603995503"}
{"timestamp":"2025-08-22 12:45:13","context":"api","level":"info","message":"[PACKAGE DEBUG] custom_content: \"Accessories\", content: \"Accessories\""}
{"timestamp":"2025-08-22 12:45:13","context":"api","level":"info","message":"[PACKAGE DEBUG] package_content: \"Accessories\""}
{"timestamp":"2025-08-22 12:45:13","context":"api","level":"info","message":"[API DEBUG] Finalni RCPhone za API: 381603995503"}
{"timestamp":"2025-08-22 12:45:13","context":"api","level":"info","message":"[API VALIDATION] PackageList struktura validna. Paketi: 1"}
{"timestamp":"2025-08-22 12:45:13","context":"api","level":"info","message":"[PAYMENT] Vrednost dexpress_payment_type iz opcija: 2"}
[2025-08-22 12:45:13] [info] API Zahtev: https://usersupport.dexpress.rs/ExternalApi/data/addshipment
[2025-08-22 12:45:13] [info] Metod: POST
[2025-08-22 12:45:13] [info] Podaci za API:
{
    "CClientID": "UK16967",
    "CName": "Ilija Velemirov",
    "CAddress": "Cara Dusana",
    "CAddressNum": "106",
    "CTownID": 802824,
    "CCName": "Ilija Velemirov",
    "CCPhone": "381603995503",
    "PuClientID": "UK16967",
    "PuName": "S7 Code NS",
    "PuAddress": "Cara Dusana",
    "PuAddressNum": "106",
    "PuTownID": 802824,
    "PuCName": "Ilija Velemirov",
    "PuCPhone": "381603995503",
    "RName": "Name LAstname",
    "RAddress": "Gagarinova",
    "RAddressNum": "54",
    "RAddressDesc": "Stan 32",
    "RTownID": 802824,
    "RCName": "Name LAstname",
    "RCPhone": "381603995503",
    "Note": "",
    "DlTypeID": 2,
    "PaymentBy": 0,
    "PaymentType": 2,
    "Value": 1800,
    "Content": "Accessories",
    "Mass": 100,
    "ReferenceID": "1254",
    "ReturnDoc": 0,
    "BuyOut": 51800,
    "BuyOutFor": 0,
    "BuyOutAccount": "170-0010364556000-77",
    "SelfDropOff": 0,
    "PackageList": [
        {
            "Code": "TT0000000076",
            "ReferenceID": "1254_PKG_1",
            "Mass": 100,
            "Content": "Accessories",
            "DimX": null,
            "DimY": null,
            "DimZ": null,
            "VMass": null
        }
    ]
}
[2025-08-22 12:45:13] [info] --- SLANJE ZAHTEVA ---
[2025-08-22 12:45:13] [info] API Odgovor kod: 200
[2025-08-22 12:45:13] [info] API Odgovor:
"TEST"
[2025-08-22 12:45:13] [info] --- ZAVRŠEN ZAHTEV ---
{"timestamp":"2025-08-22 13:03:09","context":"api","level":"info","message":"[API DEBUG] Inicijalna vrednost telefona iz WC: +381603995503"}
{"timestamp":"2025-08-22 13:03:09","context":"api","level":"info","message":"[API DEBUG] Koristi se sačuvani API format telefona: 381603995503"}
{"timestamp":"2025-08-22 13:03:10","context":"api","level":"info","message":"[PACKAGE DEBUG] custom_content: \"\", content: \"2x Accessories, Music\""}
{"timestamp":"2025-08-22 13:03:10","context":"api","level":"info","message":"[PACKAGE DEBUG] package_content: \"2x Accessories, Music\""}
{"timestamp":"2025-08-22 13:03:10","context":"api","level":"info","message":"[API DEBUG] Finalni RCPhone za API: 381603995503"}
{"timestamp":"2025-08-22 13:03:10","context":"api","level":"info","message":"[API VALIDATION] PackageList struktura validna. Paketi: 2"}
{"timestamp":"2025-08-22 13:03:10","context":"api","level":"info","message":"[PAYMENT] Vrednost dexpress_payment_type iz opcija: 2"}
[2025-08-22 13:03:10] [info] API Zahtev: https://usersupport.dexpress.rs/ExternalApi/data/addshipment
[2025-08-22 13:03:10] [info] Metod: POST
[2025-08-22 13:03:10] [info] Podaci za API:
{
    "CClientID": "UK16967",
    "CName": "Ilija Velemirov",
    "CAddress": "Cara Dusana",
    "CAddressNum": "106",
    "CTownID": 802824,
    "CCName": "Ilija Velemirov",
    "CCPhone": "381603995503",
    "PuClientID": "UK16967",
    "PuName": "S7 Code NS",
    "PuAddress": "Cara Dusana",
    "PuAddressNum": "106",
    "PuTownID": 802824,
    "PuCName": "Ilija Velemirov",
    "PuCPhone": "381603995503",
    "RName": "Name LAstname",
    "RAddress": "Gagarinova",
    "RAddressNum": "54",
    "RAddressDesc": "Stan 32",
    "RTownID": 802824,
    "RCName": "Name LAstname",
    "RCPhone": "381603995503",
    "Note": "",
    "DlTypeID": 2,
    "PaymentBy": 0,
    "PaymentType": 2,
    "Value": 7000,
    "Content": "Accessories, Music",
    "Mass": 7000,
    "ReferenceID": "1255",
    "ReturnDoc": 0,
    "BuyOut": 57000,
    "BuyOutFor": 0,
    "BuyOutAccount": "170-0010364556000-77",
    "SelfDropOff": 0,
    "PackageList": [
        {
            "Code": "TT0000000077",
            "ReferenceID": "1255_PKG_1",
            "Mass": 2000,
            "Content": "Accessories",
            "DimX": null,
            "DimY": null,
            "DimZ": null,
            "VMass": null
        },
        {
            "Code": "TT0000000078",
            "ReferenceID": "1255_PKG_2",
            "Mass": 5000,
            "Content": "Music",
            "DimX": null,
            "DimY": null,
            "DimZ": null,
            "VMass": null
        }
    ]
}
[2025-08-22 13:03:10] [info] --- SLANJE ZAHTEVA ---
[2025-08-22 13:03:10] [info] API Odgovor kod: 200
[2025-08-22 13:03:10] [info] API Odgovor:
"TEST"
[2025-08-22 13:03:10] [info] --- ZAVRŠEN ZAHTEV ---
