{"timestamp":"2025-08-20 13:34:07","context":"api","level":"debug","message":"Ažuriranje shops napredak: 45\/45"}
{"timestamp":"2025-08-20 13:34:08","context":"api","level":"debug","message":"Ažuriranje locations napredak: 100\/321"}
{"timestamp":"2025-08-20 13:34:08","context":"api","level":"debug","message":"Ažuriranje locations napredak: 200\/321"}
{"timestamp":"2025-08-20 13:34:08","context":"api","level":"debug","message":"Ažuriranje locations napredak: 300\/321"}
{"timestamp":"2025-08-20 13:34:08","context":"api","level":"debug","message":"Ažuriranje locations napredak: 321\/321"}
{"timestamp":"2025-08-20 13:34:08","context":"api","level":"debug","message":"Ažuriranje dispensers napredak: 100\/250"}
{"timestamp":"2025-08-20 13:34:09","context":"api","level":"debug","message":"Ažuriranje dispensers napredak: 200\/250"}
{"timestamp":"2025-08-20 13:34:09","context":"api","level":"debug","message":"Ažuriranje dispensers napredak: 250\/250"}
{"timestamp":"2025-08-20 13:34:09","context":"api","level":"debug","message":"Ažuriranje centres napredak: 27\/27"}
{"timestamp":"2025-08-20 13:42:38","context":"api","level":"debug","message":"Using address type: shipping"}
{"timestamp":"2025-08-20 13:42:38","context":"api","level":"debug","message":"Street: Nikole Francuskog, Number: 54, City ID: 802158"}
{"timestamp":"2025-08-20 13:42:38","context":"api","level":"debug","message":"Payment method: cod, Is COD: Yes"}
{"timestamp":"2025-08-20 13:42:38","context":"api","level":"debug","message":"[BANK DEBUG] Original: 170-0010364556000-77, Digits: 170001036455600077, Length: 18"}
{"timestamp":"2025-08-20 13:42:38","context":"api","level":"debug","message":"[BANK DEBUG] Formatted (16-18): 170-0010364556000-77"}
{"timestamp":"2025-08-20 13:42:38","context":"api","level":"debug","message":"[COD DEBUG] Formatiran račun: 170-0010364556000-77"}
{"timestamp":"2025-08-20 13:42:38","context":"api","level":"debug","message":"[BANK DEBUG] Original: 170-0010364556000-77, Digits: 170001036455600077, Length: 18"}
{"timestamp":"2025-08-20 13:42:38","context":"api","level":"debug","message":"[BANK DEBUG] Formatted (16-18): 170-0010364556000-77"}
{"timestamp":"2025-08-20 13:42:38","context":"api","level":"debug","message":"[WEIGHT DEBUG] Item 606: custom=kg, product=nonekg, quantity=1, total=0.1kg"}
{"timestamp":"2025-08-20 13:42:38","context":"api","level":"debug","message":"[WEIGHT DEBUG] Item 607: custom=kg, product=nonekg, quantity=1, total=0.1kg"}
{"timestamp":"2025-08-20 13:42:38","context":"api","level":"debug","message":"[WEIGHT DEBUG] Item 608: custom=kg, product=5kg, quantity=1, total=5kg"}
{"timestamp":"2025-08-20 13:42:38","context":"api","level":"debug","message":"[WEIGHT DEBUG] Finalna težina: 5.2kg = 5200g"}
{"timestamp":"2025-08-20 13:42:38","context":"api","level":"debug","message":"[WEIGHT DEBUG] Težina iz calculate_order_weight: 5200 grama"}
{"timestamp":"2025-08-20 13:42:38","context":"api","level":"debug","message":"[WEIGHT DEBUG] Težina nakon formatiranja za API: 5200 grama"}
{"timestamp":"2025-08-20 13:42:38","context":"api","level":"debug","message":"Final BuyOut amount: 57800"}
{"timestamp":"2025-08-20 13:42:38","context":"api","level":"debug","message":"Final BuyOutAccount: 170-0010364556000-77"}
{"timestamp":"2025-08-20 13:42:38","context":"api","level":"debug","message":"Final RAddressNum: 54"}
{"timestamp":"2025-08-20 13:42:38","context":"api","level":"debug","message":"Final RTownID: 802158"}
{"timestamp":"2025-08-20 13:42:38","context":"api","level":"debug","message":"Final RCPhone: 381603995503"}
{"timestamp":"2025-08-20 14:15:40","context":"api","level":"debug","message":"Using address type: shipping"}
{"timestamp":"2025-08-20 14:15:40","context":"api","level":"debug","message":"Street: Nikole Francuskog, Number: 54, City ID: 802158"}
{"timestamp":"2025-08-20 14:15:40","context":"api","level":"debug","message":"Payment method: cod, Is COD: Yes"}
{"timestamp":"2025-08-20 14:15:40","context":"api","level":"debug","message":"[BANK DEBUG] Original: 170-0010364556000-77, Digits: 170001036455600077, Length: 18"}
{"timestamp":"2025-08-20 14:15:40","context":"api","level":"debug","message":"[BANK DEBUG] Formatted (16-18): 170-0010364556000-77"}
{"timestamp":"2025-08-20 14:15:40","context":"api","level":"debug","message":"[COD DEBUG] Formatiran račun: 170-0010364556000-77"}
{"timestamp":"2025-08-20 14:15:40","context":"api","level":"debug","message":"[BANK DEBUG] Original: 170-0010364556000-77, Digits: 170001036455600077, Length: 18"}
{"timestamp":"2025-08-20 14:15:40","context":"api","level":"debug","message":"[BANK DEBUG] Formatted (16-18): 170-0010364556000-77"}
{"timestamp":"2025-08-20 14:15:40","context":"api","level":"debug","message":"[WEIGHT DEBUG] Item 606: custom=kg, product=nonekg, quantity=1, total=0.1kg"}
{"timestamp":"2025-08-20 14:15:40","context":"api","level":"debug","message":"[WEIGHT DEBUG] Item 607: custom=kg, product=nonekg, quantity=1, total=0.1kg"}
{"timestamp":"2025-08-20 14:15:40","context":"api","level":"debug","message":"[WEIGHT DEBUG] Item 608: custom=kg, product=5kg, quantity=1, total=5kg"}
{"timestamp":"2025-08-20 14:15:40","context":"api","level":"debug","message":"[WEIGHT DEBUG] Finalna težina: 5.2kg = 5200g"}
{"timestamp":"2025-08-20 14:15:40","context":"api","level":"debug","message":"[WEIGHT DEBUG] Težina iz calculate_order_weight: 5200 grama"}
{"timestamp":"2025-08-20 14:15:40","context":"api","level":"debug","message":"[WEIGHT DEBUG] Težina nakon formatiranja za API: 5200 grama"}
{"timestamp":"2025-08-20 14:15:40","context":"api","level":"debug","message":"Final BuyOut amount: 57800"}
{"timestamp":"2025-08-20 14:15:40","context":"api","level":"debug","message":"Final BuyOutAccount: 170-0010364556000-77"}
{"timestamp":"2025-08-20 14:15:40","context":"api","level":"debug","message":"Final RAddressNum: 54"}
{"timestamp":"2025-08-20 14:15:40","context":"api","level":"debug","message":"Final RTownID: 802158"}
{"timestamp":"2025-08-20 14:15:40","context":"api","level":"debug","message":"Final RCPhone: 381603995503"}
{"timestamp":"2025-08-20 14:25:09","context":"api","level":"debug","message":"Using address type: shipping"}
{"timestamp":"2025-08-20 14:25:09","context":"api","level":"debug","message":"Street: Nikole Francuskog, Number: 54, City ID: 802158"}
{"timestamp":"2025-08-20 14:25:09","context":"api","level":"debug","message":"Payment method: cod, Is COD: Yes"}
{"timestamp":"2025-08-20 14:25:09","context":"api","level":"debug","message":"[BANK DEBUG] Original: 170-0010364556000-77, Digits: 170001036455600077, Length: 18"}
{"timestamp":"2025-08-20 14:25:09","context":"api","level":"debug","message":"[BANK DEBUG] Formatted (16-18): 170-0010364556000-77"}
{"timestamp":"2025-08-20 14:25:09","context":"api","level":"debug","message":"[COD DEBUG] Formatiran račun: 170-0010364556000-77"}
{"timestamp":"2025-08-20 14:25:09","context":"api","level":"debug","message":"[BANK DEBUG] Original: 170-0010364556000-77, Digits: 170001036455600077, Length: 18"}
{"timestamp":"2025-08-20 14:25:09","context":"api","level":"debug","message":"[BANK DEBUG] Formatted (16-18): 170-0010364556000-77"}
{"timestamp":"2025-08-20 14:25:09","context":"api","level":"debug","message":"[WEIGHT DEBUG] Item 606: custom=kg, product=nonekg, quantity=1, total=0.1kg"}
{"timestamp":"2025-08-20 14:25:09","context":"api","level":"debug","message":"[WEIGHT DEBUG] Item 607: custom=kg, product=nonekg, quantity=1, total=0.1kg"}
{"timestamp":"2025-08-20 14:25:09","context":"api","level":"debug","message":"[WEIGHT DEBUG] Item 608: custom=kg, product=5kg, quantity=1, total=5kg"}
{"timestamp":"2025-08-20 14:25:09","context":"api","level":"debug","message":"[WEIGHT DEBUG] Finalna težina: 5.2kg = 5200g"}
{"timestamp":"2025-08-20 14:25:09","context":"api","level":"debug","message":"[WEIGHT DEBUG] Težina iz calculate_order_weight: 5200 grama"}
{"timestamp":"2025-08-20 14:25:09","context":"api","level":"debug","message":"[WEIGHT DEBUG] Težina nakon formatiranja za API: 5200 grama"}
{"timestamp":"2025-08-20 14:25:09","context":"api","level":"debug","message":"Final BuyOut amount: 57800"}
{"timestamp":"2025-08-20 14:25:09","context":"api","level":"debug","message":"Final BuyOutAccount: 170-0010364556000-77"}
{"timestamp":"2025-08-20 14:25:09","context":"api","level":"debug","message":"Final RAddressNum: 54"}
{"timestamp":"2025-08-20 14:25:09","context":"api","level":"debug","message":"Final RTownID: 802158"}
{"timestamp":"2025-08-20 14:25:09","context":"api","level":"debug","message":"Final RCPhone: 381603995503"}
