{"timestamp":"2025-08-18 11:50:55","context":"api","level":"info","message":"[API DEBUG] Inicijalna vrednost telefona iz WC: +381603995503"}
{"timestamp":"2025-08-18 11:50:55","context":"api","level":"info","message":"[API DEBUG] Koristi se sačuvani API format telefona: 381603995503"}
{"timestamp":"2025-08-18 11:50:55","context":"api","level":"info","message":"[PACKAGE CODE] Generisan kod:  za order #1212"}
{"timestamp":"2025-08-18 11:50:55","context":"api","level":"info","message":"[API DEBUG] Finalni RCPhone za API: 381603995503"}
{"timestamp":"2025-08-18 11:50:56","context":"api","level":"info","message":"[API VALIDATION] PackageList struktura validna. Paketi: 1"}
{"timestamp":"2025-08-18 11:50:56","context":"api","level":"info","message":"[PAYMENT] Vrednost dexpress_payment_type iz opcija: 2"}
[2025-08-18 11:50:56] [info] API Zahtev: https://usersupport.dexpress.rs/ExternalApi/data/addshipment
[2025-08-18 11:50:56] [info] Metod: POST
[2025-08-18 11:50:56] [info] Podaci za API:
{
    "CClientID": "UK16967",
    "CName": "Ilija Velemirov",
    "CAddress": "Bulevar Cara Lazara",
    "CAddressNum": "106",
    "CTownID": 802824,
    "CCName": "Ilija Velemirov",
    "CCPhone": "381603995503",
    "PuClientID": "UK16967",
    "PuName": "s7Code DOO",
    "PuAddress": "Bulevar Cara Lazara",
    "PuAddressNum": "106",
    "PuTownID": 802824,
    "PuCName": "Ilija Velemirov",
    "PuCPhone": "381603995503",
    "RName": "Ilija Velemirovic",
    "RAddress": "Gagarinova",
    "RAddressNum": "10",
    "RAddressDesc": "stan 32",
    "RTownID": 802824,
    "RCName": "Ilija Velemirovic",
    "RCPhone": "381603995503",
    "Note": "",
    "DlTypeID": 2,
    "PaymentBy": 1,
    "PaymentType": 2,
    "Value": 1495,
    "Content": "1x Phone Case Canvas",
    "Mass": 500,
    "ReferenceID": "1212-L1",
    "ReturnDoc": 0,
    "BuyOut": 51495,
    "BuyOutFor": 0,
    "BuyOutAccount": "170-0010364556000-77",
    "SelfDropOff": 0,
    "PackageList": [
        {
            "Code": "TT0000000002",
            "Mass": 500,
            "DimX": null,
            "DimY": null,
            "DimZ": null,
            "VMass": null,
            "ReferenceID": null
        }
    ]
}
[2025-08-18 11:50:56] [info] --- SLANJE ZAHTEVA ---
[2025-08-18 11:50:56] [info] API Odgovor kod: 200
[2025-08-18 11:50:56] [info] API Odgovor:
"TEST"
[2025-08-18 11:50:56] [info] --- ZAVRŠEN ZAHTEV ---
{"timestamp":"2025-08-18 11:50:57","context":"api","level":"info","message":"[API DEBUG] Inicijalna vrednost telefona iz WC: +381603995503"}
{"timestamp":"2025-08-18 11:50:57","context":"api","level":"info","message":"[API DEBUG] Koristi se sačuvani API format telefona: 381603995503"}
{"timestamp":"2025-08-18 11:50:57","context":"api","level":"info","message":"[PACKAGE CODE] Generisan kod:  za order #1212"}
{"timestamp":"2025-08-18 11:50:57","context":"api","level":"info","message":"[API DEBUG] Finalni RCPhone za API: 381603995503"}
{"timestamp":"2025-08-18 11:50:57","context":"api","level":"info","message":"[API VALIDATION] PackageList struktura validna. Paketi: 1"}
{"timestamp":"2025-08-18 11:50:57","context":"api","level":"info","message":"[PAYMENT] Vrednost dexpress_payment_type iz opcija: 2"}
[2025-08-18 11:50:57] [info] API Zahtev: https://usersupport.dexpress.rs/ExternalApi/data/addshipment
[2025-08-18 11:50:57] [info] Metod: POST
[2025-08-18 11:50:57] [info] Podaci za API:
{
    "CClientID": "UK16967",
    "CName": "Ilija Velemirov",
    "CAddress": "Knez Mihajlova",
    "CAddressNum": "102/1",
    "CTownID": 802786,
    "CCName": "Ilija Velemirov",
    "CCPhone": "381603995501",
    "PuClientID": "UK16967",
    "PuName": "s7Code BG DOO",
    "PuAddress": "Knez Mihajlova",
    "PuAddressNum": "102/1",
    "PuTownID": 802786,
    "PuCName": "Ilija Velemirov",
    "PuCPhone": "381603995501",
    "RName": "Ilija Velemirovic",
    "RAddress": "Gagarinova",
    "RAddressNum": "10",
    "RAddressDesc": "stan 32",
    "RTownID": 802824,
    "RCName": "Ilija Velemirovic",
    "RCPhone": "381603995503",
    "Note": "",
    "DlTypeID": 2,
    "PaymentBy": 1,
    "PaymentType": 2,
    "Value": 1495,
    "Content": "1x Mug BHeart",
    "Mass": 500,
    "ReferenceID": "1212-L14",
    "ReturnDoc": 0,
    "BuyOut": 51495,
    "BuyOutFor": 0,
    "BuyOutAccount": "170-0010364556000-77",
    "SelfDropOff": 0,
    "PackageList": [
        {
            "Code": "TT0000000003",
            "Mass": 500,
            "DimX": null,
            "DimY": null,
            "DimZ": null,
            "VMass": null,
            "ReferenceID": null
        }
    ]
}
[2025-08-18 11:50:57] [info] --- SLANJE ZAHTEVA ---
[2025-08-18 11:50:57] [info] API Odgovor kod: 200
[2025-08-18 11:50:57] [info] API Odgovor:
"TEST"
[2025-08-18 11:50:57] [info] --- ZAVRŠEN ZAHTEV ---
{"timestamp":"2025-08-18 11:51:54","context":"api","level":"info","message":"[API DEBUG] Inicijalna vrednost telefona iz WC: +381603995503"}
{"timestamp":"2025-08-18 11:51:54","context":"api","level":"info","message":"[API DEBUG] Koristi se sačuvani API format telefona: 381603995503"}
{"timestamp":"2025-08-18 11:51:54","context":"api","level":"info","message":"[PACKAGE CODE] Generisan kod:  za order #1213"}
{"timestamp":"2025-08-18 11:51:54","context":"api","level":"info","message":"[API DEBUG] Finalni RCPhone za API: 381603995503"}
{"timestamp":"2025-08-18 11:51:54","context":"api","level":"info","message":"[API VALIDATION] PackageList struktura validna. Paketi: 2"}
{"timestamp":"2025-08-18 11:51:54","context":"api","level":"info","message":"[PAYMENT] Vrednost dexpress_payment_type iz opcija: 2"}
[2025-08-18 11:51:54] [info] API Zahtev: https://usersupport.dexpress.rs/ExternalApi/data/addshipment
[2025-08-18 11:51:54] [info] Metod: POST
[2025-08-18 11:51:54] [info] Podaci za API:
{
    "CClientID": "UK16967",
    "CName": "Ilija Velemirov",
    "CAddress": "Bulevar Cara Lazara",
    "CAddressNum": "106",
    "CTownID": 802824,
    "CCName": "Ilija Velemirov",
    "CCPhone": "381603995503",
    "PuClientID": "UK16967",
    "PuName": "s7Code DOO",
    "PuAddress": "Bulevar Cara Lazara",
    "PuAddressNum": "106",
    "PuTownID": 802824,
    "PuCName": "Ilija Velemirov",
    "PuCPhone": "381603995503",
    "RName": "Ilija2 Velemirovic2",
    "RAddress": "Nikole Francuskog",
    "RAddressNum": "54",
    "RAddressDesc": "",
    "RTownID": 802158,
    "RCName": "Ilija2 Velemirovic2",
    "RCPhone": "381603995503",
    "Note": "",
    "DlTypeID": 2,
    "PaymentBy": 1,
    "PaymentType": 2,
    "Value": 1200,
    "Content": "1x T-Shirt One, 1x T-Shirt One",
    "Mass": 1000,
    "ReferenceID": "1213",
    "ReturnDoc": 0,
    "BuyOut": 51200,
    "BuyOutFor": 0,
    "BuyOutAccount": "170-0010364556000-77",
    "SelfDropOff": 0,
    "PackageList": [
        {
            "Code": "TT0000000004",
            "Mass": 500,
            "DimX": null,
            "DimY": null,
            "DimZ": null,
            "VMass": null,
            "ReferenceID": null
        },
        {
            "Code": "TT0000000005",
            "Mass": 500,
            "DimX": null,
            "DimY": null,
            "DimZ": null,
            "VMass": null,
            "ReferenceID": null
        }
    ]
}
[2025-08-18 11:51:54] [info] --- SLANJE ZAHTEVA ---
[2025-08-18 11:51:54] [info] API Odgovor kod: 200
[2025-08-18 11:51:54] [info] API Odgovor:
"TEST"
[2025-08-18 11:51:54] [info] --- ZAVRŠEN ZAHTEV ---
